#
# There is insufficient memory for the Java Runtime Environment to continue.
# Native memory allocation (mmap) failed to map 65536 bytes for Failed to commit metaspace.
# Possible reasons:
#   The system is out of physical RAM or swap space
#   The process is running with CompressedOops enabled, and the Java Heap may be blocking the growth of the native heap
# Possible solutions:
#   Reduce memory load on the system
#   Increase physical memory or swap space
#   Check if swap backing store is full
#   Decrease Java heap size (-Xmx/-Xms)
#   Decrease number of Java threads
#   Decrease Java thread stack sizes (-Xss)
#   Set larger code cache with -XX:ReservedCodeCacheSize=
#   JVM is running with Zero Based Compressed Oops mode in which the Java heap is
#     placed in the first 32GB address space. The Java Heap base address is the
#     maximum limit for the native heap growth. Please use -XX:HeapBaseMinAddress
#     to set the Java Heap base and to place the Java Heap above 32GB virtual address.
# This output file may be truncated or incomplete.
#
#  Out of Memory Error (virtualSpaceNode.cpp:112), pid=21396, tid=1048
#
# JRE version: Java(TM) SE Runtime Environment (21.0.2+13) (build 21.0.2+13-LTS-58)
# Java VM: Java HotSpot(TM) 64-Bit Server VM (21.0.2+13-LTS-58, mixed mode, sharing, tiered, compressed oops, compressed class ptrs, g1 gc, windows-amd64)
# No core dump will be written. Minidumps are not enabled by default on client versions of Windows
#

---------------  S U M M A R Y ------------

Command Line: -ea -Dfile.encoding=UTF-8 -Dstdout.encoding=UTF-8 -Dstderr.encoding=UTF-8 -XX:+ShowCodeDetailsInExceptionMessages org.testng.remote.RemoteTestNG -serport 50690 -protocol json -d C:\Users\shank\eclipse-workspace\MobileApplicationTest\test-output C:\Users\shank\AppData\Local\Temp\testng-eclipse--1495034175\testng-customsuite.xml

Host: 13th Gen Intel(R) Core(TM) i5-1335U, 12 cores, 15G,  Windows 11 , 64 bit Build 22621 (10.0.22621.3374)
Time: Sun May 12 16:27:21 2024 India Standard Time elapsed time: 0.425706 seconds (0d 0h 0m 0s)

---------------  T H R E A D  ---------------

Current thread (0x000001f01e76bd70):  JavaThread "C1 CompilerThread0" daemon [_thread_in_vm, id=1048, stack(0x000000d4ca800000,0x000000d4ca900000) (1024K)]


Current CompileTask:
C1:    425  687       3       java.lang.invoke.MethodHandles$Lookup::checkAccess (200 bytes)

Stack: [0x000000d4ca800000,0x000000d4ca900000]
Native frames: (J=compiled Java code, j=interpreted, Vv=VM code, C=native code)
V  [jvm.dll+0x6cade9]
V  [jvm.dll+0x8569c1]
V  [jvm.dll+0x858d2e]
V  [jvm.dll+0x859413]
V  [jvm.dll+0x280e56]
V  [jvm.dll+0x8526ee]
V  [jvm.dll+0x66e705]
V  [jvm.dll+0x66e76a]
V  [jvm.dll+0x670f96]
V  [jvm.dll+0x670e62]
V  [jvm.dll+0x66f0de]
V  [jvm.dll+0x68038a]
V  [jvm.dll+0x679622]
V  [jvm.dll+0x1f44e0]
V  [jvm.dll+0x1f46c8]
V  [jvm.dll+0x166a66]
V  [jvm.dll+0x1668b6]
V  [jvm.dll+0x15e3d8]
V  [jvm.dll+0x16064d]
V  [jvm.dll+0x15ec75]
V  [jvm.dll+0x1589ce]
V  [jvm.dll+0x168576]
V  [jvm.dll+0x153e00]
V  [jvm.dll+0x154183]
V  [jvm.dll+0x154444]
V  [jvm.dll+0x153886]
V  [jvm.dll+0x1555ed]
V  [jvm.dll+0x258859]
V  [jvm.dll+0x256e3a]
V  [jvm.dll+0x3ef6c6]
V  [jvm.dll+0x7ff568]
V  [jvm.dll+0x6c953d]
C  [ucrtbase.dll+0x29333]
C  [KERNEL32.DLL+0x1257d]
C  [ntdll.dll+0x5aa48]


---------------  P R O C E S S  ---------------

Threads class SMR info:
_java_thread_list=0x000001f06415a150, length=13, elements={
0x000001f07f0c5240, 0x000001f01dc56930, 0x000001f01dc57a00, 0x000001f01dc59be0,
0x000001f01dc5a970, 0x000001f01dc5d960, 0x000001f01dc5e640, 0x000001f01e7497c0,
0x000001f01e76bd70, 0x000001f01e8e24e0, 0x000001f01e8e3120, 0x000001f01e977900,
0x000001f06415c260
}

Java Threads: ( => current thread )
  0x000001f07f0c5240 JavaThread "main"                              [_thread_in_vm, id=18580, stack(0x000000d4c9900000,0x000000d4c9a00000) (1024K)]
  0x000001f01dc56930 JavaThread "Reference Handler"          daemon [_thread_blocked, id=13288, stack(0x000000d4ca100000,0x000000d4ca200000) (1024K)]
  0x000001f01dc57a00 JavaThread "Finalizer"                  daemon [_thread_blocked, id=19184, stack(0x000000d4ca200000,0x000000d4ca300000) (1024K)]
  0x000001f01dc59be0 JavaThread "Signal Dispatcher"          daemon [_thread_blocked, id=17736, stack(0x000000d4ca300000,0x000000d4ca400000) (1024K)]
  0x000001f01dc5a970 JavaThread "Attach Listener"            daemon [_thread_blocked, id=14084, stack(0x000000d4ca400000,0x000000d4ca500000) (1024K)]
  0x000001f01dc5d960 JavaThread "Service Thread"             daemon [_thread_blocked, id=21104, stack(0x000000d4ca500000,0x000000d4ca600000) (1024K)]
  0x000001f01dc5e640 JavaThread "Monitor Deflation Thread"   daemon [_thread_blocked, id=14304, stack(0x000000d4ca600000,0x000000d4ca700000) (1024K)]
  0x000001f01e7497c0 JavaThread "C2 CompilerThread0"         daemon [_thread_blocked, id=13572, stack(0x000000d4ca700000,0x000000d4ca800000) (1024K)]
=>0x000001f01e76bd70 JavaThread "C1 CompilerThread0"         daemon [_thread_in_vm, id=1048, stack(0x000000d4ca800000,0x000000d4ca900000) (1024K)]
  0x000001f01e8e24e0 JavaThread "Notification Thread"        daemon [_thread_blocked, id=7584, stack(0x000000d4ca900000,0x000000d4caa00000) (1024K)]
  0x000001f01e8e3120 JavaThread "Common-Cleaner"             daemon [_thread_blocked, id=16084, stack(0x000000d4caa00000,0x000000d4cab00000) (1024K)]
  0x000001f01e977900 JavaThread "C2 CompilerThread1"         daemon [_thread_blocked, id=20704, stack(0x000000d4cab00000,0x000000d4cac00000) (1024K)]
  0x000001f06415c260 JavaThread "ReaderThread"                      [_thread_in_native, id=10544, stack(0x000000d4cad00000,0x000000d4cae00000) (1024K)]
Total: 13

Other Threads:
  0x000001f01dc37a80 VMThread "VM Thread"                           [id=3064, stack(0x000000d4ca000000,0x000000d4ca100000) (1024K)]
  0x000001f01dc1ff30 WatcherThread "VM Periodic Task Thread"        [id=10636, stack(0x000000d4c9f00000,0x000000d4ca000000) (1024K)]
  0x000001f07f125850 WorkerThread "GC Thread#0"                     [id=21200, stack(0x000000d4c9a00000,0x000000d4c9b00000) (1024K)]
  0x000001f07f1747b0 ConcurrentGCThread "G1 Main Marker"            [id=1332, stack(0x000000d4c9b00000,0x000000d4c9c00000) (1024K)]
  0x000001f07f1752b0 WorkerThread "G1 Conc#0"                       [id=1844, stack(0x000000d4c9c00000,0x000000d4c9d00000) (1024K)]
  0x000001f01daf48b0 ConcurrentGCThread "G1 Refine#0"               [id=11512, stack(0x000000d4c9d00000,0x000000d4c9e00000) (1024K)]
  0x000001f01daf5420 ConcurrentGCThread "G1 Service"                [id=8884, stack(0x000000d4c9e00000,0x000000d4c9f00000) (1024K)]
Total: 7

Threads with active compile tasks:
C1 CompilerThread0      455  687       3       java.lang.invoke.MethodHandles$Lookup::checkAccess (200 bytes)
Total: 1

VM state: not at safepoint (normal execution)

VM Mutex/Monitor currently owned by a thread:  ([mutex/lock_event])
[0x00007ff856b1ace8] Metaspace_lock - owner thread: 0x000001f01e76bd70

Heap address: 0x0000000704800000, size: 4024 MB, Compressed Oops mode: Zero based, Oop shift amount: 3

CDS archive(s) mapped at: [0x000001f01f000000-0x000001f01fc90000-0x000001f01fc90000), size 13172736, SharedBaseAddress: 0x000001f01f000000, ArchiveRelocationMode: 1.
Compressed class space mapped at: 0x000001f020000000-0x000001f060000000, reserved size: 1073741824
Narrow klass base: 0x000001f01f000000, Narrow klass shift: 0, Narrow klass range: 0x100000000

GC Precious Log:
 CardTable entry size: 512
 Card Set container configuration: InlinePtr #cards 4 size 8 Array Of Cards #cards 16 size 48 Howl #buckets 8 coarsen threshold 3686 Howl Bitmap #cards 512 size 80 coarsen threshold 460 Card regions per heap region 1 cards per card region 4096
 CPUs: 12 total, 12 available
 Memory: 16095M
 Large Page Support: Disabled
 NUMA Support: Disabled
 Compressed Oops: Enabled (Zero based)
 Heap Region Size: 2M
 Heap Min Capacity: 8M
 Heap Initial Capacity: 252M
 Heap Max Capacity: 4024M
 Pre-touch: Disabled
 Parallel Workers: 10
 Concurrent Workers: 3
 Concurrent Refinement Workers: 10
 Periodic GC: Disabled

Heap:
 garbage-first heap   total 258048K, used 8192K [0x0000000704800000, 0x0000000800000000)
  region size 2048K, 5 young (10240K), 0 survivors (0K)
 Metaspace       used 3539K, committed 3648K, reserved 1114112K
  class space    used 366K, committed 448K, reserved 1048576K

Heap Regions: E=young(eden), S=young(survivor), O=old, HS=humongous(starts), HC=humongous(continues), CS=collection set, F=free, TAMS=top-at-mark-start, PB=parsable bottom
|   0|0x0000000704800000, 0x0000000704800000, 0x0000000704a00000|  0%| F|  |TAMS 0x0000000704800000| PB 0x0000000704800000| Untracked 
|   1|0x0000000704a00000, 0x0000000704a00000, 0x0000000704c00000|  0%| F|  |TAMS 0x0000000704a00000| PB 0x0000000704a00000| Untracked 
|   2|0x0000000704c00000, 0x0000000704c00000, 0x0000000704e00000|  0%| F|  |TAMS 0x0000000704c00000| PB 0x0000000704c00000| Untracked 
|   3|0x0000000704e00000, 0x0000000704e00000, 0x0000000705000000|  0%| F|  |TAMS 0x0000000704e00000| PB 0x0000000704e00000| Untracked 
|   4|0x0000000705000000, 0x0000000705000000, 0x0000000705200000|  0%| F|  |TAMS 0x0000000705000000| PB 0x0000000705000000| Untracked 
|   5|0x0000000705200000, 0x0000000705200000, 0x0000000705400000|  0%| F|  |TAMS 0x0000000705200000| PB 0x0000000705200000| Untracked 
|   6|0x0000000705400000, 0x0000000705400000, 0x0000000705600000|  0%| F|  |TAMS 0x0000000705400000| PB 0x0000000705400000| Untracked 
|   7|0x0000000705600000, 0x0000000705600000, 0x0000000705800000|  0%| F|  |TAMS 0x0000000705600000| PB 0x0000000705600000| Untracked 
|   8|0x0000000705800000, 0x0000000705800000, 0x0000000705a00000|  0%| F|  |TAMS 0x0000000705800000| PB 0x0000000705800000| Untracked 
|   9|0x0000000705a00000, 0x0000000705a00000, 0x0000000705c00000|  0%| F|  |TAMS 0x0000000705a00000| PB 0x0000000705a00000| Untracked 
|  10|0x0000000705c00000, 0x0000000705c00000, 0x0000000705e00000|  0%| F|  |TAMS 0x0000000705c00000| PB 0x0000000705c00000| Untracked 
|  11|0x0000000705e00000, 0x0000000705e00000, 0x0000000706000000|  0%| F|  |TAMS 0x0000000705e00000| PB 0x0000000705e00000| Untracked 
|  12|0x0000000706000000, 0x0000000706000000, 0x0000000706200000|  0%| F|  |TAMS 0x0000000706000000| PB 0x0000000706000000| Untracked 
|  13|0x0000000706200000, 0x0000000706200000, 0x0000000706400000|  0%| F|  |TAMS 0x0000000706200000| PB 0x0000000706200000| Untracked 
|  14|0x0000000706400000, 0x0000000706400000, 0x0000000706600000|  0%| F|  |TAMS 0x0000000706400000| PB 0x0000000706400000| Untracked 
|  15|0x0000000706600000, 0x0000000706600000, 0x0000000706800000|  0%| F|  |TAMS 0x0000000706600000| PB 0x0000000706600000| Untracked 
|  16|0x0000000706800000, 0x0000000706800000, 0x0000000706a00000|  0%| F|  |TAMS 0x0000000706800000| PB 0x0000000706800000| Untracked 
|  17|0x0000000706a00000, 0x0000000706a00000, 0x0000000706c00000|  0%| F|  |TAMS 0x0000000706a00000| PB 0x0000000706a00000| Untracked 
|  18|0x0000000706c00000, 0x0000000706c00000, 0x0000000706e00000|  0%| F|  |TAMS 0x0000000706c00000| PB 0x0000000706c00000| Untracked 
|  19|0x0000000706e00000, 0x0000000706e00000, 0x0000000707000000|  0%| F|  |TAMS 0x0000000706e00000| PB 0x0000000706e00000| Untracked 
|  20|0x0000000707000000, 0x0000000707000000, 0x0000000707200000|  0%| F|  |TAMS 0x0000000707000000| PB 0x0000000707000000| Untracked 
|  21|0x0000000707200000, 0x0000000707200000, 0x0000000707400000|  0%| F|  |TAMS 0x0000000707200000| PB 0x0000000707200000| Untracked 
|  22|0x0000000707400000, 0x0000000707400000, 0x0000000707600000|  0%| F|  |TAMS 0x0000000707400000| PB 0x0000000707400000| Untracked 
|  23|0x0000000707600000, 0x0000000707600000, 0x0000000707800000|  0%| F|  |TAMS 0x0000000707600000| PB 0x0000000707600000| Untracked 
|  24|0x0000000707800000, 0x0000000707800000, 0x0000000707a00000|  0%| F|  |TAMS 0x0000000707800000| PB 0x0000000707800000| Untracked 
|  25|0x0000000707a00000, 0x0000000707a00000, 0x0000000707c00000|  0%| F|  |TAMS 0x0000000707a00000| PB 0x0000000707a00000| Untracked 
|  26|0x0000000707c00000, 0x0000000707c00000, 0x0000000707e00000|  0%| F|  |TAMS 0x0000000707c00000| PB 0x0000000707c00000| Untracked 
|  27|0x0000000707e00000, 0x0000000707e00000, 0x0000000708000000|  0%| F|  |TAMS 0x0000000707e00000| PB 0x0000000707e00000| Untracked 
|  28|0x0000000708000000, 0x0000000708000000, 0x0000000708200000|  0%| F|  |TAMS 0x0000000708000000| PB 0x0000000708000000| Untracked 
|  29|0x0000000708200000, 0x0000000708200000, 0x0000000708400000|  0%| F|  |TAMS 0x0000000708200000| PB 0x0000000708200000| Untracked 
|  30|0x0000000708400000, 0x0000000708400000, 0x0000000708600000|  0%| F|  |TAMS 0x0000000708400000| PB 0x0000000708400000| Untracked 
|  31|0x0000000708600000, 0x0000000708600000, 0x0000000708800000|  0%| F|  |TAMS 0x0000000708600000| PB 0x0000000708600000| Untracked 
|  32|0x0000000708800000, 0x0000000708800000, 0x0000000708a00000|  0%| F|  |TAMS 0x0000000708800000| PB 0x0000000708800000| Untracked 
|  33|0x0000000708a00000, 0x0000000708a00000, 0x0000000708c00000|  0%| F|  |TAMS 0x0000000708a00000| PB 0x0000000708a00000| Untracked 
|  34|0x0000000708c00000, 0x0000000708c00000, 0x0000000708e00000|  0%| F|  |TAMS 0x0000000708c00000| PB 0x0000000708c00000| Untracked 
|  35|0x0000000708e00000, 0x0000000708e00000, 0x0000000709000000|  0%| F|  |TAMS 0x0000000708e00000| PB 0x0000000708e00000| Untracked 
|  36|0x0000000709000000, 0x0000000709000000, 0x0000000709200000|  0%| F|  |TAMS 0x0000000709000000| PB 0x0000000709000000| Untracked 
|  37|0x0000000709200000, 0x0000000709200000, 0x0000000709400000|  0%| F|  |TAMS 0x0000000709200000| PB 0x0000000709200000| Untracked 
|  38|0x0000000709400000, 0x0000000709400000, 0x0000000709600000|  0%| F|  |TAMS 0x0000000709400000| PB 0x0000000709400000| Untracked 
|  39|0x0000000709600000, 0x0000000709600000, 0x0000000709800000|  0%| F|  |TAMS 0x0000000709600000| PB 0x0000000709600000| Untracked 
|  40|0x0000000709800000, 0x0000000709800000, 0x0000000709a00000|  0%| F|  |TAMS 0x0000000709800000| PB 0x0000000709800000| Untracked 
|  41|0x0000000709a00000, 0x0000000709a00000, 0x0000000709c00000|  0%| F|  |TAMS 0x0000000709a00000| PB 0x0000000709a00000| Untracked 
|  42|0x0000000709c00000, 0x0000000709c00000, 0x0000000709e00000|  0%| F|  |TAMS 0x0000000709c00000| PB 0x0000000709c00000| Untracked 
|  43|0x0000000709e00000, 0x0000000709e00000, 0x000000070a000000|  0%| F|  |TAMS 0x0000000709e00000| PB 0x0000000709e00000| Untracked 
|  44|0x000000070a000000, 0x000000070a000000, 0x000000070a200000|  0%| F|  |TAMS 0x000000070a000000| PB 0x000000070a000000| Untracked 
|  45|0x000000070a200000, 0x000000070a200000, 0x000000070a400000|  0%| F|  |TAMS 0x000000070a200000| PB 0x000000070a200000| Untracked 
|  46|0x000000070a400000, 0x000000070a400000, 0x000000070a600000|  0%| F|  |TAMS 0x000000070a400000| PB 0x000000070a400000| Untracked 
|  47|0x000000070a600000, 0x000000070a600000, 0x000000070a800000|  0%| F|  |TAMS 0x000000070a600000| PB 0x000000070a600000| Untracked 
|  48|0x000000070a800000, 0x000000070a800000, 0x000000070aa00000|  0%| F|  |TAMS 0x000000070a800000| PB 0x000000070a800000| Untracked 
|  49|0x000000070aa00000, 0x000000070aa00000, 0x000000070ac00000|  0%| F|  |TAMS 0x000000070aa00000| PB 0x000000070aa00000| Untracked 
|  50|0x000000070ac00000, 0x000000070ac00000, 0x000000070ae00000|  0%| F|  |TAMS 0x000000070ac00000| PB 0x000000070ac00000| Untracked 
|  51|0x000000070ae00000, 0x000000070ae00000, 0x000000070b000000|  0%| F|  |TAMS 0x000000070ae00000| PB 0x000000070ae00000| Untracked 
|  52|0x000000070b000000, 0x000000070b000000, 0x000000070b200000|  0%| F|  |TAMS 0x000000070b000000| PB 0x000000070b000000| Untracked 
|  53|0x000000070b200000, 0x000000070b200000, 0x000000070b400000|  0%| F|  |TAMS 0x000000070b200000| PB 0x000000070b200000| Untracked 
|  54|0x000000070b400000, 0x000000070b400000, 0x000000070b600000|  0%| F|  |TAMS 0x000000070b400000| PB 0x000000070b400000| Untracked 
|  55|0x000000070b600000, 0x000000070b600000, 0x000000070b800000|  0%| F|  |TAMS 0x000000070b600000| PB 0x000000070b600000| Untracked 
|  56|0x000000070b800000, 0x000000070b800000, 0x000000070ba00000|  0%| F|  |TAMS 0x000000070b800000| PB 0x000000070b800000| Untracked 
|  57|0x000000070ba00000, 0x000000070ba00000, 0x000000070bc00000|  0%| F|  |TAMS 0x000000070ba00000| PB 0x000000070ba00000| Untracked 
|  58|0x000000070bc00000, 0x000000070bc00000, 0x000000070be00000|  0%| F|  |TAMS 0x000000070bc00000| PB 0x000000070bc00000| Untracked 
|  59|0x000000070be00000, 0x000000070be00000, 0x000000070c000000|  0%| F|  |TAMS 0x000000070be00000| PB 0x000000070be00000| Untracked 
|  60|0x000000070c000000, 0x000000070c000000, 0x000000070c200000|  0%| F|  |TAMS 0x000000070c000000| PB 0x000000070c000000| Untracked 
|  61|0x000000070c200000, 0x000000070c200000, 0x000000070c400000|  0%| F|  |TAMS 0x000000070c200000| PB 0x000000070c200000| Untracked 
|  62|0x000000070c400000, 0x000000070c400000, 0x000000070c600000|  0%| F|  |TAMS 0x000000070c400000| PB 0x000000070c400000| Untracked 
|  63|0x000000070c600000, 0x000000070c600000, 0x000000070c800000|  0%| F|  |TAMS 0x000000070c600000| PB 0x000000070c600000| Untracked 
|  64|0x000000070c800000, 0x000000070c800000, 0x000000070ca00000|  0%| F|  |TAMS 0x000000070c800000| PB 0x000000070c800000| Untracked 
|  65|0x000000070ca00000, 0x000000070ca00000, 0x000000070cc00000|  0%| F|  |TAMS 0x000000070ca00000| PB 0x000000070ca00000| Untracked 
|  66|0x000000070cc00000, 0x000000070cc00000, 0x000000070ce00000|  0%| F|  |TAMS 0x000000070cc00000| PB 0x000000070cc00000| Untracked 
|  67|0x000000070ce00000, 0x000000070ce00000, 0x000000070d000000|  0%| F|  |TAMS 0x000000070ce00000| PB 0x000000070ce00000| Untracked 
|  68|0x000000070d000000, 0x000000070d000000, 0x000000070d200000|  0%| F|  |TAMS 0x000000070d000000| PB 0x000000070d000000| Untracked 
|  69|0x000000070d200000, 0x000000070d200000, 0x000000070d400000|  0%| F|  |TAMS 0x000000070d200000| PB 0x000000070d200000| Untracked 
|  70|0x000000070d400000, 0x000000070d400000, 0x000000070d600000|  0%| F|  |TAMS 0x000000070d400000| PB 0x000000070d400000| Untracked 
|  71|0x000000070d600000, 0x000000070d600000, 0x000000070d800000|  0%| F|  |TAMS 0x000000070d600000| PB 0x000000070d600000| Untracked 
|  72|0x000000070d800000, 0x000000070d800000, 0x000000070da00000|  0%| F|  |TAMS 0x000000070d800000| PB 0x000000070d800000| Untracked 
|  73|0x000000070da00000, 0x000000070da00000, 0x000000070dc00000|  0%| F|  |TAMS 0x000000070da00000| PB 0x000000070da00000| Untracked 
|  74|0x000000070dc00000, 0x000000070dc00000, 0x000000070de00000|  0%| F|  |TAMS 0x000000070dc00000| PB 0x000000070dc00000| Untracked 
|  75|0x000000070de00000, 0x000000070de00000, 0x000000070e000000|  0%| F|  |TAMS 0x000000070de00000| PB 0x000000070de00000| Untracked 
|  76|0x000000070e000000, 0x000000070e000000, 0x000000070e200000|  0%| F|  |TAMS 0x000000070e000000| PB 0x000000070e000000| Untracked 
|  77|0x000000070e200000, 0x000000070e200000, 0x000000070e400000|  0%| F|  |TAMS 0x000000070e200000| PB 0x000000070e200000| Untracked 
|  78|0x000000070e400000, 0x000000070e400000, 0x000000070e600000|  0%| F|  |TAMS 0x000000070e400000| PB 0x000000070e400000| Untracked 
|  79|0x000000070e600000, 0x000000070e600000, 0x000000070e800000|  0%| F|  |TAMS 0x000000070e600000| PB 0x000000070e600000| Untracked 
|  80|0x000000070e800000, 0x000000070e800000, 0x000000070ea00000|  0%| F|  |TAMS 0x000000070e800000| PB 0x000000070e800000| Untracked 
|  81|0x000000070ea00000, 0x000000070ea00000, 0x000000070ec00000|  0%| F|  |TAMS 0x000000070ea00000| PB 0x000000070ea00000| Untracked 
|  82|0x000000070ec00000, 0x000000070ec00000, 0x000000070ee00000|  0%| F|  |TAMS 0x000000070ec00000| PB 0x000000070ec00000| Untracked 
|  83|0x000000070ee00000, 0x000000070ee00000, 0x000000070f000000|  0%| F|  |TAMS 0x000000070ee00000| PB 0x000000070ee00000| Untracked 
|  84|0x000000070f000000, 0x000000070f000000, 0x000000070f200000|  0%| F|  |TAMS 0x000000070f000000| PB 0x000000070f000000| Untracked 
|  85|0x000000070f200000, 0x000000070f200000, 0x000000070f400000|  0%| F|  |TAMS 0x000000070f200000| PB 0x000000070f200000| Untracked 
|  86|0x000000070f400000, 0x000000070f400000, 0x000000070f600000|  0%| F|  |TAMS 0x000000070f400000| PB 0x000000070f400000| Untracked 
|  87|0x000000070f600000, 0x000000070f600000, 0x000000070f800000|  0%| F|  |TAMS 0x000000070f600000| PB 0x000000070f600000| Untracked 
|  88|0x000000070f800000, 0x000000070f800000, 0x000000070fa00000|  0%| F|  |TAMS 0x000000070f800000| PB 0x000000070f800000| Untracked 
|  89|0x000000070fa00000, 0x000000070fa00000, 0x000000070fc00000|  0%| F|  |TAMS 0x000000070fa00000| PB 0x000000070fa00000| Untracked 
|  90|0x000000070fc00000, 0x000000070fc00000, 0x000000070fe00000|  0%| F|  |TAMS 0x000000070fc00000| PB 0x000000070fc00000| Untracked 
|  91|0x000000070fe00000, 0x000000070fe00000, 0x0000000710000000|  0%| F|  |TAMS 0x000000070fe00000| PB 0x000000070fe00000| Untracked 
|  92|0x0000000710000000, 0x0000000710000000, 0x0000000710200000|  0%| F|  |TAMS 0x0000000710000000| PB 0x0000000710000000| Untracked 
|  93|0x0000000710200000, 0x0000000710200000, 0x0000000710400000|  0%| F|  |TAMS 0x0000000710200000| PB 0x0000000710200000| Untracked 
|  94|0x0000000710400000, 0x0000000710400000, 0x0000000710600000|  0%| F|  |TAMS 0x0000000710400000| PB 0x0000000710400000| Untracked 
|  95|0x0000000710600000, 0x0000000710600000, 0x0000000710800000|  0%| F|  |TAMS 0x0000000710600000| PB 0x0000000710600000| Untracked 
|  96|0x0000000710800000, 0x0000000710800000, 0x0000000710a00000|  0%| F|  |TAMS 0x0000000710800000| PB 0x0000000710800000| Untracked 
|  97|0x0000000710a00000, 0x0000000710a00000, 0x0000000710c00000|  0%| F|  |TAMS 0x0000000710a00000| PB 0x0000000710a00000| Untracked 
|  98|0x0000000710c00000, 0x0000000710c00000, 0x0000000710e00000|  0%| F|  |TAMS 0x0000000710c00000| PB 0x0000000710c00000| Untracked 
|  99|0x0000000710e00000, 0x0000000710e00000, 0x0000000711000000|  0%| F|  |TAMS 0x0000000710e00000| PB 0x0000000710e00000| Untracked 
| 100|0x0000000711000000, 0x0000000711000000, 0x0000000711200000|  0%| F|  |TAMS 0x0000000711000000| PB 0x0000000711000000| Untracked 
| 101|0x0000000711200000, 0x0000000711200000, 0x0000000711400000|  0%| F|  |TAMS 0x0000000711200000| PB 0x0000000711200000| Untracked 
| 102|0x0000000711400000, 0x0000000711400000, 0x0000000711600000|  0%| F|  |TAMS 0x0000000711400000| PB 0x0000000711400000| Untracked 
| 103|0x0000000711600000, 0x0000000711600000, 0x0000000711800000|  0%| F|  |TAMS 0x0000000711600000| PB 0x0000000711600000| Untracked 
| 104|0x0000000711800000, 0x0000000711800000, 0x0000000711a00000|  0%| F|  |TAMS 0x0000000711800000| PB 0x0000000711800000| Untracked 
| 105|0x0000000711a00000, 0x0000000711a00000, 0x0000000711c00000|  0%| F|  |TAMS 0x0000000711a00000| PB 0x0000000711a00000| Untracked 
| 106|0x0000000711c00000, 0x0000000711c00000, 0x0000000711e00000|  0%| F|  |TAMS 0x0000000711c00000| PB 0x0000000711c00000| Untracked 
| 107|0x0000000711e00000, 0x0000000711e00000, 0x0000000712000000|  0%| F|  |TAMS 0x0000000711e00000| PB 0x0000000711e00000| Untracked 
| 108|0x0000000712000000, 0x0000000712000000, 0x0000000712200000|  0%| F|  |TAMS 0x0000000712000000| PB 0x0000000712000000| Untracked 
| 109|0x0000000712200000, 0x0000000712200000, 0x0000000712400000|  0%| F|  |TAMS 0x0000000712200000| PB 0x0000000712200000| Untracked 
| 110|0x0000000712400000, 0x0000000712400000, 0x0000000712600000|  0%| F|  |TAMS 0x0000000712400000| PB 0x0000000712400000| Untracked 
| 111|0x0000000712600000, 0x0000000712600000, 0x0000000712800000|  0%| F|  |TAMS 0x0000000712600000| PB 0x0000000712600000| Untracked 
| 112|0x0000000712800000, 0x0000000712800000, 0x0000000712a00000|  0%| F|  |TAMS 0x0000000712800000| PB 0x0000000712800000| Untracked 
| 113|0x0000000712a00000, 0x0000000712a00000, 0x0000000712c00000|  0%| F|  |TAMS 0x0000000712a00000| PB 0x0000000712a00000| Untracked 
| 114|0x0000000712c00000, 0x0000000712c00000, 0x0000000712e00000|  0%| F|  |TAMS 0x0000000712c00000| PB 0x0000000712c00000| Untracked 
| 115|0x0000000712e00000, 0x0000000712e00000, 0x0000000713000000|  0%| F|  |TAMS 0x0000000712e00000| PB 0x0000000712e00000| Untracked 
| 116|0x0000000713000000, 0x0000000713000000, 0x0000000713200000|  0%| F|  |TAMS 0x0000000713000000| PB 0x0000000713000000| Untracked 
| 117|0x0000000713200000, 0x0000000713200000, 0x0000000713400000|  0%| F|  |TAMS 0x0000000713200000| PB 0x0000000713200000| Untracked 
| 118|0x0000000713400000, 0x0000000713400000, 0x0000000713600000|  0%| F|  |TAMS 0x0000000713400000| PB 0x0000000713400000| Untracked 
| 119|0x0000000713600000, 0x0000000713600000, 0x0000000713800000|  0%| F|  |TAMS 0x0000000713600000| PB 0x0000000713600000| Untracked 
| 120|0x0000000713800000, 0x0000000713800000, 0x0000000713a00000|  0%| F|  |TAMS 0x0000000713800000| PB 0x0000000713800000| Untracked 
| 121|0x0000000713a00000, 0x0000000713a71258, 0x0000000713c00000| 22%| E|  |TAMS 0x0000000713a00000| PB 0x0000000713a00000| Complete 
| 122|0x0000000713c00000, 0x0000000713e00000, 0x0000000713e00000|100%| E|CS|TAMS 0x0000000713c00000| PB 0x0000000713c00000| Complete 
| 123|0x0000000713e00000, 0x0000000714000000, 0x0000000714000000|100%| E|CS|TAMS 0x0000000713e00000| PB 0x0000000713e00000| Complete 
| 124|0x0000000714000000, 0x0000000714200000, 0x0000000714200000|100%| E|CS|TAMS 0x0000000714000000| PB 0x0000000714000000| Complete 
| 125|0x0000000714200000, 0x0000000714400000, 0x0000000714400000|100%| E|CS|TAMS 0x0000000714200000| PB 0x0000000714200000| Complete 

Card table byte_map: [0x000001f0173a0000,0x000001f017b80000] _byte_map_base: 0x000001f013b7c000

Marking Bits: (CMBitMap*) 0x000001f07f125f50
 Bits: [0x000001f017b80000, 0x000001f01ba60000)

Polling page: 0x000001f07d080000

Metaspace:

Usage:
  Non-class:      3.10 MB used.
      Class:    366.63 KB used.
       Both:      3.46 MB used.

Virtual space:
  Non-class space:       64.00 MB reserved,       3.12 MB (  5%) committed,  1 nodes.
      Class space:        1.00 GB reserved,     448.00 KB ( <1%) committed,  1 nodes.
             Both:        1.06 GB reserved,       3.56 MB ( <1%) committed. 

Chunk freelists:
   Non-Class:  11.25 MB
       Class:  15.60 MB
        Both:  26.85 MB

MaxMetaspaceSize: unlimited
CompressedClassSpaceSize: 1.00 GB
Initial GC threshold: 21.00 MB
Current GC threshold: 21.00 MB
CDS: on
 - commit_granule_bytes: 65536.
 - commit_granule_words: 8192.
 - virtual_space_node_default_size: 8388608.
 - enlarge_chunks_in_place: 1.
 - use_allocation_guard: 0.


Internal statistics:

num_allocs_failed_limit: 0.
num_arena_births: 74.
num_arena_deaths: 0.
num_vsnodes_births: 2.
num_vsnodes_deaths: 0.
num_space_committed: 57.
num_space_uncommitted: 0.
num_chunks_returned_to_freelist: 0.
num_chunks_taken_from_freelist: 121.
num_chunk_merges: 0.
num_chunk_splits: 77.
num_chunks_enlarged: 53.
num_inconsistent_stats: 0.

CodeHeap 'non-profiled nmethods': size=120000Kb used=213Kb max_used=213Kb free=119786Kb
 bounds [0x000001f00fe70000, 0x000001f0100e0000, 0x000001f0173a0000]
CodeHeap 'profiled nmethods': size=120000Kb used=1070Kb max_used=1070Kb free=118929Kb
 bounds [0x000001f0083a0000, 0x000001f008610000, 0x000001f00f8d0000]
CodeHeap 'non-nmethods': size=5760Kb used=1344Kb max_used=1348Kb free=4415Kb
 bounds [0x000001f00f8d0000, 0x000001f00fb40000, 0x000001f00fe70000]
 total_blobs=1137 nmethods=686 adapters=356
 compilation: enabled
              stopped_count=0, restarted_count=0
 full_count=0

Compilation events (20 events):
Event: 0.384 Thread 0x000001f01e76bd70 nmethod 678 0x000001f0084a8210 code [0x000001f0084a83c0, 0x000001f0084a8530]
Event: 0.384 Thread 0x000001f01e76bd70  677       3       java.util.ImmutableCollections$SetN::contains (26 bytes)
Event: 0.384 Thread 0x000001f01e76bd70 nmethod 677 0x000001f0084a8610 code [0x000001f0084a87e0, 0x000001f0084a8b10]
Event: 0.384 Thread 0x000001f01e76bd70  679       3       java.lang.invoke.MemberName::getModifiers (8 bytes)
Event: 0.384 Thread 0x000001f01e76bd70 nmethod 679 0x000001f0084a8c10 code [0x000001f0084a8da0, 0x000001f0084a8eb0]
Event: 0.384 Thread 0x000001f01e76bd70  680   !   3       java.lang.invoke.MemberName::clone (14 bytes)
Event: 0.385 Thread 0x000001f01e76bd70 nmethod 680 0x000001f0084a8f10 code [0x000001f0084a90e0, 0x000001f0084a9440]
Event: 0.385 Thread 0x000001f01e76bd70  681       3       java.lang.invoke.MethodTypeForm::cachedLambdaForm (23 bytes)
Event: 0.385 Thread 0x000001f01e76bd70 nmethod 681 0x000001f0084a9590 code [0x000001f0084a9760, 0x000001f0084a9ac0]
Event: 0.385 Thread 0x000001f01e76bd70  683       3       jdk.internal.org.objectweb.asm.SymbolTable::addConstantNameAndType (137 bytes)
Event: 0.385 Thread 0x000001f01e76bd70 nmethod 683 0x000001f0084a9c10 code [0x000001f0084a9e80, 0x000001f0084aa5c0]
Event: 0.385 Thread 0x000001f01e76bd70  684       3       jdk.internal.org.objectweb.asm.SymbolTable$Entry::<init> (20 bytes)
Event: 0.385 Thread 0x000001f01e76bd70 nmethod 684 0x000001f0084aaa10 code [0x000001f0084aabc0, 0x000001f0084aad18]
Event: 0.386 Thread 0x000001f01e76bd70  682       3       java.lang.StringBuilder::<init> (6 bytes)
Event: 0.386 Thread 0x000001f01e76bd70 nmethod 682 0x000001f0084aae10 code [0x000001f0084aafc0, 0x000001f0084ab0f8]
Event: 0.400 Thread 0x000001f01e76bd70  685       3       java.util.ArrayList::iterator (9 bytes)
Event: 0.400 Thread 0x000001f01e76bd70 nmethod 685 0x000001f0084ab190 code [0x000001f0084ab340, 0x000001f0084ab5e0]
Event: 0.400 Thread 0x000001f01e76bd70  686       3       java.util.ArrayList$Itr::<init> (26 bytes)
Event: 0.400 Thread 0x000001f01e76bd70 nmethod 686 0x000001f0084ab710 code [0x000001f0084ab8c0, 0x000001f0084abaa0]
Event: 0.401 Thread 0x000001f01e76bd70  687       3       java.lang.invoke.MethodHandles$Lookup::checkAccess (200 bytes)

GC Heap History (0 events):
No events

Dll operation events (8 events):
Event: 0.007 Loaded shared library C:\Program Files\Java\jdk-21\bin\java.dll
Event: 0.052 Loaded shared library C:\Program Files\Java\jdk-21\bin\jsvml.dll
Event: 0.089 Loaded shared library C:\Program Files\Java\jdk-21\bin\net.dll
Event: 0.090 Loaded shared library C:\Program Files\Java\jdk-21\bin\nio.dll
Event: 0.095 Loaded shared library C:\Program Files\Java\jdk-21\bin\zip.dll
Event: 0.227 Loaded shared library C:\Program Files\Java\jdk-21\bin\jimage.dll
Event: 0.297 Loaded shared library C:\Program Files\Java\jdk-21\bin\verify.dll
Event: 0.370 Loaded shared library C:\Program Files\Java\jdk-21\bin\extnet.dll

Deoptimization events (10 events):
Event: 0.138 Thread 0x000001f07f0c5240 DEOPT PACKING pc=0x000001f0083b7c78 sp=0x000000d4c99fb7a0
Event: 0.138 Thread 0x000001f07f0c5240 DEOPT UNPACKING pc=0x000001f00f924e42 sp=0x000000d4c99fabc0 mode 0
Event: 0.154 Thread 0x000001f07f0c5240 DEOPT PACKING pc=0x000001f0083a89d8 sp=0x000000d4c99fdf40
Event: 0.154 Thread 0x000001f07f0c5240 DEOPT UNPACKING pc=0x000001f00f924e42 sp=0x000000d4c99fd3a8 mode 0
Event: 0.279 Thread 0x000001f07f0c5240 Uncommon trap: trap_request=0xffffff45 fr.pc=0x000001f00fe8e710 relative=0x0000000000000070
Event: 0.279 Thread 0x000001f07f0c5240 Uncommon trap: reason=unstable_if action=reinterpret pc=0x000001f00fe8e710 method=java.io.WinNTFileSystem.isSlash(C)Z @ 9 c2
Event: 0.279 Thread 0x000001f07f0c5240 DEOPT PACKING pc=0x000001f00fe8e710 sp=0x000000d4c99fe9a0
Event: 0.279 Thread 0x000001f07f0c5240 DEOPT UNPACKING pc=0x000001f00f9246a2 sp=0x000000d4c99fe928 mode 2
Event: 0.311 Thread 0x000001f07f0c5240 DEOPT PACKING pc=0x000001f0083c9577 sp=0x000000d4c99fad00
Event: 0.311 Thread 0x000001f07f0c5240 DEOPT UNPACKING pc=0x000001f00f924e42 sp=0x000000d4c99fa150 mode 0

Classes loaded (20 events):
Event: 0.400 Loading class org/xml/sax/AttributeList done
Event: 0.400 Loading class org/xml/sax/ext/Attributes2
Event: 0.400 Loading class org/xml/sax/Attributes
Event: 0.400 Loading class org/xml/sax/Attributes done
Event: 0.400 Loading class org/xml/sax/ext/Attributes2 done
Event: 0.400 Loading class com/sun/org/apache/xerces/internal/parsers/AbstractSAXParser$AttributesProxy done
Event: 0.400 Loading class com/sun/org/apache/xerces/internal/xni/parser/XMLConfigurationException
Event: 0.400 Loading class com/sun/org/apache/xerces/internal/xni/XNIException
Event: 0.400 Loading class com/sun/org/apache/xerces/internal/xni/XNIException done
Event: 0.400 Loading class com/sun/org/apache/xerces/internal/xni/parser/XMLConfigurationException done
Event: 0.400 Loading class org/xml/sax/SAXNotRecognizedException
Event: 0.400 Loading class org/xml/sax/SAXNotRecognizedException done
Event: 0.400 Loading class com/sun/org/apache/xerces/internal/util/SAXMessageFormatter
Event: 0.400 Loading class com/sun/org/apache/xerces/internal/util/SAXMessageFormatter done
Event: 0.401 Loading class java/util/ResourceBundle$CacheKey
Event: 0.401 Loading class java/util/ResourceBundle$CacheKey done
Event: 0.401 Loading class java/util/ResourceBundle$KeyElementReference
Event: 0.401 Loading class java/util/ResourceBundle$CacheKeyReference
Event: 0.402 Loading class java/util/ResourceBundle$CacheKeyReference done
Event: 0.402 Loading class java/util/ResourceBundle$KeyElementReference done

Classes unloaded (0 events):
No events

Classes redefined (0 events):
No events

Internal exceptions (8 events):
Event: 0.181 Thread 0x000001f07f0c5240 Exception <a 'java/lang/NoSuchMethodError'{0x0000000713e1c518}: 'int java.lang.invoke.DirectMethodHandle$Holder.invokeSpecial(java.lang.Object, java.lang.Object, java.lang.Object)'> (0x0000000713e1c518) 
thrown [s\open\src\hotspot\share\interpreter\linkResolver.cpp, line 773]
Event: 0.183 Thread 0x000001f07f0c5240 Exception <a 'java/lang/NoSuchMethodError'{0x0000000713e26be0}: 'void java.lang.invoke.DelegatingMethodHandle$Holder.reinvoke_L(java.lang.Object, java.lang.Object, int)'> (0x0000000713e26be0) 
thrown [s\open\src\hotspot\share\interpreter\linkResolver.cpp, line 773]
Event: 0.183 Thread 0x000001f07f0c5240 Exception <a 'java/lang/NoSuchMethodError'{0x0000000713e2d4a0}: 'int java.lang.invoke.Invokers$Holder.invokeExact_MT(java.lang.Object, java.lang.Object, java.lang.Object)'> (0x0000000713e2d4a0) 
thrown [s\open\src\hotspot\share\interpreter\linkResolver.cpp, line 773]
Event: 0.193 Thread 0x000001f07f0c5240 Exception <a 'java/lang/NoSuchMethodError'{0x0000000713e3e9c8}: 'void java.lang.invoke.Invokers$Holder.invokeExact_MT(java.lang.Object, java.lang.Object, java.lang.Object, java.lang.Object)'> (0x0000000713e3e9c8) 
thrown [s\open\src\hotspot\share\interpreter\linkResolver.cpp, line 773]
Event: 0.302 Thread 0x000001f07f0c5240 Exception <a 'java/lang/NoClassDefFoundError'{0x0000000713c48648}: org/slf4j/impl/StaticLoggerBinder> (0x0000000713c48648) 
thrown [s\open\src\hotspot\share\classfile\systemDictionary.cpp, line 301]
Event: 0.318 Thread 0x000001f07f0c5240 Exception <a 'java/lang/NoSuchMethodError'{0x0000000713cab000}: 'int java.lang.invoke.DirectMethodHandle$Holder.invokeStaticInit(java.lang.Object, java.lang.Object)'> (0x0000000713cab000) 
thrown [s\open\src\hotspot\share\interpreter\linkResolver.cpp, line 773]
Event: 0.330 Thread 0x000001f07f0c5240 Exception <a 'java/lang/NoSuchMethodError'{0x0000000713cfbc30}: 'void java.lang.invoke.DirectMethodHandle$Holder.invokeSpecial(java.lang.Object, java.lang.Object, java.lang.Object)'> (0x0000000713cfbc30) 
thrown [s\open\src\hotspot\share\interpreter\linkResolver.cpp, line 773]
Event: 0.371 Thread 0x000001f07f0c5240 Exception <a 'java/lang/NoSuchMethodError'{0x0000000713d762d8}: 'void java.lang.invoke.DirectMethodHandle$Holder.invokeStatic(java.lang.Object, java.lang.Object)'> (0x0000000713d762d8) 
thrown [s\open\src\hotspot\share\interpreter\linkResolver.cpp, line 773]

ZGC Phase Switch (0 events):
No events

VM Operations (8 events):
Event: 0.096 Executing VM operation: HandshakeAllThreads (Deoptimize)
Event: 0.096 Executing VM operation: HandshakeAllThreads (Deoptimize) done
Event: 0.221 Executing VM operation: HandshakeAllThreads (Deoptimize)
Event: 0.221 Executing VM operation: HandshakeAllThreads (Deoptimize) done
Event: 0.278 Executing VM operation: HandshakeAllThreads (Deoptimize)
Event: 0.278 Executing VM operation: HandshakeAllThreads (Deoptimize) done
Event: 0.336 Executing VM operation: HandshakeAllThreads (Deoptimize)
Event: 0.336 Executing VM operation: HandshakeAllThreads (Deoptimize) done

Events (13 events):
Event: 0.027 Thread 0x000001f07f0c5240 Thread added: 0x000001f07f0c5240
Event: 0.049 Thread 0x000001f01dc56930 Thread added: 0x000001f01dc56930
Event: 0.050 Thread 0x000001f01dc57a00 Thread added: 0x000001f01dc57a00
Event: 0.050 Thread 0x000001f01dc59be0 Thread added: 0x000001f01dc59be0
Event: 0.050 Thread 0x000001f01dc5a970 Thread added: 0x000001f01dc5a970
Event: 0.050 Thread 0x000001f01dc5d960 Thread added: 0x000001f01dc5d960
Event: 0.050 Thread 0x000001f01dc5e640 Thread added: 0x000001f01dc5e640
Event: 0.050 Thread 0x000001f01e7497c0 Thread added: 0x000001f01e7497c0
Event: 0.050 Thread 0x000001f01e76bd70 Thread added: 0x000001f01e76bd70
Event: 0.084 Thread 0x000001f01e8e24e0 Thread added: 0x000001f01e8e24e0
Event: 0.086 Thread 0x000001f01e8e3120 Thread added: 0x000001f01e8e3120
Event: 0.197 Thread 0x000001f01e977900 Thread added: 0x000001f01e977900
Event: 0.376 Thread 0x000001f06415c260 Thread added: 0x000001f06415c260


Dynamic libraries:
0x00007ff60a710000 - 0x00007ff60a720000 	C:\Program Files\Java\jdk-21\bin\javaw.exe
0x00007ff89c010000 - 0x00007ff89c226000 	C:\windows\SYSTEM32\ntdll.dll
0x00007ff89a030000 - 0x00007ff89a0f4000 	C:\windows\System32\KERNEL32.DLL
0x00007ff899990000 - 0x00007ff899d37000 	C:\windows\System32\KERNELBASE.dll
0x00007ff899870000 - 0x00007ff899981000 	C:\windows\System32\ucrtbase.dll
0x00007ff871840000 - 0x00007ff871859000 	C:\Program Files\Java\jdk-21\bin\jli.dll
0x00007ff899d40000 - 0x00007ff899df2000 	C:\windows\System32\ADVAPI32.dll
0x00007ff89a250000 - 0x00007ff89a2f7000 	C:\windows\System32\msvcrt.dll
0x00007ff89a730000 - 0x00007ff89a7d8000 	C:\windows\System32\sechost.dll
0x00007ff8996f0000 - 0x00007ff899718000 	C:\windows\System32\bcrypt.dll
0x00007ff89b550000 - 0x00007ff89b665000 	C:\windows\System32\RPCRT4.dll
0x00007ff89b3a0000 - 0x00007ff89b54e000 	C:\windows\System32\USER32.dll
0x00007ff899720000 - 0x00007ff899746000 	C:\windows\System32\win32u.dll
0x00007ff899f10000 - 0x00007ff899f39000 	C:\windows\System32\GDI32.dll
0x00007ff899750000 - 0x00007ff899869000 	C:\windows\System32\gdi32full.dll
0x00007ff8993b0000 - 0x00007ff89944a000 	C:\windows\System32\msvcp_win.dll
0x00007ff8735b0000 - 0x00007ff873843000 	C:\windows\WinSxS\amd64_microsoft.windows.common-controls_6595b64144ccf1df_6.0.22621.3235_none_270f74e173860f98\COMCTL32.dll
0x00007ff88aef0000 - 0x00007ff88aefa000 	C:\windows\SYSTEM32\VERSION.dll
0x00007ff8940b0000 - 0x00007ff8940cb000 	C:\Program Files\Java\jdk-21\bin\VCRUNTIME140.dll
0x00007ff89a690000 - 0x00007ff89a6c1000 	C:\windows\System32\IMM32.DLL
0x00007ff86f9f0000 - 0x00007ff86f9fc000 	C:\Program Files\Java\jdk-21\bin\vcruntime140_1.dll
0x00007ff857f30000 - 0x00007ff857fbe000 	C:\Program Files\Java\jdk-21\bin\msvcp140.dll
0x00007ff855ee0000 - 0x00007ff856bf7000 	C:\Program Files\Java\jdk-21\bin\server\jvm.dll
0x00007ff89a1d0000 - 0x00007ff89a241000 	C:\windows\System32\WS2_32.dll
0x00007ff88efb0000 - 0x00007ff88efe4000 	C:\windows\SYSTEM32\WINMM.dll
0x00007ff899200000 - 0x00007ff89924d000 	C:\windows\SYSTEM32\POWRPROF.dll
0x00007ff899130000 - 0x00007ff899143000 	C:\windows\SYSTEM32\UMPDC.dll
0x00007ff898330000 - 0x00007ff898348000 	C:\windows\SYSTEM32\kernel.appcore.dll
0x00007ff86f9e0000 - 0x00007ff86f9ea000 	C:\Program Files\Java\jdk-21\bin\jimage.dll
0x00007ff896b60000 - 0x00007ff896d93000 	C:\windows\SYSTEM32\DBGHELP.DLL
0x00007ff89a300000 - 0x00007ff89a688000 	C:\windows\System32\combase.dll
0x00007ff899e00000 - 0x00007ff899ed7000 	C:\windows\System32\OLEAUT32.dll
0x00007ff8693f0000 - 0x00007ff869422000 	C:\windows\SYSTEM32\dbgcore.DLL
0x00007ff899330000 - 0x00007ff8993a9000 	C:\windows\System32\bcryptPrimitives.dll
0x00007ff86cd50000 - 0x00007ff86cd6f000 	C:\Program Files\Java\jdk-21\bin\java.dll
0x00007ff89b670000 - 0x00007ff89becc000 	C:\windows\System32\SHELL32.dll
0x00007ff897240000 - 0x00007ff897b39000 	C:\windows\SYSTEM32\windows.storage.dll
0x00007ff897100000 - 0x00007ff89723e000 	C:\windows\SYSTEM32\wintypes.dll
0x00007ff89abc0000 - 0x00007ff89acb3000 	C:\windows\System32\SHCORE.dll
0x00007ff89a170000 - 0x00007ff89a1ce000 	C:\windows\System32\shlwapi.dll
0x00007ff899260000 - 0x00007ff899281000 	C:\windows\SYSTEM32\profapi.dll
0x00007ff855e00000 - 0x00007ff855ed7000 	C:\Program Files\Java\jdk-21\bin\jsvml.dll
0x00007ff86cd40000 - 0x00007ff86cd50000 	C:\Program Files\Java\jdk-21\bin\net.dll
0x00007ff892990000 - 0x00007ff892ac6000 	C:\windows\SYSTEM32\WINHTTP.dll
0x00007ff898790000 - 0x00007ff8987f9000 	C:\windows\system32\mswsock.dll
0x00007ff86cce0000 - 0x00007ff86ccf6000 	C:\Program Files\Java\jdk-21\bin\nio.dll
0x00007ff86cb40000 - 0x00007ff86cb58000 	C:\Program Files\Java\jdk-21\bin\zip.dll
0x00007ff86ccd0000 - 0x00007ff86cce0000 	C:\Program Files\Java\jdk-21\bin\verify.dll
0x00007ff897dd0000 - 0x00007ff897ec9000 	C:\windows\SYSTEM32\DNSAPI.dll
0x00007ff897da0000 - 0x00007ff897dcd000 	C:\windows\SYSTEM32\IPHLPAPI.DLL
0x00007ff89a7f0000 - 0x00007ff89a7f9000 	C:\windows\System32\NSI.dll
0x000000006c220000 - 0x000000006c255000 	C:\Program Files\Bonjour\mdnsNSP.dll
0x00007ff8915d0000 - 0x00007ff8915da000 	C:\Windows\System32\rasadhlp.dll
0x00007ff88f670000 - 0x00007ff88f6f3000 	C:\windows\System32\fwpuclnt.dll
0x00007ff86cb20000 - 0x00007ff86cb29000 	C:\Program Files\Java\jdk-21\bin\extnet.dll

dbghelp: loaded successfully - version: 4.0.5 - missing functions: none
symbol engine: initialized successfully - sym options: 0x614 - pdb path: .;C:\Program Files\Java\jdk-21\bin;C:\windows\SYSTEM32;C:\windows\WinSxS\amd64_microsoft.windows.common-controls_6595b64144ccf1df_6.0.22621.3235_none_270f74e173860f98;C:\Program Files\Java\jdk-21\bin\server;C:\Program Files\Bonjour

VM Arguments:
jvm_args: -ea -Dfile.encoding=UTF-8 -Dstdout.encoding=UTF-8 -Dstderr.encoding=UTF-8 -XX:+ShowCodeDetailsInExceptionMessages 
java_command: org.testng.remote.RemoteTestNG -serport 50690 -protocol json -d C:\Users\shank\eclipse-workspace\MobileApplicationTest\test-output C:\Users\shank\AppData\Local\Temp\testng-eclipse--1495034175\testng-customsuite.xml
java_class_path (initial): C:\Users\shank\eclipse\java-2023-122\eclipse\configuration\org.eclipse.osgi\576\0\.cp\lib\testng-remote.jar;C:\Users\shank\eclipse-workspace\MobileApplicationTest\target\test-classes;C:\Users\shank\eclipse-workspace\MobileApplicationTest\target\classes;C:\Users\shank\.m2\repository\org\testng\testng\7.7.1\testng-7.7.1.jar;C:\Users\shank\.m2\repository\org\slf4j\slf4j-api\1.7.36\slf4j-api-1.7.36.jar;C:\Users\shank\.m2\repository\com\beust\jcommander\1.82\jcommander-1.82.jar;C:\Users\shank\.m2\repository\org\webjars\jquery\3.6.1\jquery-3.6.1.jar;C:\Users\shank\.m2\repository\io\appium\java-client\9.0.0\java-client-9.0.0.jar;C:\Users\shank\.m2\repository\org\seleniumhq\selenium\selenium-api\4.20.0\selenium-api-4.20.0.jar;C:\Users\shank\.m2\repository\org\seleniumhq\selenium\selenium-remote-driver\4.20.0\selenium-remote-driver-4.20.0.jar;C:\Users\shank\.m2\repository\com\google\auto\service\auto-service-annotations\1.1.1\auto-service-annotations-1.1.1.jar;C:\Users\shank\.m2\repository\com\google\guava\guava\33.1.0-jre\guava-33.1.0-jre.jar;C:\Users\shank\.m2\repository\com\google\guava\failureaccess\1.0.2\failureaccess-1.0.2.jar;C:\Users\shank\.m2\repository\com\google\guava\listenablefuture\9999.0-empty-to-avoid-conflict-with-guava\listenablefuture-9999.0-empty-to-avoid-conflict-with-guava.jar;C:\Users\shank\.m2\repository\com\google\code\findbugs\jsr305\3.0.2\jsr305-3.0.2.jar;C:\Users\shank\.m2\repository\org\checkerframework\checker-qual\3.42.0\checker-qual-3.42.0.jar;C:\Users\shank\.m2\repository\com\google\errorprone\error_prone_annotations\2.26.1\error_prone_annotations-2.26.1.jar;C:\Users\shank\.m2\repository\com\google\j2objc\j2objc-annotations\3.0.0\j2objc-annotations-3.0.0.jar;C:\Users\shank\.m2\repository\io\opentelemetry\semconv\opentelemetry-semconv\1.25.0-alpha\opentelemetry-semconv-1.25.0-alpha.jar;C:\Users\shank\.m2\repository\io\opentelemetry\opentelemetry-api\1.37.0\opentelemetry-api-1.37.0.jar;C:\Users\shank\.m2\repository\io\opentelemetry\opentelemetry-context\1.37.0\opentelemetry-context-1.37.0.jar;C:\Users\shank\.m2\repository\io\opentelemetry\opentelemetry-exporter-logging\1.37.0\opentelemetry-exporter-logging-1.37.0.jar;C:\Users\shank\.m2\repository\io\opentelemetry\opentelemetry-sdk-common\1.37.0\opentelemetry-sdk-common-1.37.0.jar;C:\Users\shank\.m2\repository\io\opentelemetry\opentelemetry-sdk-extension-autoconfigure-spi\1.37.0\opentelemetry-sdk-extension-autoconfigure-spi-1.37.0.jar;C:\Users\shank\.m2\repository\io\opentelemetry\opentelemetry-sdk-extension-autoconfigure\1.37.0\opentelemetry-sdk-extension-autoconfigure-1.37.0.jar;C:\Users\shank\.m2\repository\io\opentelemetry\opentelemetry-api-incubator\1.37.0-alpha\opentelemetry-api-incubator-1.37.0-alpha.jar;C:\Users\shank\.m2\repository\io\opentelemetry\opentelemetry-sdk-trace\1.37.0\opentelemetry-sdk-trace-1.37.0.jar;C:\Users\shank\.m2\repository\io\opentelemetry\opentelemetry-sdk\1.37.0\opentelemetry-sdk-1.37.0.jar;C:\Users\shank\.m2\repository\io\opentelemetry\opentelemetry-sdk-metrics\1.37.0\opentelemetry-sdk-metrics-1.37.0.jar;C:\Users\shank\.m2\repository\io\opentelemetry\opentelemetry-sdk-logs\1.37.0\opentelemetry-sdk-logs-1.37.0.jar;C:\Users\shank\.m2\repository\net\bytebuddy\byte-buddy\1.14.14\byte-buddy-1.14.14.jar;C:\Users\shank\.m2\repository\org\seleniumhq\selenium\selenium-http\4.20.0\selenium-http-4.20.0.jar;C:\Users\shank\.m2\repository\dev\failsafe\failsafe\3.3.2\failsafe-3.3.2.jar;C:\Users\shank\.m2\repository\org\seleniumhq\selenium\selenium-json\4.20.0\selenium-json-4.20.0.jar;C:\Users\shank\.m2\repository\org\seleniumhq\selenium\selenium-manager\4.20.0\selenium-manager-4.20.0.jar;C:\Users\shank\.m2\repository\org\seleniumhq\selenium\selenium-os\4.20.0\selenium-os-4.20.0.jar;C:\Users\shank\.m2\repository\org\apache\commons\commons-exec\1.4.0\commons-exec-1.4.0.jar;C:\Users\shank\.m2\repository\org\seleniumhq\selenium\selenium-support\4.20.0\selenium-support-4.20.0.jar;C:\Users\shank\.m2\repository\com\google\code\gson\gson\2.10.1\gson-2.10.1.jar
Launcher Type: SUN_STANDARD

[Global flags]
     intx CICompilerCount                          = 4                                         {product} {ergonomic}
     uint ConcGCThreads                            = 3                                         {product} {ergonomic}
     uint G1ConcRefinementThreads                  = 10                                        {product} {ergonomic}
   size_t G1HeapRegionSize                         = 2097152                                   {product} {ergonomic}
    uintx GCDrainStackTargetSize                   = 64                                        {product} {ergonomic}
   size_t InitialHeapSize                          = 264241152                                 {product} {ergonomic}
   size_t MarkStackSize                            = 4194304                                   {product} {ergonomic}
   size_t MaxHeapSize                              = 4219469824                                {product} {ergonomic}
   size_t MaxNewSize                               = 2531262464                                {product} {ergonomic}
   size_t MinHeapDeltaBytes                        = 2097152                                   {product} {ergonomic}
   size_t MinHeapSize                              = 8388608                                   {product} {ergonomic}
    uintx NonNMethodCodeHeapSize                   = 5839372                                {pd product} {ergonomic}
    uintx NonProfiledCodeHeapSize                  = 122909434                              {pd product} {ergonomic}
    uintx ProfiledCodeHeapSize                     = 122909434                              {pd product} {ergonomic}
    uintx ReservedCodeCacheSize                    = 251658240                              {pd product} {ergonomic}
     bool SegmentedCodeCache                       = true                                      {product} {ergonomic}
     bool ShowCodeDetailsInExceptionMessages       = true                                   {manageable} {command line}
   size_t SoftMaxHeapSize                          = 4219469824                             {manageable} {ergonomic}
     bool UseCompressedOops                        = true                           {product lp64_product} {ergonomic}
     bool UseG1GC                                  = true                                      {product} {ergonomic}
     bool UseLargePagesIndividualAllocation        = false                                  {pd product} {ergonomic}

Logging:
Log output configuration:
 #0: stdout all=warning uptime,level,tags foldmultilines=false
 #1: stderr all=off uptime,level,tags foldmultilines=false

Environment Variables:
JAVA_HOME=C:\Program Files\Java\jdk-21
PATH=C:\Program Files\Common Files\Oracle\Java\javapath;C:\windows\system32;C:\windows;C:\windows\System32\Wbem;C:\windows\System32\WindowsPowerShell\v1.0\;C:\windows\System32\OpenSSH\;C:\Program Files\MySQL\MySQL Server 8.0\bin;C:\Program Files\MySQL\MySQL Server 8.0\bin;C:\Program Files\HP\HP One Agent;C:\SOFTWARE TESTING\apache-maven-3.9.6-bin\apache-maven-3.9.6\bin;C:\Program Files\Java\jdk-21;C:\SOFTWARE TESTING\apache-maven-3.9.6-bin\apache-maven-3.9.6\bin;C:\Program Files\Git\cmd;%ANDROID_HOME%\platform-tools;%ANDROID_HOME%\tools;%ANDROID_HOME%\tools\bin;C:\Users\shank\AppData\Local\Android\Sdk\platform-tools;C:\Windows\System32;C:\Program Files\nodejs\;C:\windows;C:\windows\System32\Wbem;C:\windows\System32\WindowsPowerShell\v1.0\;C:\windows\System32\OpenSSH\;C:\Program Files\MySQL\MySQL Server 8.0\bin;C:\Program Files\MySQL\MySQL Server 8.0\bin;C:\Program Files\HP\HP One Agent;C:\SOFTWARE TESTING\apache-maven-3.9.6-bin\apache-maven-3.9.6\bin;C:\Program Files\Java\jdk-21;C:\SOFTWARE TESTING\apache-maven-3.9.6-bin\apache-maven-3.9.6\bin;C:\Program Files\Git\cmd;C:\Users\shank\AppData\Local\Android\Sdk\platform-tools;C:\Users\shank\AppData\Local\Android\Sdk\tools;C:\Users\shank\AppData\Local\Android\Sdk\tools\bin;C:\Users\shank\AppData\Local\Android\Sdk\platform-tools;C:\Program Files\nodejs\;C:\Program Files\MySQL\MySQL Shell 8.0\bin\;C:\Users\shank\AppData\Local\Microsoft\WindowsApps;C:\Users\shank\AppData\Local\Programs\Microsoft VS Code\bin;C:\Program Files\MySQL\MySQL Server 8.0\bin;C:\Program Files\nodejs\npm;C:\Windows\System32;C:\Users\shank\AppData\Roaming\npm
USERNAME=shank
OS=Windows_NT
PROCESSOR_IDENTIFIER=Intel64 Family 6 Model 186 Stepping 3, GenuineIntel
TMP=C:\Users\shank\AppData\Local\Temp
TEMP=C:\Users\shank\AppData\Local\Temp




Periodic native trim disabled

---------------  S Y S T E M  ---------------

OS:
 Windows 11 , 64 bit Build 22621 (10.0.22621.3374)
OS uptime: 0 days 0:53 hours
Hyper-V role detected

CPU: total 12 (initial active 12) (6 cores per cpu, 2 threads per core) family 6 model 186 stepping 3 microcode 0x410e, cx8, cmov, fxsr, ht, mmx, 3dnowpref, sse, sse2, sse3, ssse3, sse4.1, sse4.2, popcnt, lzcnt, tsc, tscinvbit, avx, avx2, aes, erms, clmul, bmi1, bmi2, adx, sha, fma, vzeroupper, clflush, clflushopt, clwb, hv, serialize, rdtscp, rdpid, fsrm, f16c, cet_ibt, cet_ss
Processor Information for processor 0
  Max Mhz: 1300, Current Mhz: 1300, Mhz Limit: 1300
Processor Information for processor 1
  Max Mhz: 1300, Current Mhz: 1300, Mhz Limit: 1300
Processor Information for processor 2
  Max Mhz: 1300, Current Mhz: 1300, Mhz Limit: 1300
Processor Information for processor 3
  Max Mhz: 1300, Current Mhz: 1300, Mhz Limit: 1300
Processor Information for processor 4
  Max Mhz: 1300, Current Mhz: 900, Mhz Limit: 897
Processor Information for processor 5
  Max Mhz: 1300, Current Mhz: 900, Mhz Limit: 897
Processor Information for processor 6
  Max Mhz: 1300, Current Mhz: 900, Mhz Limit: 897
Processor Information for processor 7
  Max Mhz: 1300, Current Mhz: 900, Mhz Limit: 897
Processor Information for processor 8
  Max Mhz: 1300, Current Mhz: 900, Mhz Limit: 897
Processor Information for processor 9
  Max Mhz: 1300, Current Mhz: 900, Mhz Limit: 897
Processor Information for processor 10
  Max Mhz: 1300, Current Mhz: 900, Mhz Limit: 897
Processor Information for processor 11
  Max Mhz: 1300, Current Mhz: 900, Mhz Limit: 897

Memory: 4k page, system-wide physical 16095M (807M free)
TotalPageFile size 16095M (AvailPageFile size 3M)
current process WorkingSet (physical memory assigned to process): 52M, peak: 52M
current process commit charge ("private bytes"): 347M, peak: 347M

vm_info: Java HotSpot(TM) 64-Bit Server VM (21.0.2+13-LTS-58) for windows-amd64 JRE (21.0.2+13-LTS-58), built on 2024-01-05T18:32:24Z by "mach5one" with MS VC++ 17.1 (VS2022)

END.
