#
# There is insufficient memory for the Java Runtime Environment to continue.
# Native memory allocation (malloc) failed to allocate 65552 bytes for Chunk::new
# Possible reasons:
#   The system is out of physical RAM or swap space
#   The process is running with CompressedOops enabled, and the Java Heap may be blocking the growth of the native heap
# Possible solutions:
#   Reduce memory load on the system
#   Increase physical memory or swap space
#   Check if swap backing store is full
#   Decrease Java heap size (-Xmx/-Xms)
#   Decrease number of Java threads
#   Decrease Java thread stack sizes (-Xss)
#   Set larger code cache with -XX:ReservedCodeCacheSize=
#   JVM is running with Zero Based Compressed Oops mode in which the Java heap is
#     placed in the first 32GB address space. The Java Heap base address is the
#     maximum limit for the native heap growth. Please use -XX:HeapBaseMinAddress
#     to set the Java Heap base and to place the Java Heap above 32GB virtual address.
# This output file may be truncated or incomplete.
#
#  Out of Memory Error (arena.cpp:168), pid=21176, tid=14144
#
# JRE version: Java(TM) SE Runtime Environment (21.0.2+13) (build 21.0.2+13-LTS-58)
# Java VM: Java HotSpot(TM) 64-Bit Server VM (21.0.2+13-LTS-58, mixed mode, sharing, tiered, compressed oops, compressed class ptrs, g1 gc, windows-amd64)
# No core dump will be written. Minidumps are not enabled by default on client versions of Windows
#

---------------  S U M M A R Y ------------

Command Line: -ea -Dfile.encoding=UTF-8 -Dstdout.encoding=UTF-8 -Dstderr.encoding=UTF-8 -XX:+ShowCodeDetailsInExceptionMessages org.testng.remote.RemoteTestNG -serport 57457 -protocol json -d C:\Users\shank\eclipse-workspace\MobileApplicationTest\test-output C:\Users\shank\AppData\Local\Temp\testng-eclipse-2065421448\testng-customsuite.xml

Host: 13th Gen Intel(R) Core(TM) i5-1335U, 12 cores, 15G,  Windows 11 , 64 bit Build 22621 (10.0.22621.3527)
Time: Fri May 17 20:50:39 2024 India Standard Time elapsed time: 0.848214 seconds (0d 0h 0m 0s)

---------------  T H R E A D  ---------------

Current thread (0x000001957a6583c0):  JavaThread "C2 CompilerThread0" daemon [_thread_in_native, id=14144, stack(0x000000180c400000,0x000000180c500000) (1024K)]


Current CompileTask:
C2:    848 1834       4       java.lang.invoke.MethodType::makeImpl (109 bytes)

Stack: [0x000000180c400000,0x000000180c500000]
Native frames: (J=compiled Java code, j=interpreted, Vv=VM code, C=native code)
V  [jvm.dll+0x6cade9]
V  [jvm.dll+0x8569c1]
V  [jvm.dll+0x858d2e]
V  [jvm.dll+0x859413]
V  [jvm.dll+0x280e56]
V  [jvm.dll+0xc3f3d]
V  [jvm.dll+0xc4473]
V  [jvm.dll+0xc4065]
V  [jvm.dll+0x6a7a5c]
V  [jvm.dll+0x251499]
V  [jvm.dll+0x6f071c]
V  [jvm.dll+0x24aebe]
V  [jvm.dll+0x2490a3]
V  [jvm.dll+0x1c9634]
V  [jvm.dll+0x258859]
V  [jvm.dll+0x256e3a]
V  [jvm.dll+0x3ef6c6]
V  [jvm.dll+0x7ff568]
V  [jvm.dll+0x6c953d]
C  [ucrtbase.dll+0x29333]
C  [KERNEL32.DLL+0x1257d]
C  [ntdll.dll+0x5aa48]


---------------  P R O C E S S  ---------------

Threads class SMR info:
_java_thread_list=0x000001955033fd60, length=15, elements={
0x0000019567d66a40, 0x0000019579fda020, 0x0000019579fdac80, 0x0000019579fdbda0,
0x0000019579fdea70, 0x0000019579fe1760, 0x0000019579fe5350, 0x000001957a6583c0,
0x000001957a679e10, 0x000001957a7e8f70, 0x000001957a803880, 0x000001957a895fc0,
0x000001957f258a40, 0x000001955012e240, 0x00000195502d8260
}

Java Threads: ( => current thread )
  0x0000019567d66a40 JavaThread "Forwarding newSession on session null to remote"        [_thread_in_Java, id=21228, stack(0x000000180b600000,0x000000180b700000) (1024K)]
  0x0000019579fda020 JavaThread "Reference Handler"          daemon [_thread_blocked, id=19140, stack(0x000000180be00000,0x000000180bf00000) (1024K)]
  0x0000019579fdac80 JavaThread "Finalizer"                  daemon [_thread_blocked, id=3332, stack(0x000000180bf00000,0x000000180c000000) (1024K)]
  0x0000019579fdbda0 JavaThread "Signal Dispatcher"          daemon [_thread_blocked, id=21088, stack(0x000000180c000000,0x000000180c100000) (1024K)]
  0x0000019579fdea70 JavaThread "Attach Listener"            daemon [_thread_blocked, id=12532, stack(0x000000180c100000,0x000000180c200000) (1024K)]
  0x0000019579fe1760 JavaThread "Service Thread"             daemon [_thread_blocked, id=21872, stack(0x000000180c200000,0x000000180c300000) (1024K)]
  0x0000019579fe5350 JavaThread "Monitor Deflation Thread"   daemon [_thread_blocked, id=21408, stack(0x000000180c300000,0x000000180c400000) (1024K)]
=>0x000001957a6583c0 JavaThread "C2 CompilerThread0"         daemon [_thread_in_native, id=14144, stack(0x000000180c400000,0x000000180c500000) (1024K)]
  0x000001957a679e10 JavaThread "C1 CompilerThread0"         daemon [_thread_blocked, id=7056, stack(0x000000180c500000,0x000000180c600000) (1024K)]
  0x000001957a7e8f70 JavaThread "Notification Thread"        daemon [_thread_blocked, id=16056, stack(0x000000180c600000,0x000000180c700000) (1024K)]
  0x000001957a803880 JavaThread "Common-Cleaner"             daemon [_thread_blocked, id=15192, stack(0x000000180c700000,0x000000180c800000) (1024K)]
  0x000001957a895fc0 JavaThread "C2 CompilerThread1"         daemon [_thread_in_native, id=9556, stack(0x000000180c800000,0x000000180c900000) (1024K)]
  0x000001957f258a40 JavaThread "ReaderThread"                      [_thread_in_native, id=21312, stack(0x000000180ca00000,0x000000180cb00000) (1024K)]
  0x000001955012e240 JavaThread "ForkJoinPool.commonPool-worker-1" daemon [_thread_blocked, id=272, stack(0x000000180d200000,0x000000180d300000) (1024K)]
  0x00000195502d8260 JavaThread "AsyncHttpClient-1-1"        daemon [_thread_blocked, id=15316, stack(0x000000180d300000,0x000000180d400000) (1024K)]
Total: 15

Other Threads:
  0x0000019579fbc4d0 VMThread "VM Thread"                           [id=3876, stack(0x000000180bd00000,0x000000180be00000) (1024K)]
  0x0000019579fa42f0 WatcherThread "VM Periodic Task Thread"        [id=3292, stack(0x000000180bc00000,0x000000180bd00000) (1024K)]
  0x000001956a0a96f0 WorkerThread "GC Thread#0"                     [id=3188, stack(0x000000180b700000,0x000000180b800000) (1024K)]
  0x00000195500d25f0 WorkerThread "GC Thread#1"                     [id=21060, stack(0x000000180cb00000,0x000000180cc00000) (1024K)]
  0x00000195500bfa80 WorkerThread "GC Thread#2"                     [id=16568, stack(0x000000180cc00000,0x000000180cd00000) (1024K)]
  0x00000195500f46b0 WorkerThread "GC Thread#3"                     [id=20180, stack(0x000000180cd00000,0x000000180ce00000) (1024K)]
  0x00000195500c47e0 WorkerThread "GC Thread#4"                     [id=2524, stack(0x000000180ce00000,0x000000180cf00000) (1024K)]
  0x00000195500c4b80 WorkerThread "GC Thread#5"                     [id=2132, stack(0x000000180cf00000,0x000000180d000000) (1024K)]
  0x000001955018e500 WorkerThread "GC Thread#6"                     [id=14276, stack(0x000000180d000000,0x000000180d100000) (1024K)]
  0x00000195501736c0 WorkerThread "GC Thread#7"                     [id=13396, stack(0x000000180d100000,0x000000180d200000) (1024K)]
  0x000001956a0baa60 ConcurrentGCThread "G1 Main Marker"            [id=20284, stack(0x000000180b800000,0x000000180b900000) (1024K)]
  0x000001956a0bb560 WorkerThread "G1 Conc#0"                       [id=12400, stack(0x000000180b900000,0x000000180ba00000) (1024K)]
  0x000001956a0feb10 ConcurrentGCThread "G1 Refine#0"               [id=21628, stack(0x000000180ba00000,0x000000180bb00000) (1024K)]
  0x0000019579e799f0 ConcurrentGCThread "G1 Service"                [id=20444, stack(0x000000180bb00000,0x000000180bc00000) (1024K)]
Total: 14

Threads with active compile tasks:
C2 CompilerThread0      865 1834       4       java.lang.invoke.MethodType::makeImpl (109 bytes)
C2 CompilerThread1      865 1863       4       jdk.internal.org.objectweb.asm.SymbolTable::addConstantUtf8Reference (101 bytes)
Total: 2

VM state: not at safepoint (normal execution)

VM Mutex/Monitor currently owned by a thread: None

Heap address: 0x0000000704800000, size: 4024 MB, Compressed Oops mode: Zero based, Oop shift amount: 3

CDS archive(s) mapped at: [0x000001950f000000-0x000001950fc90000-0x000001950fc90000), size 13172736, SharedBaseAddress: 0x000001950f000000, ArchiveRelocationMode: 1.
Compressed class space mapped at: 0x0000019510000000-0x0000019550000000, reserved size: 1073741824
Narrow klass base: 0x000001950f000000, Narrow klass shift: 0, Narrow klass range: 0x100000000

GC Precious Log:
 CardTable entry size: 512
 Card Set container configuration: InlinePtr #cards 4 size 8 Array Of Cards #cards 16 size 48 Howl #buckets 8 coarsen threshold 3686 Howl Bitmap #cards 512 size 80 coarsen threshold 460 Card regions per heap region 1 cards per card region 4096
 CPUs: 12 total, 12 available
 Memory: 16095M
 Large Page Support: Disabled
 NUMA Support: Disabled
 Compressed Oops: Enabled (Zero based)
 Heap Region Size: 2M
 Heap Min Capacity: 8M
 Heap Initial Capacity: 252M
 Heap Max Capacity: 4024M
 Pre-touch: Disabled
 Parallel Workers: 10
 Concurrent Workers: 3
 Concurrent Refinement Workers: 10
 Periodic GC: Disabled

Heap:
 garbage-first heap   total 258048K, used 28925K [0x0000000704800000, 0x0000000800000000)
  region size 2048K, 16 young (32768K), 2 survivors (4096K)
 Metaspace       used 18024K, committed 18432K, reserved 1114112K
  class space    used 2161K, committed 2368K, reserved 1048576K

Heap Regions: E=young(eden), S=young(survivor), O=old, HS=humongous(starts), HC=humongous(continues), CS=collection set, F=free, TAMS=top-at-mark-start, PB=parsable bottom
|   0|0x0000000704800000, 0x000000070483f4f0, 0x0000000704a00000| 12%| O|  |TAMS 0x0000000704800000| PB 0x0000000704800000| Untracked 
|   1|0x0000000704a00000, 0x0000000704a00000, 0x0000000704c00000|  0%| F|  |TAMS 0x0000000704a00000| PB 0x0000000704a00000| Untracked 
|   2|0x0000000704c00000, 0x0000000704c00000, 0x0000000704e00000|  0%| F|  |TAMS 0x0000000704c00000| PB 0x0000000704c00000| Untracked 
|   3|0x0000000704e00000, 0x0000000704e00000, 0x0000000705000000|  0%| F|  |TAMS 0x0000000704e00000| PB 0x0000000704e00000| Untracked 
|   4|0x0000000705000000, 0x0000000705000000, 0x0000000705200000|  0%| F|  |TAMS 0x0000000705000000| PB 0x0000000705000000| Untracked 
|   5|0x0000000705200000, 0x0000000705200000, 0x0000000705400000|  0%| F|  |TAMS 0x0000000705200000| PB 0x0000000705200000| Untracked 
|   6|0x0000000705400000, 0x0000000705400000, 0x0000000705600000|  0%| F|  |TAMS 0x0000000705400000| PB 0x0000000705400000| Untracked 
|   7|0x0000000705600000, 0x0000000705600000, 0x0000000705800000|  0%| F|  |TAMS 0x0000000705600000| PB 0x0000000705600000| Untracked 
|   8|0x0000000705800000, 0x0000000705800000, 0x0000000705a00000|  0%| F|  |TAMS 0x0000000705800000| PB 0x0000000705800000| Untracked 
|   9|0x0000000705a00000, 0x0000000705a00000, 0x0000000705c00000|  0%| F|  |TAMS 0x0000000705a00000| PB 0x0000000705a00000| Untracked 
|  10|0x0000000705c00000, 0x0000000705c00000, 0x0000000705e00000|  0%| F|  |TAMS 0x0000000705c00000| PB 0x0000000705c00000| Untracked 
|  11|0x0000000705e00000, 0x0000000705e00000, 0x0000000706000000|  0%| F|  |TAMS 0x0000000705e00000| PB 0x0000000705e00000| Untracked 
|  12|0x0000000706000000, 0x0000000706000000, 0x0000000706200000|  0%| F|  |TAMS 0x0000000706000000| PB 0x0000000706000000| Untracked 
|  13|0x0000000706200000, 0x0000000706200000, 0x0000000706400000|  0%| F|  |TAMS 0x0000000706200000| PB 0x0000000706200000| Untracked 
|  14|0x0000000706400000, 0x0000000706400000, 0x0000000706600000|  0%| F|  |TAMS 0x0000000706400000| PB 0x0000000706400000| Untracked 
|  15|0x0000000706600000, 0x0000000706600000, 0x0000000706800000|  0%| F|  |TAMS 0x0000000706600000| PB 0x0000000706600000| Untracked 
|  16|0x0000000706800000, 0x0000000706800000, 0x0000000706a00000|  0%| F|  |TAMS 0x0000000706800000| PB 0x0000000706800000| Untracked 
|  17|0x0000000706a00000, 0x0000000706a00000, 0x0000000706c00000|  0%| F|  |TAMS 0x0000000706a00000| PB 0x0000000706a00000| Untracked 
|  18|0x0000000706c00000, 0x0000000706c00000, 0x0000000706e00000|  0%| F|  |TAMS 0x0000000706c00000| PB 0x0000000706c00000| Untracked 
|  19|0x0000000706e00000, 0x0000000706e00000, 0x0000000707000000|  0%| F|  |TAMS 0x0000000706e00000| PB 0x0000000706e00000| Untracked 
|  20|0x0000000707000000, 0x0000000707000000, 0x0000000707200000|  0%| F|  |TAMS 0x0000000707000000| PB 0x0000000707000000| Untracked 
|  21|0x0000000707200000, 0x0000000707200000, 0x0000000707400000|  0%| F|  |TAMS 0x0000000707200000| PB 0x0000000707200000| Untracked 
|  22|0x0000000707400000, 0x0000000707400000, 0x0000000707600000|  0%| F|  |TAMS 0x0000000707400000| PB 0x0000000707400000| Untracked 
|  23|0x0000000707600000, 0x0000000707600000, 0x0000000707800000|  0%| F|  |TAMS 0x0000000707600000| PB 0x0000000707600000| Untracked 
|  24|0x0000000707800000, 0x0000000707800000, 0x0000000707a00000|  0%| F|  |TAMS 0x0000000707800000| PB 0x0000000707800000| Untracked 
|  25|0x0000000707a00000, 0x0000000707a00000, 0x0000000707c00000|  0%| F|  |TAMS 0x0000000707a00000| PB 0x0000000707a00000| Untracked 
|  26|0x0000000707c00000, 0x0000000707c00000, 0x0000000707e00000|  0%| F|  |TAMS 0x0000000707c00000| PB 0x0000000707c00000| Untracked 
|  27|0x0000000707e00000, 0x0000000707e00000, 0x0000000708000000|  0%| F|  |TAMS 0x0000000707e00000| PB 0x0000000707e00000| Untracked 
|  28|0x0000000708000000, 0x0000000708000000, 0x0000000708200000|  0%| F|  |TAMS 0x0000000708000000| PB 0x0000000708000000| Untracked 
|  29|0x0000000708200000, 0x0000000708200000, 0x0000000708400000|  0%| F|  |TAMS 0x0000000708200000| PB 0x0000000708200000| Untracked 
|  30|0x0000000708400000, 0x0000000708400000, 0x0000000708600000|  0%| F|  |TAMS 0x0000000708400000| PB 0x0000000708400000| Untracked 
|  31|0x0000000708600000, 0x0000000708600000, 0x0000000708800000|  0%| F|  |TAMS 0x0000000708600000| PB 0x0000000708600000| Untracked 
|  32|0x0000000708800000, 0x0000000708800000, 0x0000000708a00000|  0%| F|  |TAMS 0x0000000708800000| PB 0x0000000708800000| Untracked 
|  33|0x0000000708a00000, 0x0000000708a00000, 0x0000000708c00000|  0%| F|  |TAMS 0x0000000708a00000| PB 0x0000000708a00000| Untracked 
|  34|0x0000000708c00000, 0x0000000708c00000, 0x0000000708e00000|  0%| F|  |TAMS 0x0000000708c00000| PB 0x0000000708c00000| Untracked 
|  35|0x0000000708e00000, 0x0000000708e00000, 0x0000000709000000|  0%| F|  |TAMS 0x0000000708e00000| PB 0x0000000708e00000| Untracked 
|  36|0x0000000709000000, 0x0000000709000000, 0x0000000709200000|  0%| F|  |TAMS 0x0000000709000000| PB 0x0000000709000000| Untracked 
|  37|0x0000000709200000, 0x0000000709200000, 0x0000000709400000|  0%| F|  |TAMS 0x0000000709200000| PB 0x0000000709200000| Untracked 
|  38|0x0000000709400000, 0x0000000709400000, 0x0000000709600000|  0%| F|  |TAMS 0x0000000709400000| PB 0x0000000709400000| Untracked 
|  39|0x0000000709600000, 0x0000000709600000, 0x0000000709800000|  0%| F|  |TAMS 0x0000000709600000| PB 0x0000000709600000| Untracked 
|  40|0x0000000709800000, 0x0000000709800000, 0x0000000709a00000|  0%| F|  |TAMS 0x0000000709800000| PB 0x0000000709800000| Untracked 
|  41|0x0000000709a00000, 0x0000000709a00000, 0x0000000709c00000|  0%| F|  |TAMS 0x0000000709a00000| PB 0x0000000709a00000| Untracked 
|  42|0x0000000709c00000, 0x0000000709c00000, 0x0000000709e00000|  0%| F|  |TAMS 0x0000000709c00000| PB 0x0000000709c00000| Untracked 
|  43|0x0000000709e00000, 0x0000000709e00000, 0x000000070a000000|  0%| F|  |TAMS 0x0000000709e00000| PB 0x0000000709e00000| Untracked 
|  44|0x000000070a000000, 0x000000070a000000, 0x000000070a200000|  0%| F|  |TAMS 0x000000070a000000| PB 0x000000070a000000| Untracked 
|  45|0x000000070a200000, 0x000000070a200000, 0x000000070a400000|  0%| F|  |TAMS 0x000000070a200000| PB 0x000000070a200000| Untracked 
|  46|0x000000070a400000, 0x000000070a400000, 0x000000070a600000|  0%| F|  |TAMS 0x000000070a400000| PB 0x000000070a400000| Untracked 
|  47|0x000000070a600000, 0x000000070a600000, 0x000000070a800000|  0%| F|  |TAMS 0x000000070a600000| PB 0x000000070a600000| Untracked 
|  48|0x000000070a800000, 0x000000070a800000, 0x000000070aa00000|  0%| F|  |TAMS 0x000000070a800000| PB 0x000000070a800000| Untracked 
|  49|0x000000070aa00000, 0x000000070aa00000, 0x000000070ac00000|  0%| F|  |TAMS 0x000000070aa00000| PB 0x000000070aa00000| Untracked 
|  50|0x000000070ac00000, 0x000000070ac00000, 0x000000070ae00000|  0%| F|  |TAMS 0x000000070ac00000| PB 0x000000070ac00000| Untracked 
|  51|0x000000070ae00000, 0x000000070ae00000, 0x000000070b000000|  0%| F|  |TAMS 0x000000070ae00000| PB 0x000000070ae00000| Untracked 
|  52|0x000000070b000000, 0x000000070b000000, 0x000000070b200000|  0%| F|  |TAMS 0x000000070b000000| PB 0x000000070b000000| Untracked 
|  53|0x000000070b200000, 0x000000070b200000, 0x000000070b400000|  0%| F|  |TAMS 0x000000070b200000| PB 0x000000070b200000| Untracked 
|  54|0x000000070b400000, 0x000000070b400000, 0x000000070b600000|  0%| F|  |TAMS 0x000000070b400000| PB 0x000000070b400000| Untracked 
|  55|0x000000070b600000, 0x000000070b600000, 0x000000070b800000|  0%| F|  |TAMS 0x000000070b600000| PB 0x000000070b600000| Untracked 
|  56|0x000000070b800000, 0x000000070b800000, 0x000000070ba00000|  0%| F|  |TAMS 0x000000070b800000| PB 0x000000070b800000| Untracked 
|  57|0x000000070ba00000, 0x000000070ba00000, 0x000000070bc00000|  0%| F|  |TAMS 0x000000070ba00000| PB 0x000000070ba00000| Untracked 
|  58|0x000000070bc00000, 0x000000070bc00000, 0x000000070be00000|  0%| F|  |TAMS 0x000000070bc00000| PB 0x000000070bc00000| Untracked 
|  59|0x000000070be00000, 0x000000070be00000, 0x000000070c000000|  0%| F|  |TAMS 0x000000070be00000| PB 0x000000070be00000| Untracked 
|  60|0x000000070c000000, 0x000000070c000000, 0x000000070c200000|  0%| F|  |TAMS 0x000000070c000000| PB 0x000000070c000000| Untracked 
|  61|0x000000070c200000, 0x000000070c200000, 0x000000070c400000|  0%| F|  |TAMS 0x000000070c200000| PB 0x000000070c200000| Untracked 
|  62|0x000000070c400000, 0x000000070c400000, 0x000000070c600000|  0%| F|  |TAMS 0x000000070c400000| PB 0x000000070c400000| Untracked 
|  63|0x000000070c600000, 0x000000070c600000, 0x000000070c800000|  0%| F|  |TAMS 0x000000070c600000| PB 0x000000070c600000| Untracked 
|  64|0x000000070c800000, 0x000000070c800000, 0x000000070ca00000|  0%| F|  |TAMS 0x000000070c800000| PB 0x000000070c800000| Untracked 
|  65|0x000000070ca00000, 0x000000070ca00000, 0x000000070cc00000|  0%| F|  |TAMS 0x000000070ca00000| PB 0x000000070ca00000| Untracked 
|  66|0x000000070cc00000, 0x000000070cc00000, 0x000000070ce00000|  0%| F|  |TAMS 0x000000070cc00000| PB 0x000000070cc00000| Untracked 
|  67|0x000000070ce00000, 0x000000070ce00000, 0x000000070d000000|  0%| F|  |TAMS 0x000000070ce00000| PB 0x000000070ce00000| Untracked 
|  68|0x000000070d000000, 0x000000070d000000, 0x000000070d200000|  0%| F|  |TAMS 0x000000070d000000| PB 0x000000070d000000| Untracked 
|  69|0x000000070d200000, 0x000000070d200000, 0x000000070d400000|  0%| F|  |TAMS 0x000000070d200000| PB 0x000000070d200000| Untracked 
|  70|0x000000070d400000, 0x000000070d400000, 0x000000070d600000|  0%| F|  |TAMS 0x000000070d400000| PB 0x000000070d400000| Untracked 
|  71|0x000000070d600000, 0x000000070d600000, 0x000000070d800000|  0%| F|  |TAMS 0x000000070d600000| PB 0x000000070d600000| Untracked 
|  72|0x000000070d800000, 0x000000070d800000, 0x000000070da00000|  0%| F|  |TAMS 0x000000070d800000| PB 0x000000070d800000| Untracked 
|  73|0x000000070da00000, 0x000000070da00000, 0x000000070dc00000|  0%| F|  |TAMS 0x000000070da00000| PB 0x000000070da00000| Untracked 
|  74|0x000000070dc00000, 0x000000070dc00000, 0x000000070de00000|  0%| F|  |TAMS 0x000000070dc00000| PB 0x000000070dc00000| Untracked 
|  75|0x000000070de00000, 0x000000070de00000, 0x000000070e000000|  0%| F|  |TAMS 0x000000070de00000| PB 0x000000070de00000| Untracked 
|  76|0x000000070e000000, 0x000000070e000000, 0x000000070e200000|  0%| F|  |TAMS 0x000000070e000000| PB 0x000000070e000000| Untracked 
|  77|0x000000070e200000, 0x000000070e200000, 0x000000070e400000|  0%| F|  |TAMS 0x000000070e200000| PB 0x000000070e200000| Untracked 
|  78|0x000000070e400000, 0x000000070e400000, 0x000000070e600000|  0%| F|  |TAMS 0x000000070e400000| PB 0x000000070e400000| Untracked 
|  79|0x000000070e600000, 0x000000070e600000, 0x000000070e800000|  0%| F|  |TAMS 0x000000070e600000| PB 0x000000070e600000| Untracked 
|  80|0x000000070e800000, 0x000000070e800000, 0x000000070ea00000|  0%| F|  |TAMS 0x000000070e800000| PB 0x000000070e800000| Untracked 
|  81|0x000000070ea00000, 0x000000070ea00000, 0x000000070ec00000|  0%| F|  |TAMS 0x000000070ea00000| PB 0x000000070ea00000| Untracked 
|  82|0x000000070ec00000, 0x000000070ec00000, 0x000000070ee00000|  0%| F|  |TAMS 0x000000070ec00000| PB 0x000000070ec00000| Untracked 
|  83|0x000000070ee00000, 0x000000070ee00000, 0x000000070f000000|  0%| F|  |TAMS 0x000000070ee00000| PB 0x000000070ee00000| Untracked 
|  84|0x000000070f000000, 0x000000070f000000, 0x000000070f200000|  0%| F|  |TAMS 0x000000070f000000| PB 0x000000070f000000| Untracked 
|  85|0x000000070f200000, 0x000000070f200000, 0x000000070f400000|  0%| F|  |TAMS 0x000000070f200000| PB 0x000000070f200000| Untracked 
|  86|0x000000070f400000, 0x000000070f400000, 0x000000070f600000|  0%| F|  |TAMS 0x000000070f400000| PB 0x000000070f400000| Untracked 
|  87|0x000000070f600000, 0x000000070f600000, 0x000000070f800000|  0%| F|  |TAMS 0x000000070f600000| PB 0x000000070f600000| Untracked 
|  88|0x000000070f800000, 0x000000070f800000, 0x000000070fa00000|  0%| F|  |TAMS 0x000000070f800000| PB 0x000000070f800000| Untracked 
|  89|0x000000070fa00000, 0x000000070fa00000, 0x000000070fc00000|  0%| F|  |TAMS 0x000000070fa00000| PB 0x000000070fa00000| Untracked 
|  90|0x000000070fc00000, 0x000000070fc00000, 0x000000070fe00000|  0%| F|  |TAMS 0x000000070fc00000| PB 0x000000070fc00000| Untracked 
|  91|0x000000070fe00000, 0x000000070fe00000, 0x0000000710000000|  0%| F|  |TAMS 0x000000070fe00000| PB 0x000000070fe00000| Untracked 
|  92|0x0000000710000000, 0x0000000710000000, 0x0000000710200000|  0%| F|  |TAMS 0x0000000710000000| PB 0x0000000710000000| Untracked 
|  93|0x0000000710200000, 0x0000000710200000, 0x0000000710400000|  0%| F|  |TAMS 0x0000000710200000| PB 0x0000000710200000| Untracked 
|  94|0x0000000710400000, 0x0000000710400000, 0x0000000710600000|  0%| F|  |TAMS 0x0000000710400000| PB 0x0000000710400000| Untracked 
|  95|0x0000000710600000, 0x0000000710600000, 0x0000000710800000|  0%| F|  |TAMS 0x0000000710600000| PB 0x0000000710600000| Untracked 
|  96|0x0000000710800000, 0x0000000710800000, 0x0000000710a00000|  0%| F|  |TAMS 0x0000000710800000| PB 0x0000000710800000| Untracked 
|  97|0x0000000710a00000, 0x0000000710a00000, 0x0000000710c00000|  0%| F|  |TAMS 0x0000000710a00000| PB 0x0000000710a00000| Untracked 
|  98|0x0000000710c00000, 0x0000000710c00000, 0x0000000710e00000|  0%| F|  |TAMS 0x0000000710c00000| PB 0x0000000710c00000| Untracked 
|  99|0x0000000710e00000, 0x0000000710e00000, 0x0000000711000000|  0%| F|  |TAMS 0x0000000710e00000| PB 0x0000000710e00000| Untracked 
| 100|0x0000000711000000, 0x0000000711000000, 0x0000000711200000|  0%| F|  |TAMS 0x0000000711000000| PB 0x0000000711000000| Untracked 
| 101|0x0000000711200000, 0x0000000711200000, 0x0000000711400000|  0%| F|  |TAMS 0x0000000711200000| PB 0x0000000711200000| Untracked 
| 102|0x0000000711400000, 0x0000000711400000, 0x0000000711600000|  0%| F|  |TAMS 0x0000000711400000| PB 0x0000000711400000| Untracked 
| 103|0x0000000711600000, 0x0000000711600000, 0x0000000711800000|  0%| F|  |TAMS 0x0000000711600000| PB 0x0000000711600000| Untracked 
| 104|0x0000000711800000, 0x0000000711800000, 0x0000000711a00000|  0%| F|  |TAMS 0x0000000711800000| PB 0x0000000711800000| Untracked 
| 105|0x0000000711a00000, 0x0000000711a00000, 0x0000000711c00000|  0%| F|  |TAMS 0x0000000711a00000| PB 0x0000000711a00000| Untracked 
| 106|0x0000000711c00000, 0x0000000711c00000, 0x0000000711e00000|  0%| F|  |TAMS 0x0000000711c00000| PB 0x0000000711c00000| Untracked 
| 107|0x0000000711e00000, 0x0000000711e00000, 0x0000000712000000|  0%| F|  |TAMS 0x0000000711e00000| PB 0x0000000711e00000| Untracked 
| 108|0x0000000712000000, 0x0000000712000000, 0x0000000712200000|  0%| F|  |TAMS 0x0000000712000000| PB 0x0000000712000000| Untracked 
| 109|0x0000000712200000, 0x0000000712200000, 0x0000000712400000|  0%| F|  |TAMS 0x0000000712200000| PB 0x0000000712200000| Untracked 
| 110|0x0000000712400000, 0x00000007124aee20, 0x0000000712600000| 34%| E|  |TAMS 0x0000000712400000| PB 0x0000000712400000| Complete 
| 111|0x0000000712600000, 0x0000000712800000, 0x0000000712800000|100%| E|CS|TAMS 0x0000000712600000| PB 0x0000000712600000| Complete 
| 112|0x0000000712800000, 0x0000000712a00000, 0x0000000712a00000|100%| E|CS|TAMS 0x0000000712800000| PB 0x0000000712800000| Complete 
| 113|0x0000000712a00000, 0x0000000712c00000, 0x0000000712c00000|100%| S|CS|TAMS 0x0000000712a00000| PB 0x0000000712a00000| Complete 
| 114|0x0000000712c00000, 0x0000000712e00000, 0x0000000712e00000|100%| S|CS|TAMS 0x0000000712c00000| PB 0x0000000712c00000| Complete 
| 115|0x0000000712e00000, 0x0000000713000000, 0x0000000713000000|100%| E|CS|TAMS 0x0000000712e00000| PB 0x0000000712e00000| Complete 
| 116|0x0000000713000000, 0x0000000713200000, 0x0000000713200000|100%| E|CS|TAMS 0x0000000713000000| PB 0x0000000713000000| Complete 
| 117|0x0000000713200000, 0x0000000713400000, 0x0000000713400000|100%| E|CS|TAMS 0x0000000713200000| PB 0x0000000713200000| Complete 
| 118|0x0000000713400000, 0x0000000713600000, 0x0000000713600000|100%| E|CS|TAMS 0x0000000713400000| PB 0x0000000713400000| Complete 
| 119|0x0000000713600000, 0x0000000713800000, 0x0000000713800000|100%| E|CS|TAMS 0x0000000713600000| PB 0x0000000713600000| Complete 
| 120|0x0000000713800000, 0x0000000713a00000, 0x0000000713a00000|100%| E|CS|TAMS 0x0000000713800000| PB 0x0000000713800000| Complete 
| 121|0x0000000713a00000, 0x0000000713c00000, 0x0000000713c00000|100%| E|  |TAMS 0x0000000713a00000| PB 0x0000000713a00000| Complete 
| 122|0x0000000713c00000, 0x0000000713e00000, 0x0000000713e00000|100%| E|CS|TAMS 0x0000000713c00000| PB 0x0000000713c00000| Complete 
| 123|0x0000000713e00000, 0x0000000714000000, 0x0000000714000000|100%| E|CS|TAMS 0x0000000713e00000| PB 0x0000000713e00000| Complete 
| 124|0x0000000714000000, 0x0000000714200000, 0x0000000714200000|100%| E|CS|TAMS 0x0000000714000000| PB 0x0000000714000000| Complete 
| 125|0x0000000714200000, 0x0000000714400000, 0x0000000714400000|100%| E|CS|TAMS 0x0000000714200000| PB 0x0000000714200000| Complete 

Card table byte_map: [0x00000195731d0000,0x00000195739b0000] _byte_map_base: 0x000001956f9ac000

Marking Bits: (CMBitMap*) 0x000001956a0aa600
 Bits: [0x00000195739b0000, 0x0000019577890000)

Polling page: 0x0000019568020000

Metaspace:

Usage:
  Non-class:     15.52 MB used.
      Class:      2.11 MB used.
       Both:     17.64 MB used.

Virtual space:
  Non-class space:       64.00 MB reserved,      15.69 MB ( 25%) committed,  1 nodes.
      Class space:        1.00 GB reserved,       2.31 MB ( <1%) committed,  1 nodes.
             Both:        1.06 GB reserved,      18.00 MB (  2%) committed. 

Chunk freelists:
   Non-Class:  80.00 KB
       Class:  13.75 MB
        Both:  13.83 MB

MaxMetaspaceSize: unlimited
CompressedClassSpaceSize: 1.00 GB
Initial GC threshold: 21.00 MB
Current GC threshold: 21.00 MB
CDS: on
 - commit_granule_bytes: 65536.
 - commit_granule_words: 8192.
 - virtual_space_node_default_size: 8388608.
 - enlarge_chunks_in_place: 1.
 - use_allocation_guard: 0.


Internal statistics:

num_allocs_failed_limit: 0.
num_arena_births: 374.
num_arena_deaths: 0.
num_vsnodes_births: 2.
num_vsnodes_deaths: 0.
num_space_committed: 288.
num_space_uncommitted: 0.
num_chunks_returned_to_freelist: 0.
num_chunks_taken_from_freelist: 876.
num_chunk_merges: 0.
num_chunk_splits: 550.
num_chunks_enlarged: 356.
num_inconsistent_stats: 0.

CodeHeap 'non-profiled nmethods': size=120000Kb used=693Kb max_used=693Kb free=119306Kb
 bounds [0x0000019507ad0000, 0x0000019507d40000, 0x000001950f000000]
CodeHeap 'profiled nmethods': size=120000Kb used=3505Kb max_used=3505Kb free=116494Kb
 bounds [0x0000019500000000, 0x0000019500370000, 0x0000019507530000]
CodeHeap 'non-nmethods': size=5760Kb used=1520Kb max_used=1544Kb free=4239Kb
 bounds [0x0000019507530000, 0x00000195077a0000, 0x0000019507ad0000]
 total_blobs=2450 nmethods=1863 adapters=492
 compilation: enabled
              stopped_count=0, restarted_count=0
 full_count=0

Compilation events (20 events):
Event: 0.840 Thread 0x000001957a679e10 1842       3       java.nio.CharBuffer::position (6 bytes)
Event: 0.840 Thread 0x000001957a679e10 nmethod 1842 0x0000019500365f90 code [0x0000019500366140, 0x00000195003662f0]
Event: 0.840 Thread 0x000001957a679e10 1845       3       java.lang.invoke.MethodHandles$Lookup::maybeBindCaller (72 bytes)
Event: 0.840 Thread 0x000001957a679e10 nmethod 1845 0x0000019500366410 code [0x0000019500366640, 0x0000019500366dc0]
Event: 0.840 Thread 0x000001957a679e10 1840       3       java.lang.Class::protectionDomain (48 bytes)
Event: 0.840 Thread 0x000001957a679e10 nmethod 1840 0x0000019500367090 code [0x00000195003672e0, 0x0000019500367960]
Event: 0.840 Thread 0x000001957a679e10 1846       1       java.util.zip.ZipEntry::getName (5 bytes)
Event: 0.840 Thread 0x000001957a679e10 nmethod 1846 0x0000019507b7b290 code [0x0000019507b7b420, 0x0000019507b7b4f0]
Event: 0.841 Thread 0x000001957a679e10 1849   !   3       java.util.ImmutableCollections$ListItr::next (34 bytes)
Event: 0.842 Thread 0x000001957a679e10 nmethod 1849 0x0000019500367b90 code [0x0000019500367d60, 0x0000019500368050]
Event: 0.842 Thread 0x000001957a679e10 1850       3       java.lang.System$2::defineClass (21 bytes)
Event: 0.842 Thread 0x000001957a679e10 nmethod 1850 0x0000019500368190 code [0x0000019500368340, 0x00000195003684b8]
Event: 0.842 Thread 0x000001957a679e10 1854       3       java.lang.invoke.MethodHandles$Lookup$ClassDefiner::<init> (64 bytes)
Event: 0.842 Thread 0x000001957a679e10 nmethod 1854 0x0000019500368590 code [0x0000019500368740, 0x0000019500368a60]
Event: 0.842 Thread 0x000001957a679e10 1856       3       jdk.internal.org.objectweb.asm.MethodWriter::visitLdcInsn (215 bytes)
Event: 0.843 Thread 0x000001957a895fc0 1858       4       jdk.internal.org.objectweb.asm.Frame::push (109 bytes)
Event: 0.843 Thread 0x000001957a679e10 nmethod 1856 0x0000019500368b90 code [0x0000019500368e20, 0x0000019500369928]
Event: 0.844 Thread 0x000001957a679e10 1857   !   3       java.lang.invoke.LambdaForm::compileToBytecode (164 bytes)
Event: 0.844 Thread 0x000001957a679e10 nmethod 1857 0x0000019500369d90 code [0x000001950036a000, 0x000001950036a978]
Event: 0.845 Thread 0x000001957a895fc0 nmethod 1858 0x0000019507b7cb90 code [0x0000019507b7cd40, 0x0000019507b7d030]

GC Heap History (2 events):
Event: 0.508 GC heap before
{Heap before GC invocations=0 (full 0):
 garbage-first heap   total 258048K, used 22528K [0x0000000704800000, 0x0000000800000000)
  region size 2048K, 11 young (22528K), 0 survivors (0K)
 Metaspace       used 8159K, committed 8448K, reserved 1114112K
  class space    used 959K, committed 1088K, reserved 1048576K
}
Event: 0.512 GC heap after
{Heap after GC invocations=1 (full 0):
 garbage-first heap   total 258048K, used 4349K [0x0000000704800000, 0x0000000800000000)
  region size 2048K, 2 young (4096K), 2 survivors (4096K)
 Metaspace       used 8159K, committed 8448K, reserved 1114112K
  class space    used 959K, committed 1088K, reserved 1048576K
}

Dll operation events (11 events):
Event: 0.005 Loaded shared library C:\Program Files\Java\jdk-21\bin\java.dll
Event: 0.024 Loaded shared library C:\Program Files\Java\jdk-21\bin\jsvml.dll
Event: 0.048 Loaded shared library C:\Program Files\Java\jdk-21\bin\net.dll
Event: 0.049 Loaded shared library C:\Program Files\Java\jdk-21\bin\nio.dll
Event: 0.052 Loaded shared library C:\Program Files\Java\jdk-21\bin\zip.dll
Event: 0.116 Loaded shared library C:\Program Files\Java\jdk-21\bin\jimage.dll
Event: 0.172 Loaded shared library C:\Program Files\Java\jdk-21\bin\verify.dll
Event: 0.219 Loaded shared library C:\Program Files\Java\jdk-21\bin\extnet.dll
Event: 0.583 Loaded shared library C:\Program Files\Java\jdk-21\bin\management.dll
Event: 0.585 Loaded shared library C:\Program Files\Java\jdk-21\bin\management_ext.dll
Event: 0.695 Loaded shared library C:\Program Files\Java\jdk-21\bin\sunmscapi.dll

Deoptimization events (20 events):
Event: 0.726 Thread 0x0000019567d66a40 DEOPT PACKING pc=0x0000019507b5a048 sp=0x000000180b6fa970
Event: 0.726 Thread 0x0000019567d66a40 DEOPT UNPACKING pc=0x00000195075846a2 sp=0x000000180b6fa908 mode 2
Event: 0.726 Thread 0x0000019567d66a40 Uncommon trap: trap_request=0xffffffc6 fr.pc=0x0000019507b5a048 relative=0x0000000000001328
Event: 0.726 Thread 0x0000019567d66a40 Uncommon trap: reason=bimorphic_or_optimized_type_check action=maybe_recompile pc=0x0000019507b5a048 method=java.util.HashMap.putVal(ILjava/lang/Object;Ljava/lang/Object;ZZ)Ljava/lang/Object; @ 56 c2
Event: 0.726 Thread 0x0000019567d66a40 DEOPT PACKING pc=0x0000019507b5a048 sp=0x000000180b6fa970
Event: 0.726 Thread 0x0000019567d66a40 DEOPT UNPACKING pc=0x00000195075846a2 sp=0x000000180b6fa908 mode 2
Event: 0.726 Thread 0x0000019567d66a40 Uncommon trap: trap_request=0xffffffc6 fr.pc=0x0000019507b5a048 relative=0x0000000000001328
Event: 0.726 Thread 0x0000019567d66a40 Uncommon trap: reason=bimorphic_or_optimized_type_check action=maybe_recompile pc=0x0000019507b5a048 method=java.util.HashMap.putVal(ILjava/lang/Object;Ljava/lang/Object;ZZ)Ljava/lang/Object; @ 56 c2
Event: 0.726 Thread 0x0000019567d66a40 DEOPT PACKING pc=0x0000019507b5a048 sp=0x000000180b6fa970
Event: 0.726 Thread 0x0000019567d66a40 DEOPT UNPACKING pc=0x00000195075846a2 sp=0x000000180b6fa908 mode 2
Event: 0.786 Thread 0x0000019567d66a40 Uncommon trap: trap_request=0xffffff45 fr.pc=0x0000019507b60fbc relative=0x000000000000167c
Event: 0.786 Thread 0x0000019567d66a40 Uncommon trap: reason=unstable_if action=reinterpret pc=0x0000019507b60fbc method=java.util.concurrent.ConcurrentHashMap.transfer([Ljava/util/concurrent/ConcurrentHashMap$Node;[Ljava/util/concurrent/ConcurrentHashMap$Node;)V @ 26 c2
Event: 0.786 Thread 0x0000019567d66a40 DEOPT PACKING pc=0x0000019507b60fbc sp=0x000000180b6fb3f0
Event: 0.786 Thread 0x0000019567d66a40 DEOPT UNPACKING pc=0x00000195075846a2 sp=0x000000180b6fb360 mode 2
Event: 0.807 Thread 0x0000019567d66a40 Uncommon trap: trap_request=0xffffff45 fr.pc=0x0000019507b361b8 relative=0x0000000000000c98
Event: 0.807 Thread 0x0000019567d66a40 Uncommon trap: reason=unstable_if action=reinterpret pc=0x0000019507b361b8 method=jdk.internal.org.objectweb.asm.Frame.execute(IILjdk/internal/org/objectweb/asm/Symbol;Ljdk/internal/org/objectweb/asm/SymbolTable;)V @ 1 c2
Event: 0.807 Thread 0x0000019567d66a40 DEOPT PACKING pc=0x0000019507b361b8 sp=0x000000180b6fbdf0
Event: 0.807 Thread 0x0000019567d66a40 DEOPT UNPACKING pc=0x00000195075846a2 sp=0x000000180b6fbd58 mode 2
Event: 0.844 Thread 0x0000019567d66a40 DEOPT PACKING pc=0x000001950030b03d sp=0x000000180b6f76f0
Event: 0.844 Thread 0x0000019567d66a40 DEOPT UNPACKING pc=0x0000019507584e42 sp=0x000000180b6f6c00 mode 0

Classes loaded (20 events):
Event: 0.830 Loading class java/util/stream/ReduceOps$CountingSink$OfRef
Event: 0.830 Loading class java/util/stream/ReduceOps$CountingSink
Event: 0.830 Loading class java/util/stream/ReduceOps$CountingSink done
Event: 0.830 Loading class java/util/stream/ReduceOps$CountingSink$OfRef done
Event: 0.831 Loading class java/util/stream/ReferencePipeline$15
Event: 0.831 Loading class java/util/stream/ReferencePipeline$15 done
Event: 0.832 Loading class java/util/stream/ReferencePipeline$15$1
Event: 0.832 Loading class java/util/stream/ReferencePipeline$15$1 done
Event: 0.834 Loading class java/util/HashMap$EntrySpliterator
Event: 0.834 Loading class java/util/HashMap$EntrySpliterator done
Event: 0.838 Loading class java/util/stream/DistinctOps
Event: 0.838 Loading class java/util/stream/DistinctOps done
Event: 0.838 Loading class java/util/stream/DistinctOps$1
Event: 0.838 Loading class java/util/stream/DistinctOps$1 done
Event: 0.838 Loading class java/util/stream/DistinctOps$1$2
Event: 0.838 Loading class java/util/stream/DistinctOps$1$2 done
Event: 0.841 Loading class sun/invoke/util/ValueConversions$1
Event: 0.841 Loading class sun/invoke/util/ValueConversions$1 done
Event: 0.841 Loading class java/lang/invoke/BoundMethodHandle$Species_LI
Event: 0.841 Loading class java/lang/invoke/BoundMethodHandle$Species_LI done

Classes unloaded (0 events):
No events

Classes redefined (0 events):
No events

Internal exceptions (20 events):
Event: 0.523 Thread 0x0000019567d66a40 Exception <a 'java/lang/NoSuchMethodError'{0x000000071430bd38}: 'java.lang.Object java.lang.invoke.DirectMethodHandle$Holder.invokeInterface(java.lang.Object, java.lang.Object, java.lang.Object)'> (0x000000071430bd38) 
thrown [s\open\src\hotspot\share\interpreter\linkResolver.cpp, line 773]
Event: 0.538 Thread 0x0000019567d66a40 Exception <a 'java/lang/NoSuchMethodError'{0x0000000714054658}: 'void java.lang.invoke.DirectMethodHandle$Holder.invokeStaticInit(java.lang.Object, java.lang.Object)'> (0x0000000714054658) 
thrown [s\open\src\hotspot\share\interpreter\linkResolver.cpp, line 773]
Event: 0.564 Thread 0x0000019567d66a40 Exception <a 'java/lang/NoClassDefFoundError'{0x0000000713e0bbb0}> (0x0000000713e0bbb0) 
thrown [s\open\src\hotspot\share\oops\instanceKlass.cpp, line 1180]
Event: 0.564 Thread 0x0000019567d66a40 Exception <a 'java/lang/NoClassDefFoundError'{0x0000000713e16bd0}: org/apache/logging/log4j/spi/ExtendedLoggerWrapper> (0x0000000713e16bd0) 
thrown [s\open\src\hotspot\share\classfile\systemDictionary.cpp, line 301]
Event: 0.565 Thread 0x0000019567d66a40 Exception <a 'java/lang/NoClassDefFoundError'{0x0000000713e1fad8}: org/apache/log4j/Priority> (0x0000000713e1fad8) 
thrown [s\open\src\hotspot\share\classfile\systemDictionary.cpp, line 301]
Event: 0.626 Thread 0x0000019567d66a40 Exception <a 'sun/nio/fs/WindowsException'{0x0000000713a864a0}> (0x0000000713a864a0) 
thrown [s\open\src\hotspot\share\prims\jni.cpp, line 520]
Event: 0.781 Thread 0x0000019567d66a40 Exception <a 'java/lang/NoSuchMethodError'{0x00000007131bcf88}: 'java.lang.Object java.lang.invoke.DirectMethodHandle$Holder.invokeSpecialIFC(java.lang.Object, java.lang.Object, java.lang.Object, java.lang.Object)'> (0x00000007131bcf88) 
thrown [s\open\src\hotspot\share\interpreter\linkResolver.cpp, line 773]
Event: 0.790 Thread 0x0000019567d66a40 Exception <a 'java/lang/NoSuchMethodError'{0x0000000712e7a3f8}: 'java.lang.Object java.lang.invoke.DirectMethodHandle$Holder.invokeVirtual(java.lang.Object, java.lang.Object, java.lang.Object)'> (0x0000000712e7a3f8) 
thrown [s\open\src\hotspot\share\interpreter\linkResolver.cpp, line 773]
Event: 0.797 Thread 0x0000019567d66a40 Exception <a 'java/lang/IncompatibleClassChangeError'{0x0000000712f1af98}: Found class java.lang.Object, but interface was expected> (0x0000000712f1af98) 
thrown [s\open\src\hotspot\share\interpreter\linkResolver.cpp, line 840]
Event: 0.797 Thread 0x0000019567d66a40 Exception <a 'java/lang/NoSuchMethodError'{0x0000000712f22750}: 'int java.lang.invoke.DirectMethodHandle$Holder.invokeSpecialIFC(java.lang.Object, java.lang.Object, java.lang.Object, java.lang.Object)'> (0x0000000712f22750) 
thrown [s\open\src\hotspot\share\interpreter\linkResolver.cpp, line 773]
Event: 0.807 Thread 0x0000019567d66a40 Exception <a 'java/lang/NoSuchMethodError'{0x0000000712fd8af8}: 'double java.lang.invoke.DirectMethodHandle$Holder.invokeVirtual(java.lang.Object, java.lang.Object)'> (0x0000000712fd8af8) 
thrown [s\open\src\hotspot\share\interpreter\linkResolver.cpp, line 773]
Event: 0.807 Thread 0x0000019567d66a40 Exception <a 'java/lang/NoSuchMethodError'{0x0000000712fdeac8}: 'float java.lang.invoke.DirectMethodHandle$Holder.invokeVirtual(java.lang.Object, java.lang.Object)'> (0x0000000712fdeac8) 
thrown [s\open\src\hotspot\share\interpreter\linkResolver.cpp, line 773]
Event: 0.808 Thread 0x0000019567d66a40 Exception <a 'java/lang/NoSuchMethodError'{0x0000000712fe6c90}: 'long java.lang.invoke.DirectMethodHandle$Holder.invokeVirtual(java.lang.Object, java.lang.Object)'> (0x0000000712fe6c90) 
thrown [s\open\src\hotspot\share\interpreter\linkResolver.cpp, line 773]
Event: 0.822 Thread 0x0000019567d66a40 Exception <a 'java/lang/NoSuchMethodError'{0x0000000712913598}: 'java.lang.Object java.lang.invoke.DirectMethodHandle$Holder.newInvokeSpecial(java.lang.Object, java.lang.Object, int, int)'> (0x0000000712913598) 
thrown [s\open\src\hotspot\share\interpreter\linkResolver.cpp, line 773]
Event: 0.823 Thread 0x0000019567d66a40 Exception <a 'java/lang/NoSuchMethodError'{0x000000071291dd98}: 'void java.lang.invoke.DirectMethodHandle$Holder.invokeStatic(java.lang.Object, java.lang.Object, int)'> (0x000000071291dd98) 
thrown [s\open\src\hotspot\share\interpreter\linkResolver.cpp, line 773]
Event: 0.837 Thread 0x0000019567d66a40 Exception <a 'java/lang/NoSuchMethodError'{0x0000000712678778}: 'int java.lang.invoke.DirectMethodHandle$Holder.invokeSpecialIFC(java.lang.Object, java.lang.Object, java.lang.Object)'> (0x0000000712678778) 
thrown [s\open\src\hotspot\share\interpreter\linkResolver.cpp, line 773]
Event: 0.841 Thread 0x0000019567d66a40 Exception <a 'java/lang/NoSuchMethodError'{0x00000007126bbdd0}: 'java.lang.Object java.lang.invoke.DirectMethodHandle$Holder.invokeSpecial(java.lang.Object, java.lang.Object, java.lang.Object, java.lang.Object, long)'> (0x00000007126bbdd0) 
thrown [s\open\src\hotspot\share\interpreter\linkResolver.cpp, line 773]
Event: 0.841 Thread 0x0000019567d66a40 Exception <a 'java/lang/NoSuchMethodError'{0x00000007126bfbd0}: 'long java.lang.invoke.DirectMethodHandle$Holder.invokeStatic(java.lang.Object, java.lang.Object, int)'> (0x00000007126bfbd0) 
thrown [s\open\src\hotspot\share\interpreter\linkResolver.cpp, line 773]
Event: 0.842 Thread 0x0000019567d66a40 Exception <a 'java/lang/NoSuchMethodError'{0x00000007126d1508}: 'java.lang.Object java.lang.invoke.DirectMethodHandle$Holder.invokeStatic(java.lang.Object, java.lang.Object, java.lang.Object, java.lang.Object, int)'> (0x00000007126d1508) 
thrown [s\open\src\hotspot\share\interpreter\linkResolver.cpp, line 773]
Event: 0.842 Thread 0x0000019567d66a40 Exception <a 'java/lang/NoSuchMethodError'{0x00000007126d8a00}: 'java.lang.Object java.lang.invoke.DirectMethodHandle$Holder.invokeSpecial(java.lang.Object, java.lang.Object, java.lang.Object, java.lang.Object, java.lang.Object, long)'> (0x00000007126d8a00) 
thrown [s\open\src\hotspot\share\interpreter\linkResolver.cpp, line 773]

ZGC Phase Switch (0 events):
No events

VM Operations (20 events):
Event: 0.260 Executing VM operation: HandshakeAllThreads (Deoptimize)
Event: 0.260 Executing VM operation: HandshakeAllThreads (Deoptimize) done
Event: 0.299 Executing VM operation: HandshakeAllThreads (Deoptimize)
Event: 0.299 Executing VM operation: HandshakeAllThreads (Deoptimize) done
Event: 0.507 Executing VM operation: G1CollectForAllocation (G1 Evacuation Pause)
Event: 0.513 Executing VM operation: G1CollectForAllocation (G1 Evacuation Pause) done
Event: 0.562 Executing VM operation: HandshakeAllThreads (Deoptimize)
Event: 0.562 Executing VM operation: HandshakeAllThreads (Deoptimize) done
Event: 0.568 Executing VM operation: HandshakeAllThreads (Deoptimize)
Event: 0.568 Executing VM operation: HandshakeAllThreads (Deoptimize) done
Event: 0.570 Executing VM operation: HandshakeAllThreads (Deoptimize)
Event: 0.570 Executing VM operation: HandshakeAllThreads (Deoptimize) done
Event: 0.612 Executing VM operation: HandshakeAllThreads (Deoptimize)
Event: 0.612 Executing VM operation: HandshakeAllThreads (Deoptimize) done
Event: 0.627 Executing VM operation: HandshakeAllThreads (Deoptimize)
Event: 0.627 Executing VM operation: HandshakeAllThreads (Deoptimize) done
Event: 0.726 Executing VM operation: HandshakeAllThreads (Deoptimize)
Event: 0.726 Executing VM operation: HandshakeAllThreads (Deoptimize) done
Event: 0.838 Executing VM operation: HandshakeAllThreads (Deoptimize)
Event: 0.838 Executing VM operation: HandshakeAllThreads (Deoptimize) done

Events (15 events):
Event: 0.015 Thread 0x0000019567d66a40 Thread added: 0x0000019567d66a40
Event: 0.023 Thread 0x0000019579fda020 Thread added: 0x0000019579fda020
Event: 0.023 Thread 0x0000019579fdac80 Thread added: 0x0000019579fdac80
Event: 0.023 Thread 0x0000019579fdbda0 Thread added: 0x0000019579fdbda0
Event: 0.023 Thread 0x0000019579fdea70 Thread added: 0x0000019579fdea70
Event: 0.023 Thread 0x0000019579fe1760 Thread added: 0x0000019579fe1760
Event: 0.023 Thread 0x0000019579fe5350 Thread added: 0x0000019579fe5350
Event: 0.023 Thread 0x000001957a6583c0 Thread added: 0x000001957a6583c0
Event: 0.023 Thread 0x000001957a679e10 Thread added: 0x000001957a679e10
Event: 0.046 Thread 0x000001957a7e8f70 Thread added: 0x000001957a7e8f70
Event: 0.047 Thread 0x000001957a803880 Thread added: 0x000001957a803880
Event: 0.107 Thread 0x000001957a895fc0 Thread added: 0x000001957a895fc0
Event: 0.223 Thread 0x000001957f258a40 Thread added: 0x000001957f258a40
Event: 0.528 Thread 0x000001955012e240 Thread added: 0x000001955012e240
Event: 0.595 Thread 0x00000195502d8260 Thread added: 0x00000195502d8260


Dynamic libraries:
0x00007ff718f50000 - 0x00007ff718f60000 	C:\Program Files\Java\jdk-21\bin\javaw.exe
0x00007ff81b670000 - 0x00007ff81b887000 	C:\windows\SYSTEM32\ntdll.dll
0x00007ff819420000 - 0x00007ff8194e4000 	C:\windows\System32\KERNEL32.DLL
0x00007ff818ff0000 - 0x00007ff819397000 	C:\windows\System32\KERNELBASE.dll
0x00007ff818b50000 - 0x00007ff818c61000 	C:\windows\System32\ucrtbase.dll
0x00007ff813710000 - 0x00007ff81372b000 	C:\Program Files\Java\jdk-21\bin\VCRUNTIME140.dll
0x00007ff815710000 - 0x00007ff815729000 	C:\Program Files\Java\jdk-21\bin\jli.dll
0x00007ff819780000 - 0x00007ff819832000 	C:\windows\System32\ADVAPI32.dll
0x00007ff81acd0000 - 0x00007ff81ad77000 	C:\windows\System32\msvcrt.dll
0x00007ff819ad0000 - 0x00007ff819b78000 	C:\windows\System32\sechost.dll
0x00007ff818cf0000 - 0x00007ff818d18000 	C:\windows\System32\bcrypt.dll
0x00007ff81a350000 - 0x00007ff81a465000 	C:\windows\System32\RPCRT4.dll
0x00007ff81a1a0000 - 0x00007ff81a34e000 	C:\windows\System32\USER32.dll
0x00007ff818d90000 - 0x00007ff818db6000 	C:\windows\System32\win32u.dll
0x00007ff81ad80000 - 0x00007ff81ada9000 	C:\windows\System32\GDI32.dll
0x00007ff818990000 - 0x00007ff818aa9000 	C:\windows\System32\gdi32full.dll
0x00007ffff9660000 - 0x00007ffff98f3000 	C:\windows\WinSxS\amd64_microsoft.windows.common-controls_6595b64144ccf1df_6.0.22621.3527_none_270e469b73872a76\COMCTL32.dll
0x00007ff818ab0000 - 0x00007ff818b4a000 	C:\windows\System32\msvcp_win.dll
0x00007ff806180000 - 0x00007ff80618a000 	C:\windows\SYSTEM32\VERSION.dll
0x00007ff819740000 - 0x00007ff819771000 	C:\windows\System32\IMM32.DLL
0x00007ff813750000 - 0x00007ff81375c000 	C:\Program Files\Java\jdk-21\bin\vcruntime140_1.dll
0x00007ffff1b20000 - 0x00007ffff1bae000 	C:\Program Files\Java\jdk-21\bin\msvcp140.dll
0x00007fff68ca0000 - 0x00007fff699b7000 	C:\Program Files\Java\jdk-21\bin\server\jvm.dll
0x00007ff819500000 - 0x00007ff819571000 	C:\windows\System32\WS2_32.dll
0x00007ff80f5b0000 - 0x00007ff80f5e4000 	C:\windows\SYSTEM32\WINMM.dll
0x00007ff8187a0000 - 0x00007ff8187ed000 	C:\windows\SYSTEM32\POWRPROF.dll
0x00007ff818780000 - 0x00007ff818793000 	C:\windows\SYSTEM32\UMPDC.dll
0x00007ff817970000 - 0x00007ff817988000 	C:\windows\SYSTEM32\kernel.appcore.dll
0x00007ff8136e0000 - 0x00007ff8136ea000 	C:\Program Files\Java\jdk-21\bin\jimage.dll
0x00007ff815ee0000 - 0x00007ff816112000 	C:\windows\SYSTEM32\DBGHELP.DLL
0x00007ff819c40000 - 0x00007ff819fc8000 	C:\windows\System32\combase.dll
0x00007ff8198f0000 - 0x00007ff8199c7000 	C:\windows\System32\OLEAUT32.dll
0x00007fffe9fc0000 - 0x00007fffe9ff2000 	C:\windows\SYSTEM32\dbgcore.DLL
0x00007ff818c70000 - 0x00007ff818ce9000 	C:\windows\System32\bcryptPrimitives.dll
0x00007ff80f770000 - 0x00007ff80f78f000 	C:\Program Files\Java\jdk-21\bin\java.dll
0x00007ff81a470000 - 0x00007ff81accc000 	C:\windows\System32\SHELL32.dll
0x00007ff816880000 - 0x00007ff817176000 	C:\windows\SYSTEM32\windows.storage.dll
0x00007ff816740000 - 0x00007ff81687e000 	C:\windows\SYSTEM32\wintypes.dll
0x00007ff8199d0000 - 0x00007ff819ac5000 	C:\windows\System32\SHCORE.dll
0x00007ff8193b0000 - 0x00007ff81940e000 	C:\windows\System32\shlwapi.dll
0x00007ff8188c0000 - 0x00007ff8188e1000 	C:\windows\SYSTEM32\profapi.dll
0x00007fffd9430000 - 0x00007fffd9507000 	C:\Program Files\Java\jdk-21\bin\jsvml.dll
0x00007ff8105c0000 - 0x00007ff8105d0000 	C:\Program Files\Java\jdk-21\bin\net.dll
0x00007ff812790000 - 0x00007ff8128c6000 	C:\windows\SYSTEM32\WINHTTP.dll
0x00007ff817dd0000 - 0x00007ff817e39000 	C:\windows\system32\mswsock.dll
0x00007ff80f730000 - 0x00007ff80f746000 	C:\Program Files\Java\jdk-21\bin\nio.dll
0x00007ff80f710000 - 0x00007ff80f728000 	C:\Program Files\Java\jdk-21\bin\zip.dll
0x00007ff80f700000 - 0x00007ff80f710000 	C:\Program Files\Java\jdk-21\bin\verify.dll
0x00007ff817410000 - 0x00007ff817508000 	C:\windows\SYSTEM32\DNSAPI.dll
0x00007ff8173e0000 - 0x00007ff81740d000 	C:\windows\SYSTEM32\IPHLPAPI.DLL
0x00007ff819c30000 - 0x00007ff819c39000 	C:\windows\System32\NSI.dll
0x000000006e0b0000 - 0x000000006e0e5000 	C:\Program Files\Bonjour\mdnsNSP.dll
0x00007ff810350000 - 0x00007ff81035a000 	C:\Windows\System32\rasadhlp.dll
0x00007ff80f830000 - 0x00007ff80f8b3000 	C:\windows\System32\fwpuclnt.dll
0x00007ffff9da0000 - 0x00007ffff9da9000 	C:\Program Files\Java\jdk-21\bin\extnet.dll
0x00007ff8180c0000 - 0x00007ff8180db000 	C:\windows\SYSTEM32\CRYPTSP.dll
0x00007ff8178d0000 - 0x00007ff817905000 	C:\windows\system32\rsaenh.dll
0x00007ff817e70000 - 0x00007ff817e98000 	C:\windows\SYSTEM32\USERENV.dll
0x00007ff817fd0000 - 0x00007ff817fdc000 	C:\windows\SYSTEM32\CRYPTBASE.dll
0x00007ffff16c0000 - 0x00007ffff16ca000 	C:\Program Files\Java\jdk-21\bin\management.dll
0x00007ffff16b0000 - 0x00007ffff16bb000 	C:\Program Files\Java\jdk-21\bin\management_ext.dll
0x00007ff8194f0000 - 0x00007ff8194f8000 	C:\windows\System32\PSAPI.DLL
0x00007ff80f6b0000 - 0x00007ff80f6be000 	C:\Program Files\Java\jdk-21\bin\sunmscapi.dll
0x00007ff818e80000 - 0x00007ff818fe8000 	C:\windows\System32\CRYPT32.dll
0x00007ff818240000 - 0x00007ff81826e000 	C:\windows\SYSTEM32\ncrypt.dll
0x00007ff818200000 - 0x00007ff818237000 	C:\windows\SYSTEM32\NTASN1.dll
0x00007fffded90000 - 0x00007fffded98000 	C:\windows\system32\wshunix.dll

dbghelp: loaded successfully - version: 4.0.5 - missing functions: none
symbol engine: initialized successfully - sym options: 0x614 - pdb path: .;C:\Program Files\Java\jdk-21\bin;C:\windows\SYSTEM32;C:\windows\WinSxS\amd64_microsoft.windows.common-controls_6595b64144ccf1df_6.0.22621.3527_none_270e469b73872a76;C:\Program Files\Java\jdk-21\bin\server;C:\Program Files\Bonjour

VM Arguments:
jvm_args: -ea -Dfile.encoding=UTF-8 -Dstdout.encoding=UTF-8 -Dstderr.encoding=UTF-8 -XX:+ShowCodeDetailsInExceptionMessages 
java_command: org.testng.remote.RemoteTestNG -serport 57457 -protocol json -d C:\Users\shank\eclipse-workspace\MobileApplicationTest\test-output C:\Users\shank\AppData\Local\Temp\testng-eclipse-2065421448\testng-customsuite.xml
java_class_path (initial): C:\Users\shank\eclipse\java-2023-122\eclipse\configuration\org.eclipse.osgi\576\0\.cp\lib\testng-remote.jar;C:\Users\shank\eclipse-workspace\MobileApplicationTest\target\test-classes;C:\Users\shank\eclipse-workspace\MobileApplicationTest\target\classes;C:\Users\shank\.m2\repository\org\testng\testng\7.7.1\testng-7.7.1.jar;C:\Users\shank\.m2\repository\org\slf4j\slf4j-api\1.7.36\slf4j-api-1.7.36.jar;C:\Users\shank\.m2\repository\com\beust\jcommander\1.82\jcommander-1.82.jar;C:\Users\shank\.m2\repository\org\webjars\jquery\3.6.1\jquery-3.6.1.jar;C:\Users\shank\.m2\repository\io\appium\java-client\8.5.1\java-client-8.5.1.jar;C:\Users\shank\.m2\repository\org\seleniumhq\selenium\selenium-api\4.21.0\selenium-api-4.21.0.jar;C:\Users\shank\.m2\repository\org\seleniumhq\selenium\selenium-support\4.21.0\selenium-support-4.21.0.jar;C:\Users\shank\.m2\repository\com\google\code\gson\gson\2.10.1\gson-2.10.1.jar;C:\Users\shank\.m2\repository\commons-validator\commons-validator\1.7\commons-validator-1.7.jar;C:\Users\shank\.m2\repository\commons-beanutils\commons-beanutils\1.9.4\commons-beanutils-1.9.4.jar;C:\Users\shank\.m2\repository\commons-digester\commons-digester\2.1\commons-digester-2.1.jar;C:\Users\shank\.m2\repository\commons-logging\commons-logging\1.2\commons-logging-1.2.jar;C:\Users\shank\.m2\repository\commons-collections\commons-collections\3.2.2\commons-collections-3.2.2.jar;C:\Users\shank\.m2\repository\org\apache\commons\commons-lang3\3.12.0\commons-lang3-3.12.0.jar;C:\Users\shank\.m2\repository\commons-io\commons-io\2.12.0\commons-io-2.12.0.jar;C:\Users\shank\.m2\repository\org\seleniumhq\selenium\selenium-remote-driver\4.13.0\selenium-remote-driver-4.13.0.jar;C:\Users\shank\.m2\repository\com\google\auto\service\auto-service-annotations\1.1.1\auto-service-annotations-1.1.1.jar;C:\Users\shank\.m2\repository\com\google\guava\guava\32.1.2-jre\guava-32.1.2-jre.jar;C:\Users\shank\.m2\repository\com\google\guava\failureaccess\1.0.1\failureaccess-1.0.1.jar;C:\Users\shank\.m2\repository\com\google\guava\listenablefuture\9999.0-empty-to-avoid-conflict-with-guava\listenablefuture-9999.0-empty-to-avoid-conflict-with-guava.jar;C:\Users\shank\.m2\repository\com\google\code\findbugs\jsr305\3.0.2\jsr305-3.0.2.jar;C:\Users\shank\.m2\repository\org\checkerframework\checker-qual\3.33.0\checker-qual-3.33.0.jar;C:\Users\shank\.m2\repository\com\google\errorprone\error_prone_annotations\2.18.0\error_prone_annotations-2.18.0.jar;C:\Users\shank\.m2\repository\com\google\j2objc\j2objc-annotations\2.8\j2objc-annotations-2.8.jar;C:\Users\shank\.m2\repository\io\netty\netty-buffer\4.1.96.Final\netty-buffer-4.1.96.Final.jar;C:\Users\shank\.m2\repository\io\netty\netty-codec-http\4.1.96.Final\netty-codec-http-4.1.96.Final.jar;C:\Users\shank\.m2\repository\io\netty\netty-codec\4.1.96.Final\netty-codec-4.1.96.Final.jar;C:\Users\shank\.m2\repository\io\netty\netty-handler\4.1.96.Final\netty-handler-4.1.96.Final.jar;C:\Users\shank\.m2\repository\io\netty\netty-common\4.1.96.Final\netty-common-4.1.96.Final.jar;C:\Users\shank\.m2\repository\io\netty\netty-transport-classes-epoll\4.1.96.Final\netty-transport-classes-epoll-4.1.96.Final.jar;C:\Users\shank\.m2\repository\io\netty\netty-transport-classes-kqueue\4.1.96.Final\netty-transport-classes-kqueue-4.1.96.Final.jar;C:\Users\shank\.m2\repository\io\netty\netty-transport-native-epoll\4.1.96.Final\netty-transport-native-epoll-4.1.96.Final.jar;C:\Users\shank\.m2\repository\io\netty\netty-transport-native-kqueue\4.1.96.Final\netty-transport-native-kqueue-4.1.96.Final.jar;C:\Users\shank\.m2\repository\io\netty\netty-transport-native-unix-common\4.1.96.Final\netty-transport-native-unix-common-4.1.96.Final.jar;C:\Users\shank\.m2\repository\io\netty\netty-transport\4.1.96.Final\netty-transport-4.1.96.Final.jar;C:\Users\shank\.m2\repository\io\netty\netty-resolver\4.1.96.Final\netty-resolver-4.1.96.Final.jar;C:\Users\shank\.m2\repository\io\opentelemetry\opentelemetry-api\1.28.0\opentelemetry-api-1.28.0.jar;C:\Users\shank\.m2\repository\io\opentelemetry\opentelemetry-context\1.28.0\opentelemetry-context-1.28.0.jar;C:\Users\shank\.m2\repository\io\opentelemetry\opentelemetry-exporter-logging\1.28.0\opentelemetry-exporter-logging-1.28.0.jar;C:\Users\shank\.m2\repository\io\opentelemetry\opentelemetry-sdk-metrics\1.28.0\opentelemetry-sdk-metrics-1.28.0.jar;C:\Users\shank\.m2\repository\io\opentelemetry\opentelemetry-extension-incubator\1.28.0-alpha\opentelemetry-extension-incubator-1.28.0-alpha.jar;C:\Users\shank\.m2\repository\io\opentelemetry\opentelemetry-sdk-logs\1.28.0\opentelemetry-sdk-logs-1.28.0.jar;C:\Users\shank\.m2\repository\io\opentelemetry\opentelemetry-sdk-common\1.28.0\opentelemetry-sdk-common-1.28.0.jar;C:\Users\shank\.m2\repository\io\opentelemetry\opentelemetry-sdk-extension-autoconfigure-spi\1.28.0\opentelemetry-sdk-extension-autoconfigure-spi-1.28.0.jar;C:\Users\shank\.m2\repository\io\opentelemetry\opentelemetry-sdk-extension-autoconfigure\1.28.0\opentelemetry-sdk-extension-autoconfigure-1.28.0.jar;C:\Users\shank\.m2\repository\io\opentelemetry\opentelemetry-api-events\1.28.0-alpha\opentelemetry-api-events-1.28.0-alpha.jar;C:\Users\shank\.m2\repository\io\opentelemetry\opentelemetry-sdk-trace\1.28.0\opentelemetry-sdk-trace-1.28.0.jar;C:\Users\shank\.m2\repository\io\opentelemetry\opentelemetry-sdk\1.28.0\opentelemetry-sdk-1.28.0.jar;C:\Users\shank\.m2\repository\io\opentelemetry\opentelemetry-semconv\1.28.0-alpha\opentelemetry-semconv-1.28.0-alpha.jar;C:\Users\shank\.m2\repository\net\bytebuddy\byte-buddy\1.14.5\byte-buddy-1.14.5.jar;C:\Users\shank\.m2\repository\org\asynchttpclient\async-http-client\2.12.3\async-http-client-2.12.3.jar;C:\Users\shank\.m2\repository\org\asynchttpclient\async-http-client-netty-utils\2.12.3\async-http-client-netty-utils-2.12.3.jar;C:\Users\shank\.m2\repository\io\netty\netty-codec-socks\4.1.60.Final\netty-codec-socks-4.1.60.Final.jar;C:\Users\shank\.m2\repository\io\netty\netty-handler-proxy\4.1.60.Final\netty-handler-proxy-4.1.60.Final.jar;C:\Users\shank\.m2\repository\io\netty\netty-transport-native-epoll\4.1.60.Final\netty-transport-native-epoll-4.1.60.Final-linux-x86_64.jar;C:\Users\shank\.m2\repository\io\netty\netty-transport-native-kqueue\4.1.60.Final\netty-transport-native-kqueue-4.1.60.Final-osx-x86_64.jar;C:\Users\shank\.m2\repository\org\reactivestreams\reactive-streams\1.0.3\reactive-streams-1.0.3.jar;C:\Users\shank\.m2\repository\com\typesafe\netty\netty-reactive-streams\2.0.4\netty-reactive-streams-2.0.4.jar;C:\Users\shank\.m2\repository\com\sun\activation\jakarta.activation\1.2.2\jakarta.activation-1.2.2.jar;C:\Users\shank\.m2\repository\org\seleniumhq\selenium\selenium-http\4.13.0\selenium-http-4.13.0.jar;C:\Users\shank\.m2\repository\dev\failsafe\failsafe\3.3.2\failsafe-3.3.2.jar;C:\Users\shank\.m2\repository\org\seleniumhq\selenium\selenium-json\4.13.0\selenium-json-4.13.0.jar;C:\Users\shank\.m2\repository\org\seleniumhq\selenium\selenium-manager\4.13.0\selenium-manager-4.13.0.jar;C:\Users\shank\.m2\repository\org\seleniumhq\selenium\selenium-os\4.13.0\selenium-os-4.13.0.jar;C:\Users\shank\.m2\repository\org\apache\commons\commons-exec\1.3\commons-exec-1.3.jar
Launcher Type: SUN_STANDARD

[Global flags]
     intx CICompilerCount                          = 4                                         {product} {ergonomic}
     uint ConcGCThreads                            = 3                                         {product} {ergonomic}
     uint G1ConcRefinementThreads                  = 10                                        {product} {ergonomic}
   size_t G1HeapRegionSize                         = 2097152                                   {product} {ergonomic}
    uintx GCDrainStackTargetSize                   = 64                                        {product} {ergonomic}
   size_t InitialHeapSize                          = 264241152                                 {product} {ergonomic}
   size_t MarkStackSize                            = 4194304                                   {product} {ergonomic}
   size_t MaxHeapSize                              = 4219469824                                {product} {ergonomic}
   size_t MaxNewSize                               = 2531262464                                {product} {ergonomic}
   size_t MinHeapDeltaBytes                        = 2097152                                   {product} {ergonomic}
   size_t MinHeapSize                              = 8388608                                   {product} {ergonomic}
    uintx NonNMethodCodeHeapSize                   = 5839372                                {pd product} {ergonomic}
    uintx NonProfiledCodeHeapSize                  = 122909434                              {pd product} {ergonomic}
    uintx ProfiledCodeHeapSize                     = 122909434                              {pd product} {ergonomic}
    uintx ReservedCodeCacheSize                    = 251658240                              {pd product} {ergonomic}
     bool SegmentedCodeCache                       = true                                      {product} {ergonomic}
     bool ShowCodeDetailsInExceptionMessages       = true                                   {manageable} {command line}
   size_t SoftMaxHeapSize                          = 4219469824                             {manageable} {ergonomic}
     bool UseCompressedOops                        = true                           {product lp64_product} {ergonomic}
     bool UseG1GC                                  = true                                      {product} {ergonomic}
     bool UseLargePagesIndividualAllocation        = false                                  {pd product} {ergonomic}

Logging:
Log output configuration:
 #0: stdout all=warning uptime,level,tags foldmultilines=false
 #1: stderr all=off uptime,level,tags foldmultilines=false

Environment Variables:
JAVA_HOME=C:\Program Files\Java\jdk-21
PATH=C:\Program Files\Common Files\Oracle\Java\javapath;C:\windows\system32;C:\windows;C:\windows\System32\Wbem;C:\windows\System32\WindowsPowerShell\v1.0\;C:\windows\System32\OpenSSH\;C:\Program Files\MySQL\MySQL Server 8.0\bin;C:\Program Files\MySQL\MySQL Server 8.0\bin;C:\Program Files\HP\HP One Agent;C:\SOFTWARE TESTING\apache-maven-3.9.6-bin\apache-maven-3.9.6\bin;C:\Program Files\Java\jdk-21;C:\SOFTWARE TESTING\apache-maven-3.9.6-bin\apache-maven-3.9.6\bin;C:\Program Files\Git\cmd;%ANDROID_HOME%\platform-tools;%ANDROID_HOME%\tools;%ANDROID_HOME%\tools\bin;C:\Users\shank\AppData\Local\Android\Sdk\platform-tools;C:\Windows\System32;C:\Program Files\nodejs\;C:\Users\shank\AppData\Roaming\npm;C:\windows;C:\windows\System32\Wbem;C:\windows\System32\WindowsPowerShell\v1.0\;C:\windows\System32\OpenSSH\;C:\Program Files\MySQL\MySQL Server 8.0\bin;C:\Program Files\MySQL\MySQL Server 8.0\bin;C:\Program Files\HP\HP One Agent;C:\SOFTWARE TESTING\apache-maven-3.9.6-bin\apache-maven-3.9.6\bin;C:\Program Files\Java\jdk-21;C:\SOFTWARE TESTING\apache-maven-3.9.6-bin\apache-maven-3.9.6\bin;C:\Program Files\Git\cmd;C:\Users\shank\AppData\Local\Android\Sdk\platform-tools;C:\Users\shank\AppData\Local\Android\Sdk\tools;C:\Users\shank\AppData\Local\Android\Sdk\tools\bin;C:\Users\shank\AppData\Local\Android\Sdk\platform-tools;C:\Program Files\nodejs\;C:\Program Files\MySQL\MySQL Shell 8.0\bin\;C:\Users\shank\AppData\Local\Microsoft\WindowsApps;C:\Users\shank\AppData\Local\Programs\Microsoft VS Code\bin;C:\Program Files\MySQL\MySQL Server 8.0\bin;C:\Program Files\nodejs\npm;C:\Windows\System32;C:\Users\shank\AppData\Roaming\npm
USERNAME=shank
OS=Windows_NT
PROCESSOR_IDENTIFIER=Intel64 Family 6 Model 186 Stepping 3, GenuineIntel
TMP=C:\Users\shank\AppData\Local\Temp
TEMP=C:\Users\shank\AppData\Local\Temp




Periodic native trim disabled

---------------  S Y S T E M  ---------------

OS:
 Windows 11 , 64 bit Build 22621 (10.0.22621.3527)
OS uptime: 0 days 10:23 hours
Hyper-V role detected

CPU: total 12 (initial active 12) (6 cores per cpu, 2 threads per core) family 6 model 186 stepping 3 microcode 0x410e, cx8, cmov, fxsr, ht, mmx, 3dnowpref, sse, sse2, sse3, ssse3, sse4.1, sse4.2, popcnt, lzcnt, tsc, tscinvbit, avx, avx2, aes, erms, clmul, bmi1, bmi2, adx, sha, fma, vzeroupper, clflush, clflushopt, clwb, hv, serialize, rdtscp, rdpid, fsrm, f16c, cet_ibt, cet_ss
Processor Information for processor 0
  Max Mhz: 1300, Current Mhz: 1300, Mhz Limit: 1300
Processor Information for processor 1
  Max Mhz: 1300, Current Mhz: 1300, Mhz Limit: 1300
Processor Information for processor 2
  Max Mhz: 1300, Current Mhz: 1300, Mhz Limit: 1300
Processor Information for processor 3
  Max Mhz: 1300, Current Mhz: 1300, Mhz Limit: 1300
Processor Information for processor 4
  Max Mhz: 1300, Current Mhz: 900, Mhz Limit: 897
Processor Information for processor 5
  Max Mhz: 1300, Current Mhz: 900, Mhz Limit: 897
Processor Information for processor 6
  Max Mhz: 1300, Current Mhz: 900, Mhz Limit: 897
Processor Information for processor 7
  Max Mhz: 1300, Current Mhz: 900, Mhz Limit: 897
Processor Information for processor 8
  Max Mhz: 1300, Current Mhz: 900, Mhz Limit: 897
Processor Information for processor 9
  Max Mhz: 1300, Current Mhz: 900, Mhz Limit: 897
Processor Information for processor 10
  Max Mhz: 1300, Current Mhz: 900, Mhz Limit: 897
Processor Information for processor 11
  Max Mhz: 1300, Current Mhz: 900, Mhz Limit: 897

Memory: 4k page, system-wide physical 16095M (2316M free)
TotalPageFile size 16095M (AvailPageFile size 4M)
current process WorkingSet (physical memory assigned to process): 110M, peak: 110M
current process commit charge ("private bytes"): 377M, peak: 377M

vm_info: Java HotSpot(TM) 64-Bit Server VM (21.0.2+13-LTS-58) for windows-amd64 JRE (21.0.2+13-LTS-58), built on 2024-01-05T18:32:24Z by "mach5one" with MS VC++ 17.1 (VS2022)

END.
