#
# There is insufficient memory for the Java Runtime Environment to continue.
# Native memory allocation (malloc) failed to allocate 356592 bytes for Chunk::new
# Possible reasons:
#   The system is out of physical RAM or swap space
#   The process is running with CompressedOops enabled, and the Java Heap may be blocking the growth of the native heap
# Possible solutions:
#   Reduce memory load on the system
#   Increase physical memory or swap space
#   Check if swap backing store is full
#   Decrease Java heap size (-Xmx/-Xms)
#   Decrease number of Java threads
#   Decrease Java thread stack sizes (-Xss)
#   Set larger code cache with -XX:ReservedCodeCacheSize=
#   JVM is running with Zero Based Compressed Oops mode in which the Java heap is
#     placed in the first 32GB address space. The Java Heap base address is the
#     maximum limit for the native heap growth. Please use -XX:HeapBaseMinAddress
#     to set the Java Heap base and to place the Java Heap above 32GB virtual address.
# This output file may be truncated or incomplete.
#
#  Out of Memory Error (arena.cpp:168), pid=17860, tid=11984
#
# JRE version: Java(TM) SE Runtime Environment (21.0.2+13) (build 21.0.2+13-LTS-58)
# Java VM: Java HotSpot(TM) 64-Bit Server VM (21.0.2+13-LTS-58, mixed mode, sharing, tiered, compressed oops, compressed class ptrs, g1 gc, windows-amd64)
# No core dump will be written. Minidumps are not enabled by default on client versions of Windows
#

---------------  S U M M A R Y ------------

Command Line: -ea -Dfile.encoding=UTF-8 -Dstdout.encoding=UTF-8 -Dstderr.encoding=UTF-8 -XX:+ShowCodeDetailsInExceptionMessages org.testng.remote.RemoteTestNG -serport 50211 -protocol json -d C:\Users\shank\eclipse-workspace\MobileApplicationTest\test-output C:\Users\shank\AppData\Local\Temp\testng-eclipse-1266929510\testng-customsuite.xml

Host: 13th Gen Intel(R) Core(TM) i5-1335U, 12 cores, 15G,  Windows 11 , 64 bit Build 22621 (10.0.22621.3374)
Time: Mon May 13 18:25:56 2024 India Standard Time elapsed time: 0.956932 seconds (0d 0h 0m 0s)

---------------  T H R E A D  ---------------

Current thread (0x0000021a4a956d90):  JavaThread "C2 CompilerThread1" daemon [_thread_in_native, id=11984, stack(0x000000297dc00000,0x000000297dd00000) (1024K)]


Current CompileTask:
C2:    956 1508 % !   4       java.util.concurrent.ConcurrentHashMap::transfer @ 96 (849 bytes)

Stack: [0x000000297dc00000,0x000000297dd00000]
Native frames: (J=compiled Java code, j=interpreted, Vv=VM code, C=native code)
V  [jvm.dll+0x6cade9]
V  [jvm.dll+0x8569c1]
V  [jvm.dll+0x858d2e]
V  [jvm.dll+0x859413]
V  [jvm.dll+0x280e56]
V  [jvm.dll+0xc3f3d]
V  [jvm.dll+0xc4473]
V  [jvm.dll+0x3b5c2c]
V  [jvm.dll+0x382855]
V  [jvm.dll+0x381cca]
V  [jvm.dll+0x249bd0]
V  [jvm.dll+0x2491b1]
V  [jvm.dll+0x1c9634]
V  [jvm.dll+0x258859]
V  [jvm.dll+0x256e3a]
V  [jvm.dll+0x3ef6c6]
V  [jvm.dll+0x7ff568]
V  [jvm.dll+0x6c953d]
C  [ucrtbase.dll+0x29333]
C  [KERNEL32.DLL+0x1257d]
C  [ntdll.dll+0x5aa48]


---------------  P R O C E S S  ---------------

Threads class SMR info:
_java_thread_list=0x0000021a90ce9850, length=15, elements={
0x0000021a2920fb80, 0x0000021a4a93da60, 0x0000021a4a93e780, 0x0000021a4a9413e0,
0x0000021a4a942bb0, 0x0000021a4a9445f0, 0x0000021a4a943f60, 0x0000021a4a952fb0,
0x0000021a4a9566c0, 0x0000021a4a944c80, 0x0000021a4a945310, 0x0000021a4a956d90,
0x0000021a4a958fa0, 0x0000021a4a941e90, 0x0000021a4a942520
}

Java Threads: ( => current thread )
  0x0000021a2920fb80 JavaThread "main"                              [_thread_in_vm, id=4560, stack(0x000000297ca00000,0x000000297cb00000) (1024K)]
  0x0000021a4a93da60 JavaThread "Reference Handler"          daemon [_thread_blocked, id=13304, stack(0x000000297d200000,0x000000297d300000) (1024K)]
  0x0000021a4a93e780 JavaThread "Finalizer"                  daemon [_thread_blocked, id=16948, stack(0x000000297d300000,0x000000297d400000) (1024K)]
  0x0000021a4a9413e0 JavaThread "Signal Dispatcher"          daemon [_thread_blocked, id=5848, stack(0x000000297d400000,0x000000297d500000) (1024K)]
  0x0000021a4a942bb0 JavaThread "Attach Listener"            daemon [_thread_blocked, id=6140, stack(0x000000297d500000,0x000000297d600000) (1024K)]
  0x0000021a4a9445f0 JavaThread "Service Thread"             daemon [_thread_blocked, id=18928, stack(0x000000297d600000,0x000000297d700000) (1024K)]
  0x0000021a4a943f60 JavaThread "Monitor Deflation Thread"   daemon [_thread_blocked, id=8156, stack(0x000000297d700000,0x000000297d800000) (1024K)]
  0x0000021a4a952fb0 JavaThread "C2 CompilerThread0"         daemon [_thread_in_native, id=8240, stack(0x000000297d800000,0x000000297d900000) (1024K)]
  0x0000021a4a9566c0 JavaThread "C1 CompilerThread0"         daemon [_thread_blocked, id=15764, stack(0x000000297d900000,0x000000297da00000) (1024K)]
  0x0000021a4a944c80 JavaThread "Notification Thread"        daemon [_thread_blocked, id=10392, stack(0x000000297da00000,0x000000297db00000) (1024K)]
  0x0000021a4a945310 JavaThread "Common-Cleaner"             daemon [_thread_blocked, id=16380, stack(0x000000297db00000,0x000000297dc00000) (1024K)]
=>0x0000021a4a956d90 JavaThread "C2 CompilerThread1"         daemon [_thread_in_native, id=11984, stack(0x000000297dc00000,0x000000297dd00000) (1024K)]
  0x0000021a4a958fa0 JavaThread "C2 CompilerThread2"         daemon [_thread_in_native, id=18704, stack(0x000000297dd00000,0x000000297de00000) (1024K)]
  0x0000021a4a941e90 JavaThread "ReaderThread"                      [_thread_in_native, id=12104, stack(0x000000297df00000,0x000000297e000000) (1024K)]
  0x0000021a4a942520 JavaThread "ForkJoinPool.commonPool-worker-1" daemon [_thread_blocked, id=20448, stack(0x000000297e000000,0x000000297e100000) (1024K)]
Total: 15

Other Threads:
  0x0000021a4a91d080 VMThread "VM Thread"                           [id=5624, stack(0x000000297d100000,0x000000297d200000) (1024K)]
  0x0000021a4a905990 WatcherThread "VM Periodic Task Thread"        [id=18716, stack(0x000000297d000000,0x000000297d100000) (1024K)]
  0x0000021a2b4f7f10 WorkerThread "GC Thread#0"                     [id=3772, stack(0x000000297cb00000,0x000000297cc00000) (1024K)]
  0x0000021a90ebfc20 WorkerThread "GC Thread#1"                     [id=2576, stack(0x000000297e100000,0x000000297e200000) (1024K)]
  0x0000021a90cf7cb0 WorkerThread "GC Thread#2"                     [id=16736, stack(0x000000297e200000,0x000000297e300000) (1024K)]
  0x0000021a907f0800 WorkerThread "GC Thread#3"                     [id=11048, stack(0x000000297e300000,0x000000297e400000) (1024K)]
  0x0000021a90cf00e0 WorkerThread "GC Thread#4"                     [id=20680, stack(0x000000297e400000,0x000000297e500000) (1024K)]
  0x0000021a90cf0480 WorkerThread "GC Thread#5"                     [id=20924, stack(0x000000297e500000,0x000000297e600000) (1024K)]
  0x0000021a90ea9c10 WorkerThread "GC Thread#6"                     [id=6280, stack(0x000000297e600000,0x000000297e700000) (1024K)]
  0x0000021a90ea9fb0 WorkerThread "GC Thread#7"                     [id=6688, stack(0x000000297e700000,0x000000297e800000) (1024K)]
  0x0000021a2b509180 ConcurrentGCThread "G1 Main Marker"            [id=19588, stack(0x000000297cc00000,0x000000297cd00000) (1024K)]
  0x0000021a2b509b80 WorkerThread "G1 Conc#0"                       [id=12360, stack(0x000000297cd00000,0x000000297ce00000) (1024K)]
  0x0000021a4a7da9a0 ConcurrentGCThread "G1 Refine#0"               [id=16600, stack(0x000000297ce00000,0x000000297cf00000) (1024K)]
  0x0000021a4a7db1c0 ConcurrentGCThread "G1 Service"                [id=6296, stack(0x000000297cf00000,0x000000297d000000) (1024K)]
Total: 14

Threads with active compile tasks:
C2 CompilerThread0      972 1546       4       java.util.HashMap::putVal (300 bytes)
C2 CompilerThread1      972 1508 % !   4       java.util.concurrent.ConcurrentHashMap::transfer @ 96 (849 bytes)
C2 CompilerThread2      972 1555       4       java.util.HashMap::put (13 bytes)
Total: 3

VM state: not at safepoint (normal execution)

VM Mutex/Monitor currently owned by a thread:  ([mutex/lock_event])
[0x00007ffd578dace8] Metaspace_lock - owner thread: 0x0000021a2920fb80

Heap address: 0x0000000704800000, size: 4024 MB, Compressed Oops mode: Zero based, Oop shift amount: 3

CDS archive(s) mapped at: [0x0000021a4b000000-0x0000021a4bc90000-0x0000021a4bc90000), size 13172736, SharedBaseAddress: 0x0000021a4b000000, ArchiveRelocationMode: 1.
Compressed class space mapped at: 0x0000021a4c000000-0x0000021a8c000000, reserved size: 1073741824
Narrow klass base: 0x0000021a4b000000, Narrow klass shift: 0, Narrow klass range: 0x100000000

GC Precious Log:
 CardTable entry size: 512
 Card Set container configuration: InlinePtr #cards 4 size 8 Array Of Cards #cards 16 size 48 Howl #buckets 8 coarsen threshold 3686 Howl Bitmap #cards 512 size 80 coarsen threshold 460 Card regions per heap region 1 cards per card region 4096
 CPUs: 12 total, 12 available
 Memory: 16095M
 Large Page Support: Disabled
 NUMA Support: Disabled
 Compressed Oops: Enabled (Zero based)
 Heap Region Size: 2M
 Heap Min Capacity: 8M
 Heap Initial Capacity: 252M
 Heap Max Capacity: 4024M
 Pre-touch: Disabled
 Parallel Workers: 10
 Concurrent Workers: 3
 Concurrent Refinement Workers: 10
 Periodic GC: Disabled

Heap:
 garbage-first heap   total 258048K, used 8378K [0x0000000704800000, 0x0000000800000000)
  region size 2048K, 5 young (10240K), 2 survivors (4096K)
 Metaspace       used 11012K, committed 11392K, reserved 1114112K
  class space    used 1291K, committed 1472K, reserved 1048576K

Heap Regions: E=young(eden), S=young(survivor), O=old, HS=humongous(starts), HC=humongous(continues), CS=collection set, F=free, TAMS=top-at-mark-start, PB=parsable bottom
|   0|0x0000000704800000, 0x000000070482ea60, 0x0000000704a00000|  9%| O|  |TAMS 0x0000000704800000| PB 0x0000000704800000| Untracked 
|   1|0x0000000704a00000, 0x0000000704a00000, 0x0000000704c00000|  0%| F|  |TAMS 0x0000000704a00000| PB 0x0000000704a00000| Untracked 
|   2|0x0000000704c00000, 0x0000000704c00000, 0x0000000704e00000|  0%| F|  |TAMS 0x0000000704c00000| PB 0x0000000704c00000| Untracked 
|   3|0x0000000704e00000, 0x0000000704e00000, 0x0000000705000000|  0%| F|  |TAMS 0x0000000704e00000| PB 0x0000000704e00000| Untracked 
|   4|0x0000000705000000, 0x0000000705000000, 0x0000000705200000|  0%| F|  |TAMS 0x0000000705000000| PB 0x0000000705000000| Untracked 
|   5|0x0000000705200000, 0x0000000705200000, 0x0000000705400000|  0%| F|  |TAMS 0x0000000705200000| PB 0x0000000705200000| Untracked 
|   6|0x0000000705400000, 0x0000000705400000, 0x0000000705600000|  0%| F|  |TAMS 0x0000000705400000| PB 0x0000000705400000| Untracked 
|   7|0x0000000705600000, 0x0000000705600000, 0x0000000705800000|  0%| F|  |TAMS 0x0000000705600000| PB 0x0000000705600000| Untracked 
|   8|0x0000000705800000, 0x0000000705800000, 0x0000000705a00000|  0%| F|  |TAMS 0x0000000705800000| PB 0x0000000705800000| Untracked 
|   9|0x0000000705a00000, 0x0000000705a00000, 0x0000000705c00000|  0%| F|  |TAMS 0x0000000705a00000| PB 0x0000000705a00000| Untracked 
|  10|0x0000000705c00000, 0x0000000705c00000, 0x0000000705e00000|  0%| F|  |TAMS 0x0000000705c00000| PB 0x0000000705c00000| Untracked 
|  11|0x0000000705e00000, 0x0000000705e00000, 0x0000000706000000|  0%| F|  |TAMS 0x0000000705e00000| PB 0x0000000705e00000| Untracked 
|  12|0x0000000706000000, 0x0000000706000000, 0x0000000706200000|  0%| F|  |TAMS 0x0000000706000000| PB 0x0000000706000000| Untracked 
|  13|0x0000000706200000, 0x0000000706200000, 0x0000000706400000|  0%| F|  |TAMS 0x0000000706200000| PB 0x0000000706200000| Untracked 
|  14|0x0000000706400000, 0x0000000706400000, 0x0000000706600000|  0%| F|  |TAMS 0x0000000706400000| PB 0x0000000706400000| Untracked 
|  15|0x0000000706600000, 0x0000000706600000, 0x0000000706800000|  0%| F|  |TAMS 0x0000000706600000| PB 0x0000000706600000| Untracked 
|  16|0x0000000706800000, 0x0000000706800000, 0x0000000706a00000|  0%| F|  |TAMS 0x0000000706800000| PB 0x0000000706800000| Untracked 
|  17|0x0000000706a00000, 0x0000000706a00000, 0x0000000706c00000|  0%| F|  |TAMS 0x0000000706a00000| PB 0x0000000706a00000| Untracked 
|  18|0x0000000706c00000, 0x0000000706c00000, 0x0000000706e00000|  0%| F|  |TAMS 0x0000000706c00000| PB 0x0000000706c00000| Untracked 
|  19|0x0000000706e00000, 0x0000000706e00000, 0x0000000707000000|  0%| F|  |TAMS 0x0000000706e00000| PB 0x0000000706e00000| Untracked 
|  20|0x0000000707000000, 0x0000000707000000, 0x0000000707200000|  0%| F|  |TAMS 0x0000000707000000| PB 0x0000000707000000| Untracked 
|  21|0x0000000707200000, 0x0000000707200000, 0x0000000707400000|  0%| F|  |TAMS 0x0000000707200000| PB 0x0000000707200000| Untracked 
|  22|0x0000000707400000, 0x0000000707400000, 0x0000000707600000|  0%| F|  |TAMS 0x0000000707400000| PB 0x0000000707400000| Untracked 
|  23|0x0000000707600000, 0x0000000707600000, 0x0000000707800000|  0%| F|  |TAMS 0x0000000707600000| PB 0x0000000707600000| Untracked 
|  24|0x0000000707800000, 0x0000000707800000, 0x0000000707a00000|  0%| F|  |TAMS 0x0000000707800000| PB 0x0000000707800000| Untracked 
|  25|0x0000000707a00000, 0x0000000707a00000, 0x0000000707c00000|  0%| F|  |TAMS 0x0000000707a00000| PB 0x0000000707a00000| Untracked 
|  26|0x0000000707c00000, 0x0000000707c00000, 0x0000000707e00000|  0%| F|  |TAMS 0x0000000707c00000| PB 0x0000000707c00000| Untracked 
|  27|0x0000000707e00000, 0x0000000707e00000, 0x0000000708000000|  0%| F|  |TAMS 0x0000000707e00000| PB 0x0000000707e00000| Untracked 
|  28|0x0000000708000000, 0x0000000708000000, 0x0000000708200000|  0%| F|  |TAMS 0x0000000708000000| PB 0x0000000708000000| Untracked 
|  29|0x0000000708200000, 0x0000000708200000, 0x0000000708400000|  0%| F|  |TAMS 0x0000000708200000| PB 0x0000000708200000| Untracked 
|  30|0x0000000708400000, 0x0000000708400000, 0x0000000708600000|  0%| F|  |TAMS 0x0000000708400000| PB 0x0000000708400000| Untracked 
|  31|0x0000000708600000, 0x0000000708600000, 0x0000000708800000|  0%| F|  |TAMS 0x0000000708600000| PB 0x0000000708600000| Untracked 
|  32|0x0000000708800000, 0x0000000708800000, 0x0000000708a00000|  0%| F|  |TAMS 0x0000000708800000| PB 0x0000000708800000| Untracked 
|  33|0x0000000708a00000, 0x0000000708a00000, 0x0000000708c00000|  0%| F|  |TAMS 0x0000000708a00000| PB 0x0000000708a00000| Untracked 
|  34|0x0000000708c00000, 0x0000000708c00000, 0x0000000708e00000|  0%| F|  |TAMS 0x0000000708c00000| PB 0x0000000708c00000| Untracked 
|  35|0x0000000708e00000, 0x0000000708e00000, 0x0000000709000000|  0%| F|  |TAMS 0x0000000708e00000| PB 0x0000000708e00000| Untracked 
|  36|0x0000000709000000, 0x0000000709000000, 0x0000000709200000|  0%| F|  |TAMS 0x0000000709000000| PB 0x0000000709000000| Untracked 
|  37|0x0000000709200000, 0x0000000709200000, 0x0000000709400000|  0%| F|  |TAMS 0x0000000709200000| PB 0x0000000709200000| Untracked 
|  38|0x0000000709400000, 0x0000000709400000, 0x0000000709600000|  0%| F|  |TAMS 0x0000000709400000| PB 0x0000000709400000| Untracked 
|  39|0x0000000709600000, 0x0000000709600000, 0x0000000709800000|  0%| F|  |TAMS 0x0000000709600000| PB 0x0000000709600000| Untracked 
|  40|0x0000000709800000, 0x0000000709800000, 0x0000000709a00000|  0%| F|  |TAMS 0x0000000709800000| PB 0x0000000709800000| Untracked 
|  41|0x0000000709a00000, 0x0000000709a00000, 0x0000000709c00000|  0%| F|  |TAMS 0x0000000709a00000| PB 0x0000000709a00000| Untracked 
|  42|0x0000000709c00000, 0x0000000709c00000, 0x0000000709e00000|  0%| F|  |TAMS 0x0000000709c00000| PB 0x0000000709c00000| Untracked 
|  43|0x0000000709e00000, 0x0000000709e00000, 0x000000070a000000|  0%| F|  |TAMS 0x0000000709e00000| PB 0x0000000709e00000| Untracked 
|  44|0x000000070a000000, 0x000000070a000000, 0x000000070a200000|  0%| F|  |TAMS 0x000000070a000000| PB 0x000000070a000000| Untracked 
|  45|0x000000070a200000, 0x000000070a200000, 0x000000070a400000|  0%| F|  |TAMS 0x000000070a200000| PB 0x000000070a200000| Untracked 
|  46|0x000000070a400000, 0x000000070a400000, 0x000000070a600000|  0%| F|  |TAMS 0x000000070a400000| PB 0x000000070a400000| Untracked 
|  47|0x000000070a600000, 0x000000070a600000, 0x000000070a800000|  0%| F|  |TAMS 0x000000070a600000| PB 0x000000070a600000| Untracked 
|  48|0x000000070a800000, 0x000000070a800000, 0x000000070aa00000|  0%| F|  |TAMS 0x000000070a800000| PB 0x000000070a800000| Untracked 
|  49|0x000000070aa00000, 0x000000070aa00000, 0x000000070ac00000|  0%| F|  |TAMS 0x000000070aa00000| PB 0x000000070aa00000| Untracked 
|  50|0x000000070ac00000, 0x000000070ac00000, 0x000000070ae00000|  0%| F|  |TAMS 0x000000070ac00000| PB 0x000000070ac00000| Untracked 
|  51|0x000000070ae00000, 0x000000070ae00000, 0x000000070b000000|  0%| F|  |TAMS 0x000000070ae00000| PB 0x000000070ae00000| Untracked 
|  52|0x000000070b000000, 0x000000070b000000, 0x000000070b200000|  0%| F|  |TAMS 0x000000070b000000| PB 0x000000070b000000| Untracked 
|  53|0x000000070b200000, 0x000000070b200000, 0x000000070b400000|  0%| F|  |TAMS 0x000000070b200000| PB 0x000000070b200000| Untracked 
|  54|0x000000070b400000, 0x000000070b400000, 0x000000070b600000|  0%| F|  |TAMS 0x000000070b400000| PB 0x000000070b400000| Untracked 
|  55|0x000000070b600000, 0x000000070b600000, 0x000000070b800000|  0%| F|  |TAMS 0x000000070b600000| PB 0x000000070b600000| Untracked 
|  56|0x000000070b800000, 0x000000070b800000, 0x000000070ba00000|  0%| F|  |TAMS 0x000000070b800000| PB 0x000000070b800000| Untracked 
|  57|0x000000070ba00000, 0x000000070ba00000, 0x000000070bc00000|  0%| F|  |TAMS 0x000000070ba00000| PB 0x000000070ba00000| Untracked 
|  58|0x000000070bc00000, 0x000000070bc00000, 0x000000070be00000|  0%| F|  |TAMS 0x000000070bc00000| PB 0x000000070bc00000| Untracked 
|  59|0x000000070be00000, 0x000000070be00000, 0x000000070c000000|  0%| F|  |TAMS 0x000000070be00000| PB 0x000000070be00000| Untracked 
|  60|0x000000070c000000, 0x000000070c000000, 0x000000070c200000|  0%| F|  |TAMS 0x000000070c000000| PB 0x000000070c000000| Untracked 
|  61|0x000000070c200000, 0x000000070c200000, 0x000000070c400000|  0%| F|  |TAMS 0x000000070c200000| PB 0x000000070c200000| Untracked 
|  62|0x000000070c400000, 0x000000070c400000, 0x000000070c600000|  0%| F|  |TAMS 0x000000070c400000| PB 0x000000070c400000| Untracked 
|  63|0x000000070c600000, 0x000000070c600000, 0x000000070c800000|  0%| F|  |TAMS 0x000000070c600000| PB 0x000000070c600000| Untracked 
|  64|0x000000070c800000, 0x000000070c800000, 0x000000070ca00000|  0%| F|  |TAMS 0x000000070c800000| PB 0x000000070c800000| Untracked 
|  65|0x000000070ca00000, 0x000000070ca00000, 0x000000070cc00000|  0%| F|  |TAMS 0x000000070ca00000| PB 0x000000070ca00000| Untracked 
|  66|0x000000070cc00000, 0x000000070cc00000, 0x000000070ce00000|  0%| F|  |TAMS 0x000000070cc00000| PB 0x000000070cc00000| Untracked 
|  67|0x000000070ce00000, 0x000000070ce00000, 0x000000070d000000|  0%| F|  |TAMS 0x000000070ce00000| PB 0x000000070ce00000| Untracked 
|  68|0x000000070d000000, 0x000000070d000000, 0x000000070d200000|  0%| F|  |TAMS 0x000000070d000000| PB 0x000000070d000000| Untracked 
|  69|0x000000070d200000, 0x000000070d200000, 0x000000070d400000|  0%| F|  |TAMS 0x000000070d200000| PB 0x000000070d200000| Untracked 
|  70|0x000000070d400000, 0x000000070d400000, 0x000000070d600000|  0%| F|  |TAMS 0x000000070d400000| PB 0x000000070d400000| Untracked 
|  71|0x000000070d600000, 0x000000070d600000, 0x000000070d800000|  0%| F|  |TAMS 0x000000070d600000| PB 0x000000070d600000| Untracked 
|  72|0x000000070d800000, 0x000000070d800000, 0x000000070da00000|  0%| F|  |TAMS 0x000000070d800000| PB 0x000000070d800000| Untracked 
|  73|0x000000070da00000, 0x000000070da00000, 0x000000070dc00000|  0%| F|  |TAMS 0x000000070da00000| PB 0x000000070da00000| Untracked 
|  74|0x000000070dc00000, 0x000000070dc00000, 0x000000070de00000|  0%| F|  |TAMS 0x000000070dc00000| PB 0x000000070dc00000| Untracked 
|  75|0x000000070de00000, 0x000000070de00000, 0x000000070e000000|  0%| F|  |TAMS 0x000000070de00000| PB 0x000000070de00000| Untracked 
|  76|0x000000070e000000, 0x000000070e000000, 0x000000070e200000|  0%| F|  |TAMS 0x000000070e000000| PB 0x000000070e000000| Untracked 
|  77|0x000000070e200000, 0x000000070e200000, 0x000000070e400000|  0%| F|  |TAMS 0x000000070e200000| PB 0x000000070e200000| Untracked 
|  78|0x000000070e400000, 0x000000070e400000, 0x000000070e600000|  0%| F|  |TAMS 0x000000070e400000| PB 0x000000070e400000| Untracked 
|  79|0x000000070e600000, 0x000000070e600000, 0x000000070e800000|  0%| F|  |TAMS 0x000000070e600000| PB 0x000000070e600000| Untracked 
|  80|0x000000070e800000, 0x000000070e800000, 0x000000070ea00000|  0%| F|  |TAMS 0x000000070e800000| PB 0x000000070e800000| Untracked 
|  81|0x000000070ea00000, 0x000000070ea00000, 0x000000070ec00000|  0%| F|  |TAMS 0x000000070ea00000| PB 0x000000070ea00000| Untracked 
|  82|0x000000070ec00000, 0x000000070ec00000, 0x000000070ee00000|  0%| F|  |TAMS 0x000000070ec00000| PB 0x000000070ec00000| Untracked 
|  83|0x000000070ee00000, 0x000000070ee00000, 0x000000070f000000|  0%| F|  |TAMS 0x000000070ee00000| PB 0x000000070ee00000| Untracked 
|  84|0x000000070f000000, 0x000000070f000000, 0x000000070f200000|  0%| F|  |TAMS 0x000000070f000000| PB 0x000000070f000000| Untracked 
|  85|0x000000070f200000, 0x000000070f200000, 0x000000070f400000|  0%| F|  |TAMS 0x000000070f200000| PB 0x000000070f200000| Untracked 
|  86|0x000000070f400000, 0x000000070f400000, 0x000000070f600000|  0%| F|  |TAMS 0x000000070f400000| PB 0x000000070f400000| Untracked 
|  87|0x000000070f600000, 0x000000070f600000, 0x000000070f800000|  0%| F|  |TAMS 0x000000070f600000| PB 0x000000070f600000| Untracked 
|  88|0x000000070f800000, 0x000000070f800000, 0x000000070fa00000|  0%| F|  |TAMS 0x000000070f800000| PB 0x000000070f800000| Untracked 
|  89|0x000000070fa00000, 0x000000070fa00000, 0x000000070fc00000|  0%| F|  |TAMS 0x000000070fa00000| PB 0x000000070fa00000| Untracked 
|  90|0x000000070fc00000, 0x000000070fc00000, 0x000000070fe00000|  0%| F|  |TAMS 0x000000070fc00000| PB 0x000000070fc00000| Untracked 
|  91|0x000000070fe00000, 0x000000070fe00000, 0x0000000710000000|  0%| F|  |TAMS 0x000000070fe00000| PB 0x000000070fe00000| Untracked 
|  92|0x0000000710000000, 0x0000000710000000, 0x0000000710200000|  0%| F|  |TAMS 0x0000000710000000| PB 0x0000000710000000| Untracked 
|  93|0x0000000710200000, 0x0000000710200000, 0x0000000710400000|  0%| F|  |TAMS 0x0000000710200000| PB 0x0000000710200000| Untracked 
|  94|0x0000000710400000, 0x0000000710400000, 0x0000000710600000|  0%| F|  |TAMS 0x0000000710400000| PB 0x0000000710400000| Untracked 
|  95|0x0000000710600000, 0x0000000710600000, 0x0000000710800000|  0%| F|  |TAMS 0x0000000710600000| PB 0x0000000710600000| Untracked 
|  96|0x0000000710800000, 0x0000000710800000, 0x0000000710a00000|  0%| F|  |TAMS 0x0000000710800000| PB 0x0000000710800000| Untracked 
|  97|0x0000000710a00000, 0x0000000710a00000, 0x0000000710c00000|  0%| F|  |TAMS 0x0000000710a00000| PB 0x0000000710a00000| Untracked 
|  98|0x0000000710c00000, 0x0000000710c00000, 0x0000000710e00000|  0%| F|  |TAMS 0x0000000710c00000| PB 0x0000000710c00000| Untracked 
|  99|0x0000000710e00000, 0x0000000710e00000, 0x0000000711000000|  0%| F|  |TAMS 0x0000000710e00000| PB 0x0000000710e00000| Untracked 
| 100|0x0000000711000000, 0x0000000711000000, 0x0000000711200000|  0%| F|  |TAMS 0x0000000711000000| PB 0x0000000711000000| Untracked 
| 101|0x0000000711200000, 0x0000000711200000, 0x0000000711400000|  0%| F|  |TAMS 0x0000000711200000| PB 0x0000000711200000| Untracked 
| 102|0x0000000711400000, 0x0000000711400000, 0x0000000711600000|  0%| F|  |TAMS 0x0000000711400000| PB 0x0000000711400000| Untracked 
| 103|0x0000000711600000, 0x0000000711600000, 0x0000000711800000|  0%| F|  |TAMS 0x0000000711600000| PB 0x0000000711600000| Untracked 
| 104|0x0000000711800000, 0x0000000711800000, 0x0000000711a00000|  0%| F|  |TAMS 0x0000000711800000| PB 0x0000000711800000| Untracked 
| 105|0x0000000711a00000, 0x0000000711a00000, 0x0000000711c00000|  0%| F|  |TAMS 0x0000000711a00000| PB 0x0000000711a00000| Untracked 
| 106|0x0000000711c00000, 0x0000000711c00000, 0x0000000711e00000|  0%| F|  |TAMS 0x0000000711c00000| PB 0x0000000711c00000| Untracked 
| 107|0x0000000711e00000, 0x0000000711e00000, 0x0000000712000000|  0%| F|  |TAMS 0x0000000711e00000| PB 0x0000000711e00000| Untracked 
| 108|0x0000000712000000, 0x0000000712000000, 0x0000000712200000|  0%| F|  |TAMS 0x0000000712000000| PB 0x0000000712000000| Untracked 
| 109|0x0000000712200000, 0x0000000712200000, 0x0000000712400000|  0%| F|  |TAMS 0x0000000712200000| PB 0x0000000712200000| Untracked 
| 110|0x0000000712400000, 0x0000000712400000, 0x0000000712600000|  0%| F|  |TAMS 0x0000000712400000| PB 0x0000000712400000| Untracked 
| 111|0x0000000712600000, 0x0000000712600000, 0x0000000712800000|  0%| F|  |TAMS 0x0000000712600000| PB 0x0000000712600000| Untracked 
| 112|0x0000000712800000, 0x0000000712800000, 0x0000000712a00000|  0%| F|  |TAMS 0x0000000712800000| PB 0x0000000712800000| Untracked 
| 113|0x0000000712a00000, 0x0000000712c00000, 0x0000000712c00000|100%| S|CS|TAMS 0x0000000712a00000| PB 0x0000000712a00000| Complete 
| 114|0x0000000712c00000, 0x0000000712e00000, 0x0000000712e00000|100%| S|CS|TAMS 0x0000000712c00000| PB 0x0000000712c00000| Complete 
| 115|0x0000000712e00000, 0x0000000712e00000, 0x0000000713000000|  0%| F|  |TAMS 0x0000000712e00000| PB 0x0000000712e00000| Untracked 
| 116|0x0000000713000000, 0x0000000713000000, 0x0000000713200000|  0%| F|  |TAMS 0x0000000713000000| PB 0x0000000713000000| Untracked 
| 117|0x0000000713200000, 0x0000000713200000, 0x0000000713400000|  0%| F|  |TAMS 0x0000000713200000| PB 0x0000000713200000| Untracked 
| 118|0x0000000713400000, 0x0000000713400000, 0x0000000713600000|  0%| F|  |TAMS 0x0000000713400000| PB 0x0000000713400000| Untracked 
| 119|0x0000000713600000, 0x0000000713600000, 0x0000000713800000|  0%| F|  |TAMS 0x0000000713600000| PB 0x0000000713600000| Untracked 
| 120|0x0000000713800000, 0x0000000713800000, 0x0000000713a00000|  0%| F|  |TAMS 0x0000000713800000| PB 0x0000000713800000| Untracked 
| 121|0x0000000713a00000, 0x0000000713a00000, 0x0000000713c00000|  0%| F|  |TAMS 0x0000000713a00000| PB 0x0000000713a00000| Untracked 
| 122|0x0000000713c00000, 0x0000000713c00000, 0x0000000713e00000|  0%| F|  |TAMS 0x0000000713c00000| PB 0x0000000713c00000| Untracked 
| 123|0x0000000713e00000, 0x0000000713e57f28, 0x0000000714000000| 17%| E|  |TAMS 0x0000000713e00000| PB 0x0000000713e00000| Complete 
| 124|0x0000000714000000, 0x0000000714200000, 0x0000000714200000|100%| E|CS|TAMS 0x0000000714000000| PB 0x0000000714000000| Complete 
| 125|0x0000000714200000, 0x0000000714400000, 0x0000000714400000|100%| E|CS|TAMS 0x0000000714200000| PB 0x0000000714200000| Complete 

Card table byte_map: [0x0000021a43620000,0x0000021a43e00000] _byte_map_base: 0x0000021a3fdfc000

Marking Bits: (CMBitMap*) 0x0000021a2b4f8510
 Bits: [0x0000021a43e00000, 0x0000021a47ce0000)

Polling page: 0x0000021a29450000

Metaspace:

Usage:
  Non-class:      9.49 MB used.
      Class:      1.26 MB used.
       Both:     10.75 MB used.

Virtual space:
  Non-class space:       64.00 MB reserved,       9.69 MB ( 15%) committed,  1 nodes.
      Class space:        1.00 GB reserved,       1.44 MB ( <1%) committed,  1 nodes.
             Both:        1.06 GB reserved,      11.12 MB (  1%) committed. 

Chunk freelists:
   Non-Class:  6.11 MB
       Class:  14.61 MB
        Both:  20.72 MB

MaxMetaspaceSize: unlimited
CompressedClassSpaceSize: 1.00 GB
Initial GC threshold: 21.00 MB
Current GC threshold: 21.00 MB
CDS: on
 - commit_granule_bytes: 65536.
 - commit_granule_words: 8192.
 - virtual_space_node_default_size: 8388608.
 - enlarge_chunks_in_place: 1.
 - use_allocation_guard: 0.


Internal statistics:

num_allocs_failed_limit: 0.
num_arena_births: 414.
num_arena_deaths: 0.
num_vsnodes_births: 2.
num_vsnodes_deaths: 0.
num_space_committed: 178.
num_space_uncommitted: 0.
num_chunks_returned_to_freelist: 0.
num_chunks_taken_from_freelist: 738.
num_chunk_merges: 0.
num_chunk_splits: 434.
num_chunks_enlarged: 229.
num_inconsistent_stats: 0.

CodeHeap 'non-profiled nmethods': size=120000Kb used=518Kb max_used=518Kb free=119482Kb
 bounds [0x0000021a3b3c0000, 0x0000021a3b630000, 0x0000021a428f0000]
CodeHeap 'profiled nmethods': size=120000Kb used=2856Kb max_used=2856Kb free=117143Kb
 bounds [0x0000021a338f0000, 0x0000021a33bc0000, 0x0000021a3ae20000]
CodeHeap 'non-nmethods': size=5760Kb used=1443Kb max_used=1457Kb free=4316Kb
 bounds [0x0000021a3ae20000, 0x0000021a3b090000, 0x0000021a3b3c0000]
 total_blobs=2100 nmethods=1569 adapters=436
 compilation: enabled
              stopped_count=0, restarted_count=0
 full_count=0

Compilation events (20 events):
Event: 0.924 Thread 0x0000021a4a9566c0 1510       3       java.security.Provider$Service::<init> (200 bytes)
Event: 0.925 Thread 0x0000021a4a952fb0 1514       4       java.lang.StringLatin1::toUpperCase (186 bytes)
Event: 0.925 Thread 0x0000021a4a9566c0 nmethod 1510 0x0000021a33b9cd10 code [0x0000021a33b9d0a0, 0x0000021a33b9eb40]
Event: 0.925 Thread 0x0000021a4a9566c0 1513       3       java.util.Collections$EmptyList::iterator (4 bytes)
Event: 0.925 Thread 0x0000021a4a9566c0 nmethod 1513 0x0000021a33b9f210 code [0x0000021a33b9f3c0, 0x0000021a33b9f530]
Event: 0.925 Thread 0x0000021a4a9566c0 1511       3       java.security.Provider::getEngineName (49 bytes)
Event: 0.926 Thread 0x0000021a4a9566c0 nmethod 1511 0x0000021a33b9f610 code [0x0000021a33b9f840, 0x0000021a33ba00b8]
Event: 0.926 Thread 0x0000021a4a9566c0 1512       3       java.security.Provider::implRemoveService (149 bytes)
Event: 0.926 Thread 0x0000021a4a9566c0 nmethod 1512 0x0000021a33ba0310 code [0x0000021a33ba05c0, 0x0000021a33ba1280]
Event: 0.931 Thread 0x0000021a4a9566c0 1516       3       java.nio.Buffer::<init> (105 bytes)
Event: 0.932 Thread 0x0000021a4a9566c0 nmethod 1516 0x0000021a33ba1610 code [0x0000021a33ba18c0, 0x0000021a33ba23b8]
Event: 0.932 Thread 0x0000021a4a9566c0 1517       3       jdk.internal.misc.InternalLock::unlock (8 bytes)
Event: 0.932 Thread 0x0000021a4a9566c0 nmethod 1517 0x0000021a33ba2790 code [0x0000021a33ba2960, 0x0000021a33ba2d30]
Event: 0.933 Thread 0x0000021a4a9566c0 1518       3       jdk.internal.misc.CarrierThreadLocal::get (10 bytes)
Event: 0.934 Thread 0x0000021a4a9566c0 nmethod 1518 0x0000021a33ba2e90 code [0x0000021a33ba3060, 0x0000021a33ba3320]
Event: 0.934 Thread 0x0000021a4a9566c0 1519       3       java.lang.System$2::getCarrierThreadLocal (5 bytes)
Event: 0.934 Thread 0x0000021a4a9566c0 nmethod 1519 0x0000021a33ba3410 code [0x0000021a33ba35c0, 0x0000021a33ba3818]
Event: 0.934 Thread 0x0000021a4a9566c0 1520       3       java.lang.ThreadLocal::getCarrierThreadLocal (29 bytes)
Event: 0.934 Thread 0x0000021a4a9566c0 nmethod 1520 0x0000021a33ba3910 code [0x0000021a33ba3ac0, 0x0000021a33ba3c28]
Event: 0.934 Thread 0x0000021a4a9566c0 1521       3       java.io.BufferedReader::ensureOpen (18 bytes)

GC Heap History (2 events):
Event: 0.830 GC heap before
{Heap before GC invocations=0 (full 0):
 garbage-first heap   total 258048K, used 22528K [0x0000000704800000, 0x0000000800000000)
  region size 2048K, 11 young (22528K), 0 survivors (0K)
 Metaspace       used 8350K, committed 8640K, reserved 1114112K
  class space    used 986K, committed 1088K, reserved 1048576K
}
Event: 0.835 GC heap after
{Heap after GC invocations=1 (full 0):
 garbage-first heap   total 258048K, used 4282K [0x0000000704800000, 0x0000000800000000)
  region size 2048K, 2 young (4096K), 2 survivors (4096K)
 Metaspace       used 8350K, committed 8640K, reserved 1114112K
  class space    used 986K, committed 1088K, reserved 1048576K
}

Dll operation events (9 events):
Event: 0.031 Loaded shared library C:\Program Files\Java\jdk-21\bin\java.dll
Event: 0.077 Loaded shared library C:\Program Files\Java\jdk-21\bin\jsvml.dll
Event: 0.113 Loaded shared library C:\Program Files\Java\jdk-21\bin\net.dll
Event: 0.115 Loaded shared library C:\Program Files\Java\jdk-21\bin\nio.dll
Event: 0.119 Loaded shared library C:\Program Files\Java\jdk-21\bin\zip.dll
Event: 0.236 Loaded shared library C:\Program Files\Java\jdk-21\bin\jimage.dll
Event: 0.300 Loaded shared library C:\Program Files\Java\jdk-21\bin\verify.dll
Event: 0.379 Loaded shared library C:\Program Files\Java\jdk-21\bin\extnet.dll
Event: 0.898 Loaded shared library C:\Program Files\Java\jdk-21\bin\sunmscapi.dll

Deoptimization events (20 events):
Event: 0.442 Thread 0x0000021a2920fb80 DEOPT PACKING pc=0x0000021a3b3d9014 sp=0x000000297cafc9c0
Event: 0.442 Thread 0x0000021a2920fb80 DEOPT UNPACKING pc=0x0000021a3ae746a2 sp=0x000000297cafc950 mode 2
Event: 0.479 Thread 0x0000021a2920fb80 DEOPT PACKING pc=0x0000021a33a0c07c sp=0x000000297cafd3b0
Event: 0.479 Thread 0x0000021a2920fb80 DEOPT UNPACKING pc=0x0000021a3ae74e42 sp=0x000000297cafc7e8 mode 0
Event: 0.519 Thread 0x0000021a2920fb80 DEOPT PACKING pc=0x0000021a3391cb49 sp=0x000000297cafe320
Event: 0.519 Thread 0x0000021a2920fb80 DEOPT UNPACKING pc=0x0000021a3ae74e42 sp=0x000000297cafd798 mode 0
Event: 0.579 Thread 0x0000021a2920fb80 DEOPT PACKING pc=0x0000021a33920705 sp=0x000000297cafde80
Event: 0.579 Thread 0x0000021a2920fb80 DEOPT UNPACKING pc=0x0000021a3ae74e42 sp=0x000000297cafd2f0 mode 0
Event: 0.722 Thread 0x0000021a2920fb80 Uncommon trap: trap_request=0xffffff45 fr.pc=0x0000021a3b4024c8 relative=0x0000000000000188
Event: 0.722 Thread 0x0000021a2920fb80 Uncommon trap: reason=unstable_if action=reinterpret pc=0x0000021a3b4024c8 method=java.lang.invoke.VarHandle.checkAccessModeThenIsDirect(Ljava/lang/invoke/VarHandle$AccessDescriptor;)Z @ 4 c2
Event: 0.722 Thread 0x0000021a2920fb80 DEOPT PACKING pc=0x0000021a3b4024c8 sp=0x000000297cafe960
Event: 0.722 Thread 0x0000021a2920fb80 DEOPT UNPACKING pc=0x0000021a3ae746a2 sp=0x000000297cafe930 mode 2
Event: 0.879 Thread 0x0000021a2920fb80 Uncommon trap: trap_request=0xffffff45 fr.pc=0x0000021a3b429c18 relative=0x0000000000002278
Event: 0.879 Thread 0x0000021a2920fb80 Uncommon trap: reason=unstable_if action=reinterpret pc=0x0000021a3b429c18 method=jdk.internal.org.objectweb.asm.Frame.execute(IILjdk/internal/org/objectweb/asm/Symbol;Ljdk/internal/org/objectweb/asm/SymbolTable;)V @ 1 c2
Event: 0.879 Thread 0x0000021a2920fb80 DEOPT PACKING pc=0x0000021a3b429c18 sp=0x000000297cafb870
Event: 0.879 Thread 0x0000021a2920fb80 DEOPT UNPACKING pc=0x0000021a3ae746a2 sp=0x000000297cafb7d8 mode 2
Event: 0.889 Thread 0x0000021a2920fb80 Uncommon trap: trap_request=0xffffff45 fr.pc=0x0000021a3b40e5b0 relative=0x0000000000000110
Event: 0.889 Thread 0x0000021a2920fb80 Uncommon trap: reason=unstable_if action=reinterpret pc=0x0000021a3b40e5b0 method=jdk.internal.org.objectweb.asm.ByteVector.putShort(I)Ljdk/internal/org/objectweb/asm/ByteVector; @ 13 c2
Event: 0.889 Thread 0x0000021a2920fb80 DEOPT PACKING pc=0x0000021a3b40e5b0 sp=0x000000297cafb420
Event: 0.889 Thread 0x0000021a2920fb80 DEOPT UNPACKING pc=0x0000021a3ae746a2 sp=0x000000297cafb3b8 mode 2

Classes loaded (20 events):
Event: 0.930 Loading class sun/nio/ch/ChannelInputStream
Event: 0.930 Loading class sun/nio/ch/ChannelInputStream done
Event: 0.930 Loading class javax/crypto/CryptoPermissions
Event: 0.930 Loading class javax/crypto/CryptoPermissions done
Event: 0.931 Loading class javax/crypto/CryptoPolicyParser
Event: 0.931 Loading class javax/crypto/CryptoPolicyParser done
Event: 0.931 Loading class java/io/StreamTokenizer
Event: 0.931 Loading class java/io/StreamTokenizer done
Event: 0.932 Loading class javax/crypto/CryptoPolicyParser$GrantEntry
Event: 0.932 Loading class javax/crypto/CryptoPolicyParser$GrantEntry done
Event: 0.932 Loading class javax/crypto/CryptoPolicyParser$CryptoPermissionEntry
Event: 0.932 Loading class javax/crypto/CryptoPolicyParser$CryptoPermissionEntry done
Event: 0.932 Loading class java/util/Vector$Itr
Event: 0.932 Loading class java/util/Vector$Itr done
Event: 0.932 Loading class javax/crypto/CryptoAllPermission
Event: 0.932 Loading class javax/crypto/CryptoPermission
Event: 0.933 Loading class javax/crypto/CryptoPermission done
Event: 0.933 Loading class javax/crypto/CryptoAllPermission done
Event: 0.933 Loading class javax/crypto/CryptoAllPermissionCollection
Event: 0.933 Loading class javax/crypto/CryptoAllPermissionCollection done

Classes unloaded (0 events):
No events

Classes redefined (0 events):
No events

Internal exceptions (20 events):
Event: 0.869 Thread 0x0000021a2920fb80 Exception <a 'java/lang/NoSuchMethodError'{0x0000000714399e18}: 'java.lang.Object java.lang.invoke.DirectMethodHandle$Holder.invokeStatic(java.lang.Object, java.lang.Object, int)'> (0x0000000714399e18) 
thrown [s\open\src\hotspot\share\interpreter\linkResolver.cpp, line 773]
Event: 0.869 Thread 0x0000021a2920fb80 Exception <a 'java/lang/NoSuchMethodError'{0x000000071439d468}: 'java.lang.Object java.lang.invoke.DirectMethodHandle$Holder.invokeStaticInit(java.lang.Object, java.lang.Object, int)'> (0x000000071439d468) 
thrown [s\open\src\hotspot\share\interpreter\linkResolver.cpp, line 773]
Event: 0.869 Thread 0x0000021a2920fb80 Exception <a 'java/lang/NoSuchMethodError'{0x00000007143a2ce0}: 'java.lang.Object java.lang.invoke.DirectMethodHandle$Holder.newInvokeSpecial(java.lang.Object, java.lang.Object, int)'> (0x00000007143a2ce0) 
thrown [s\open\src\hotspot\share\interpreter\linkResolver.cpp, line 773]
Event: 0.871 Thread 0x0000021a2920fb80 Exception <a 'java/lang/NoSuchMethodError'{0x00000007143b5840}: 'int java.lang.invoke.DirectMethodHandle$Holder.invokeSpecialIFC(java.lang.Object, java.lang.Object, java.lang.Object)'> (0x00000007143b5840) 
thrown [s\open\src\hotspot\share\interpreter\linkResolver.cpp, line 773]
Event: 0.877 Thread 0x0000021a2920fb80 Exception <a 'java/lang/NoSuchMethodError'{0x00000007143dc9b8}: 'java.lang.Object java.lang.invoke.DirectMethodHandle$Holder.invokeStaticInit(java.lang.Object, java.lang.Object, java.lang.Object, java.lang.Object, java.lang.Object, java.lang.Object, java.lang.Object)'> (0x00000007143dc9b8) 
thrown [s\open\src\hotspot\share\interpreter\linkResolver.cpp, line 773]
Event: 0.877 Thread 0x0000021a2920fb80 Exception <a 'java/lang/NoSuchMethodError'{0x00000007143e11f0}: 'java.lang.Object java.lang.invoke.Invokers$Holder.invoke_MT(java.lang.Object, java.lang.Object, java.lang.Object, java.lang.Object, java.lang.Object, java.lang.Object, java.lang.Object, java.lang.Object, java.lang.Object, java.lang.Object)'> (0x00000007143e11f0) 
thrown [s\open\src\hotspot\share\interpreter\linkResolver.cpp, line 773]
Event: 0.879 Thread 0x0000021a2920fb80 Exception <a 'java/lang/NoSuchMethodError'{0x00000007143f4bf0}: 'void java.lang.invoke.DelegatingMethodHandle$Holder.delegate(java.lang.Object, java.lang.Object, int, java.lang.Object)'> (0x00000007143f4bf0) 
thrown [s\open\src\hotspot\share\interpreter\linkResolver.cpp, line 773]
Event: 0.882 Thread 0x0000021a2920fb80 Exception <a 'java/lang/NoSuchMethodError'{0x0000000714012268}: 'int java.lang.invoke.DirectMethodHandle$Holder.invokeVirtual(java.lang.Object, java.lang.Object, java.lang.Object)'> (0x0000000714012268) 
thrown [s\open\src\hotspot\share\interpreter\linkResolver.cpp, line 773]
Event: 0.882 Thread 0x0000021a2920fb80 Exception <a 'java/lang/NoSuchMethodError'{0x00000007140166e8}: 'int java.lang.invoke.DirectMethodHandle$Holder.invokeStaticInit(java.lang.Object, int, int)'> (0x00000007140166e8) 
thrown [s\open\src\hotspot\share\interpreter\linkResolver.cpp, line 773]
Event: 0.882 Thread 0x0000021a2920fb80 Exception <a 'java/lang/NoSuchMethodError'{0x000000071401dc60}: 'int java.lang.invoke.DirectMethodHandle$Holder.invokeStaticInit(java.lang.Object, long, long)'> (0x000000071401dc60) 
thrown [s\open\src\hotspot\share\interpreter\linkResolver.cpp, line 773]
Event: 0.883 Thread 0x0000021a2920fb80 Exception <a 'java/lang/NoSuchMethodError'{0x0000000714024828}: 'int java.lang.invoke.DirectMethodHandle$Holder.invokeStaticInit(java.lang.Object, float, float)'> (0x0000000714024828) 
thrown [s\open\src\hotspot\share\interpreter\linkResolver.cpp, line 773]
Event: 0.883 Thread 0x0000021a2920fb80 Exception <a 'java/lang/NoSuchMethodError'{0x000000071402b3e8}: 'int java.lang.invoke.DirectMethodHandle$Holder.invokeStaticInit(java.lang.Object, double, double)'> (0x000000071402b3e8) 
thrown [s\open\src\hotspot\share\interpreter\linkResolver.cpp, line 773]
Event: 0.883 Thread 0x0000021a2920fb80 Exception <a 'java/lang/NoSuchMethodError'{0x000000071402fa38}: 'int java.lang.invoke.DirectMethodHandle$Holder.invokeStatic(java.lang.Object, long)'> (0x000000071402fa38) 
thrown [s\open\src\hotspot\share\interpreter\linkResolver.cpp, line 773]
Event: 0.886 Thread 0x0000021a2920fb80 Exception <a 'java/lang/NoSuchMethodError'{0x00000007140434b8}: 'int java.lang.invoke.DirectMethodHandle$Holder.invokeSpecial(java.lang.Object, java.lang.Object, java.lang.Object, java.lang.Object)'> (0x00000007140434b8) 
thrown [s\open\src\hotspot\share\interpreter\linkResolver.cpp, line 773]
Event: 0.887 Thread 0x0000021a2920fb80 Exception <a 'java/lang/NoSuchMethodError'{0x00000007140541e0}: 'java.lang.Object java.lang.invoke.DirectMethodHandle$Holder.invokeStatic(java.lang.Object, int, java.lang.Object, java.lang.Object)'> (0x00000007140541e0) 
thrown [s\open\src\hotspot\share\interpreter\linkResolver.cpp, line 773]
Event: 0.887 Thread 0x0000021a2920fb80 Exception <a 'java/lang/NoSuchMethodError'{0x00000007140583a0}: 'java.lang.Object java.lang.invoke.DirectMethodHandle$Holder.invokeSpecial(java.lang.Object, java.lang.Object, int, java.lang.Object, java.lang.Object)'> (0x00000007140583a0) 
thrown [s\open\src\hotspot\share\interpreter\linkResolver.cpp, line 773]
Event: 0.888 Thread 0x0000021a2920fb80 Exception <a 'java/lang/NoSuchMethodError'{0x000000071405bdd0}: 'java.lang.Object java.lang.invoke.DelegatingMethodHandle$Holder.delegate(java.lang.Object, int, java.lang.Object, java.lang.Object)'> (0x000000071405bdd0) 
thrown [s\open\src\hotspot\share\interpreter\linkResolver.cpp, line 773]
Event: 0.889 Thread 0x0000021a2920fb80 Exception <a 'java/lang/NoSuchMethodError'{0x000000071406b0e0}: 'int java.lang.invoke.Invokers$Holder.linkToTargetMethod(java.lang.Object, java.lang.Object, java.lang.Object)'> (0x000000071406b0e0) 
thrown [s\open\src\hotspot\share\interpreter\linkResolver.cpp, line 773]
Event: 0.893 Thread 0x0000021a2920fb80 Exception <a 'java/lang/NoSuchMethodError'{0x0000000714079f40}: 'long java.lang.invoke.DirectMethodHandle$Holder.invokeSpecial(java.lang.Object, java.lang.Object)'> (0x0000000714079f40) 
thrown [s\open\src\hotspot\share\interpreter\linkResolver.cpp, line 773]
Event: 0.926 Thread 0x0000021a2920fb80 Exception <a 'sun/nio/fs/WindowsException'{0x0000000714185e28}> (0x0000000714185e28) 
thrown [s\open\src\hotspot\share\prims\jni.cpp, line 520]

ZGC Phase Switch (0 events):
No events

VM Operations (20 events):
Event: 0.120 Executing VM operation: HandshakeAllThreads (Deoptimize)
Event: 0.120 Executing VM operation: HandshakeAllThreads (Deoptimize) done
Event: 0.231 Executing VM operation: HandshakeAllThreads (Deoptimize)
Event: 0.231 Executing VM operation: HandshakeAllThreads (Deoptimize) done
Event: 0.281 Executing VM operation: HandshakeAllThreads (Deoptimize)
Event: 0.281 Executing VM operation: HandshakeAllThreads (Deoptimize) done
Event: 0.345 Executing VM operation: HandshakeAllThreads (Deoptimize)
Event: 0.345 Executing VM operation: HandshakeAllThreads (Deoptimize) done
Event: 0.440 Executing VM operation: HandshakeAllThreads (Deoptimize)
Event: 0.440 Executing VM operation: HandshakeAllThreads (Deoptimize) done
Event: 0.501 Executing VM operation: HandshakeAllThreads (Deoptimize)
Event: 0.501 Executing VM operation: HandshakeAllThreads (Deoptimize) done
Event: 0.805 Executing VM operation: ICBufferFull
Event: 0.805 Executing VM operation: ICBufferFull done
Event: 0.830 Executing VM operation: G1CollectForAllocation (G1 Evacuation Pause)
Event: 0.835 Executing VM operation: G1CollectForAllocation (G1 Evacuation Pause) done
Event: 0.877 Executing VM operation: HandshakeAllThreads (Deoptimize)
Event: 0.877 Executing VM operation: HandshakeAllThreads (Deoptimize) done
Event: 0.927 Executing VM operation: HandshakeAllThreads (Deoptimize)
Event: 0.927 Executing VM operation: HandshakeAllThreads (Deoptimize) done

Events (15 events):
Event: 0.060 Thread 0x0000021a2920fb80 Thread added: 0x0000021a2920fb80
Event: 0.074 Thread 0x0000021a4a93da60 Thread added: 0x0000021a4a93da60
Event: 0.074 Thread 0x0000021a4a93e780 Thread added: 0x0000021a4a93e780
Event: 0.074 Thread 0x0000021a4a9413e0 Thread added: 0x0000021a4a9413e0
Event: 0.075 Thread 0x0000021a4a942bb0 Thread added: 0x0000021a4a942bb0
Event: 0.075 Thread 0x0000021a4a9445f0 Thread added: 0x0000021a4a9445f0
Event: 0.075 Thread 0x0000021a4a943f60 Thread added: 0x0000021a4a943f60
Event: 0.075 Thread 0x0000021a4a952fb0 Thread added: 0x0000021a4a952fb0
Event: 0.075 Thread 0x0000021a4a9566c0 Thread added: 0x0000021a4a9566c0
Event: 0.109 Thread 0x0000021a4a944c80 Thread added: 0x0000021a4a944c80
Event: 0.110 Thread 0x0000021a4a945310 Thread added: 0x0000021a4a945310
Event: 0.266 Thread 0x0000021a4a956d90 Thread added: 0x0000021a4a956d90
Event: 0.266 Thread 0x0000021a4a958fa0 Thread added: 0x0000021a4a958fa0
Event: 0.386 Thread 0x0000021a4a941e90 Thread added: 0x0000021a4a941e90
Event: 0.827 Thread 0x0000021a4a942520 Thread added: 0x0000021a4a942520


Dynamic libraries:
0x00007ff756bc0000 - 0x00007ff756bd0000 	C:\Program Files\Java\jdk-21\bin\javaw.exe
0x00007ffe17ab0000 - 0x00007ffe17cc6000 	C:\windows\SYSTEM32\ntdll.dll
0x00007ffe16c10000 - 0x00007ffe16cd4000 	C:\windows\System32\KERNEL32.DLL
0x00007ffe15430000 - 0x00007ffe157d7000 	C:\windows\System32\KERNELBASE.dll
0x00007ffe15310000 - 0x00007ffe15421000 	C:\windows\System32\ucrtbase.dll
0x00007ffd77a00000 - 0x00007ffd77a1b000 	C:\Program Files\Java\jdk-21\bin\VCRUNTIME140.dll
0x00007ffd9f340000 - 0x00007ffd9f359000 	C:\Program Files\Java\jdk-21\bin\jli.dll
0x00007ffe16930000 - 0x00007ffe169e2000 	C:\windows\System32\ADVAPI32.dll
0x00007ffe16e10000 - 0x00007ffe16eb7000 	C:\windows\System32\msvcrt.dll
0x00007ffe16b60000 - 0x00007ffe16c08000 	C:\windows\System32\sechost.dll
0x00007ffe14dd0000 - 0x00007ffe14df8000 	C:\windows\System32\bcrypt.dll
0x00007ffe16a40000 - 0x00007ffe16b55000 	C:\windows\System32\RPCRT4.dll
0x00007ffe178c0000 - 0x00007ffe17a6e000 	C:\windows\System32\USER32.dll
0x00007ffe14ef0000 - 0x00007ffe14f16000 	C:\windows\System32\win32u.dll
0x00007ffe163e0000 - 0x00007ffe16409000 	C:\windows\System32\GDI32.dll
0x00007ffdf4a30000 - 0x00007ffdf4cc3000 	C:\windows\WinSxS\amd64_microsoft.windows.common-controls_6595b64144ccf1df_6.0.22621.3235_none_270f74e173860f98\COMCTL32.dll
0x00007ffe151f0000 - 0x00007ffe15309000 	C:\windows\System32\gdi32full.dll
0x00007ffe14fe0000 - 0x00007ffe1507a000 	C:\windows\System32\msvcp_win.dll
0x00007ffe069d0000 - 0x00007ffe069da000 	C:\windows\SYSTEM32\VERSION.dll
0x00007ffe17820000 - 0x00007ffe17851000 	C:\windows\System32\IMM32.DLL
0x00007ffdb4410000 - 0x00007ffdb441c000 	C:\Program Files\Java\jdk-21\bin\vcruntime140_1.dll
0x00007ffd59b30000 - 0x00007ffd59bbe000 	C:\Program Files\Java\jdk-21\bin\msvcp140.dll
0x00007ffd56ca0000 - 0x00007ffd579b7000 	C:\Program Files\Java\jdk-21\bin\server\jvm.dll
0x00007ffe16490000 - 0x00007ffe16501000 	C:\windows\System32\WS2_32.dll
0x00007ffe14ca0000 - 0x00007ffe14ced000 	C:\windows\SYSTEM32\POWRPROF.dll
0x00007ffe0ba70000 - 0x00007ffe0baa4000 	C:\windows\SYSTEM32\WINMM.dll
0x00007ffe14bd0000 - 0x00007ffe14be3000 	C:\windows\SYSTEM32\UMPDC.dll
0x00007ffe13dd0000 - 0x00007ffe13de8000 	C:\windows\SYSTEM32\kernel.appcore.dll
0x00007ffdb26e0000 - 0x00007ffdb26ea000 	C:\Program Files\Java\jdk-21\bin\jimage.dll
0x00007ffe12600000 - 0x00007ffe12833000 	C:\windows\SYSTEM32\DBGHELP.DLL
0x00007ffe16510000 - 0x00007ffe16898000 	C:\windows\System32\combase.dll
0x00007ffe170a0000 - 0x00007ffe17177000 	C:\windows\System32\OLEAUT32.dll
0x00007ffddf600000 - 0x00007ffddf632000 	C:\windows\SYSTEM32\dbgcore.DLL
0x00007ffe14e70000 - 0x00007ffe14ee9000 	C:\windows\System32\bcryptPrimitives.dll
0x00007ffd59e80000 - 0x00007ffd59e9f000 	C:\Program Files\Java\jdk-21\bin\java.dll
0x00007ffe157e0000 - 0x00007ffe1603c000 	C:\windows\System32\SHELL32.dll
0x00007ffe12ce0000 - 0x00007ffe135d9000 	C:\windows\SYSTEM32\windows.storage.dll
0x00007ffe12ba0000 - 0x00007ffe12cde000 	C:\windows\SYSTEM32\wintypes.dll
0x00007ffe16ce0000 - 0x00007ffe16dd3000 	C:\windows\System32\SHCORE.dll
0x00007ffe17860000 - 0x00007ffe178be000 	C:\windows\System32\shlwapi.dll
0x00007ffe14d00000 - 0x00007ffe14d21000 	C:\windows\SYSTEM32\profapi.dll
0x00007ffd595a0000 - 0x00007ffd59677000 	C:\Program Files\Java\jdk-21\bin\jsvml.dll
0x00007ffdb0c80000 - 0x00007ffdb0c90000 	C:\Program Files\Java\jdk-21\bin\net.dll
0x00007ffe0e4e0000 - 0x00007ffe0e616000 	C:\windows\SYSTEM32\WINHTTP.dll
0x00007ffe14230000 - 0x00007ffe14299000 	C:\windows\system32\mswsock.dll
0x00007ffd59c90000 - 0x00007ffd59ca6000 	C:\Program Files\Java\jdk-21\bin\nio.dll
0x00007ffd59b10000 - 0x00007ffd59b28000 	C:\Program Files\Java\jdk-21\bin\zip.dll
0x00007ffda4840000 - 0x00007ffda4850000 	C:\Program Files\Java\jdk-21\bin\verify.dll
0x00007ffe138b0000 - 0x00007ffe139a9000 	C:\windows\SYSTEM32\DNSAPI.dll
0x00007ffe13840000 - 0x00007ffe1386d000 	C:\windows\SYSTEM32\IPHLPAPI.DLL
0x00007ffe17810000 - 0x00007ffe17819000 	C:\windows\System32\NSI.dll
0x0000000065b00000 - 0x0000000065b35000 	C:\Program Files\Bonjour\mdnsNSP.dll
0x00007ffe0be10000 - 0x00007ffe0be1a000 	C:\Windows\System32\rasadhlp.dll
0x00007ffe0bcc0000 - 0x00007ffe0bd43000 	C:\windows\System32\fwpuclnt.dll
0x00007ffdeed90000 - 0x00007ffdeed99000 	C:\Program Files\Java\jdk-21\bin\extnet.dll
0x00007ffe14520000 - 0x00007ffe1453b000 	C:\windows\SYSTEM32\CRYPTSP.dll
0x00007ffe13d30000 - 0x00007ffe13d65000 	C:\windows\system32\rsaenh.dll
0x00007ffe142d0000 - 0x00007ffe142f8000 	C:\windows\SYSTEM32\USERENV.dll
0x00007ffe14430000 - 0x00007ffe1443c000 	C:\windows\SYSTEM32\CRYPTBASE.dll
0x00007ffda41b0000 - 0x00007ffda41be000 	C:\Program Files\Java\jdk-21\bin\sunmscapi.dll
0x00007ffe15080000 - 0x00007ffe151e7000 	C:\windows\System32\CRYPT32.dll
0x00007ffe146a0000 - 0x00007ffe146ce000 	C:\windows\SYSTEM32\ncrypt.dll
0x00007ffe14660000 - 0x00007ffe14697000 	C:\windows\SYSTEM32\NTASN1.dll

dbghelp: loaded successfully - version: 4.0.5 - missing functions: none
symbol engine: initialized successfully - sym options: 0x614 - pdb path: .;C:\Program Files\Java\jdk-21\bin;C:\windows\SYSTEM32;C:\windows\WinSxS\amd64_microsoft.windows.common-controls_6595b64144ccf1df_6.0.22621.3235_none_270f74e173860f98;C:\Program Files\Java\jdk-21\bin\server;C:\Program Files\Bonjour

VM Arguments:
jvm_args: -ea -Dfile.encoding=UTF-8 -Dstdout.encoding=UTF-8 -Dstderr.encoding=UTF-8 -XX:+ShowCodeDetailsInExceptionMessages 
java_command: org.testng.remote.RemoteTestNG -serport 50211 -protocol json -d C:\Users\shank\eclipse-workspace\MobileApplicationTest\test-output C:\Users\shank\AppData\Local\Temp\testng-eclipse-1266929510\testng-customsuite.xml
java_class_path (initial): C:\Users\shank\eclipse\java-2023-122\eclipse\configuration\org.eclipse.osgi\576\0\.cp\lib\testng-remote.jar;C:\Users\shank\eclipse-workspace\MobileApplicationTest\target\test-classes;C:\Users\shank\eclipse-workspace\MobileApplicationTest\target\classes;C:\Users\shank\.m2\repository\org\testng\testng\7.7.1\testng-7.7.1.jar;C:\Users\shank\.m2\repository\org\slf4j\slf4j-api\1.7.36\slf4j-api-1.7.36.jar;C:\Users\shank\.m2\repository\com\beust\jcommander\1.82\jcommander-1.82.jar;C:\Users\shank\.m2\repository\org\webjars\jquery\3.6.1\jquery-3.6.1.jar;C:\Users\shank\.m2\repository\io\appium\java-client\9.0.0\java-client-9.0.0.jar;C:\Users\shank\.m2\repository\org\seleniumhq\selenium\selenium-api\4.20.0\selenium-api-4.20.0.jar;C:\Users\shank\.m2\repository\org\seleniumhq\selenium\selenium-remote-driver\4.20.0\selenium-remote-driver-4.20.0.jar;C:\Users\shank\.m2\repository\com\google\auto\service\auto-service-annotations\1.1.1\auto-service-annotations-1.1.1.jar;C:\Users\shank\.m2\repository\com\google\guava\guava\33.1.0-jre\guava-33.1.0-jre.jar;C:\Users\shank\.m2\repository\com\google\guava\failureaccess\1.0.2\failureaccess-1.0.2.jar;C:\Users\shank\.m2\repository\com\google\guava\listenablefuture\9999.0-empty-to-avoid-conflict-with-guava\listenablefuture-9999.0-empty-to-avoid-conflict-with-guava.jar;C:\Users\shank\.m2\repository\com\google\code\findbugs\jsr305\3.0.2\jsr305-3.0.2.jar;C:\Users\shank\.m2\repository\org\checkerframework\checker-qual\3.42.0\checker-qual-3.42.0.jar;C:\Users\shank\.m2\repository\com\google\errorprone\error_prone_annotations\2.26.1\error_prone_annotations-2.26.1.jar;C:\Users\shank\.m2\repository\com\google\j2objc\j2objc-annotations\3.0.0\j2objc-annotations-3.0.0.jar;C:\Users\shank\.m2\repository\io\opentelemetry\semconv\opentelemetry-semconv\1.25.0-alpha\opentelemetry-semconv-1.25.0-alpha.jar;C:\Users\shank\.m2\repository\io\opentelemetry\opentelemetry-api\1.37.0\opentelemetry-api-1.37.0.jar;C:\Users\shank\.m2\repository\io\opentelemetry\opentelemetry-context\1.37.0\opentelemetry-context-1.37.0.jar;C:\Users\shank\.m2\repository\io\opentelemetry\opentelemetry-exporter-logging\1.37.0\opentelemetry-exporter-logging-1.37.0.jar;C:\Users\shank\.m2\repository\io\opentelemetry\opentelemetry-sdk-common\1.37.0\opentelemetry-sdk-common-1.37.0.jar;C:\Users\shank\.m2\repository\io\opentelemetry\opentelemetry-sdk-extension-autoconfigure-spi\1.37.0\opentelemetry-sdk-extension-autoconfigure-spi-1.37.0.jar;C:\Users\shank\.m2\repository\io\opentelemetry\opentelemetry-sdk-extension-autoconfigure\1.37.0\opentelemetry-sdk-extension-autoconfigure-1.37.0.jar;C:\Users\shank\.m2\repository\io\opentelemetry\opentelemetry-api-incubator\1.37.0-alpha\opentelemetry-api-incubator-1.37.0-alpha.jar;C:\Users\shank\.m2\repository\io\opentelemetry\opentelemetry-sdk-trace\1.37.0\opentelemetry-sdk-trace-1.37.0.jar;C:\Users\shank\.m2\repository\io\opentelemetry\opentelemetry-sdk\1.37.0\opentelemetry-sdk-1.37.0.jar;C:\Users\shank\.m2\repository\io\opentelemetry\opentelemetry-sdk-metrics\1.37.0\opentelemetry-sdk-metrics-1.37.0.jar;C:\Users\shank\.m2\repository\io\opentelemetry\opentelemetry-sdk-logs\1.37.0\opentelemetry-sdk-logs-1.37.0.jar;C:\Users\shank\.m2\repository\net\bytebuddy\byte-buddy\1.14.14\byte-buddy-1.14.14.jar;C:\Users\shank\.m2\repository\org\seleniumhq\selenium\selenium-http\4.20.0\selenium-http-4.20.0.jar;C:\Users\shank\.m2\repository\dev\failsafe\failsafe\3.3.2\failsafe-3.3.2.jar;C:\Users\shank\.m2\repository\org\seleniumhq\selenium\selenium-json\4.20.0\selenium-json-4.20.0.jar;C:\Users\shank\.m2\repository\org\seleniumhq\selenium\selenium-manager\4.20.0\selenium-manager-4.20.0.jar;C:\Users\shank\.m2\repository\org\seleniumhq\selenium\selenium-os\4.20.0\selenium-os-4.20.0.jar;C:\Users\shank\.m2\repository\org\apache\commons\commons-exec\1.4.0\commons-exec-1.4.0.jar;C:\Users\shank\.m2\repository\org\seleniumhq\selenium\selenium-support\4.20.0\selenium-support-4.20.0.jar;C:\Users\shank\.m2\repository\com\google\code\gson\gson\2.10.1\gson-2.10.1.jar;C:\Users\shank\.m2\repository\io\netty\netty-handler\4.1.90.Final\netty-handler-4.1.90.Final.jar;C:\Users\shank\.m2\repository\io\netty\netty-common\4.1.90.Final\netty-common-4.1.90.Final.jar;C:\Users\shank\.m2\repository\io\netty\netty-resolver\4.1.90.Final\netty-resolver-4.1.90.Final.jar;C:\Users\shank\.m2\repository\io\netty\netty-buffer\4.1.90.Final\netty-buffer-4.1.90.Final.jar;C:\Users\shank\.m2\repository\io\netty\netty-transport\4.1.90.Final\netty-transport-4.1.90.Final.jar;C:\Users\shank\.m2\repository\io\netty\netty-transport-native-unix-common\4.1.90.Final\netty-transport-native-unix-common-4.1.90.Final.jar;C:\Users\shank\.m2\repository\io\netty\netty-codec\4.1.90.Final\netty-codec-4.1.90.Final.jar
Launcher Type: SUN_STANDARD

[Global flags]
     intx CICompilerCount                          = 4                                         {product} {ergonomic}
     uint ConcGCThreads                            = 3                                         {product} {ergonomic}
     uint G1ConcRefinementThreads                  = 10                                        {product} {ergonomic}
   size_t G1HeapRegionSize                         = 2097152                                   {product} {ergonomic}
    uintx GCDrainStackTargetSize                   = 64                                        {product} {ergonomic}
   size_t InitialHeapSize                          = 264241152                                 {product} {ergonomic}
   size_t MarkStackSize                            = 4194304                                   {product} {ergonomic}
   size_t MaxHeapSize                              = 4219469824                                {product} {ergonomic}
   size_t MaxNewSize                               = 2531262464                                {product} {ergonomic}
   size_t MinHeapDeltaBytes                        = 2097152                                   {product} {ergonomic}
   size_t MinHeapSize                              = 8388608                                   {product} {ergonomic}
    uintx NonNMethodCodeHeapSize                   = 5839372                                {pd product} {ergonomic}
    uintx NonProfiledCodeHeapSize                  = 122909434                              {pd product} {ergonomic}
    uintx ProfiledCodeHeapSize                     = 122909434                              {pd product} {ergonomic}
    uintx ReservedCodeCacheSize                    = 251658240                              {pd product} {ergonomic}
     bool SegmentedCodeCache                       = true                                      {product} {ergonomic}
     bool ShowCodeDetailsInExceptionMessages       = true                                   {manageable} {command line}
   size_t SoftMaxHeapSize                          = 4219469824                             {manageable} {ergonomic}
     bool UseCompressedOops                        = true                           {product lp64_product} {ergonomic}
     bool UseG1GC                                  = true                                      {product} {ergonomic}
     bool UseLargePagesIndividualAllocation        = false                                  {pd product} {ergonomic}

Logging:
Log output configuration:
 #0: stdout all=warning uptime,level,tags foldmultilines=false
 #1: stderr all=off uptime,level,tags foldmultilines=false

Environment Variables:
JAVA_HOME=C:\Program Files\Java\jdk-21
PATH=C:\Program Files\Common Files\Oracle\Java\javapath;C:\windows\system32;C:\windows;C:\windows\System32\Wbem;C:\windows\System32\WindowsPowerShell\v1.0\;C:\windows\System32\OpenSSH\;C:\Program Files\MySQL\MySQL Server 8.0\bin;C:\Program Files\MySQL\MySQL Server 8.0\bin;C:\Program Files\HP\HP One Agent;C:\SOFTWARE TESTING\apache-maven-3.9.6-bin\apache-maven-3.9.6\bin;C:\Program Files\Java\jdk-21;C:\SOFTWARE TESTING\apache-maven-3.9.6-bin\apache-maven-3.9.6\bin;C:\Program Files\Git\cmd;%ANDROID_HOME%\platform-tools;%ANDROID_HOME%\tools;%ANDROID_HOME%\tools\bin;C:\Users\shank\AppData\Local\Android\Sdk\platform-tools;C:\Windows\System32;C:\Program Files\nodejs\;C:\windows;C:\windows\System32\Wbem;C:\windows\System32\WindowsPowerShell\v1.0\;C:\windows\System32\OpenSSH\;C:\Program Files\MySQL\MySQL Server 8.0\bin;C:\Program Files\MySQL\MySQL Server 8.0\bin;C:\Program Files\HP\HP One Agent;C:\SOFTWARE TESTING\apache-maven-3.9.6-bin\apache-maven-3.9.6\bin;C:\Program Files\Java\jdk-21;C:\SOFTWARE TESTING\apache-maven-3.9.6-bin\apache-maven-3.9.6\bin;C:\Program Files\Git\cmd;C:\Users\shank\AppData\Local\Android\Sdk\platform-tools;C:\Users\shank\AppData\Local\Android\Sdk\tools;C:\Users\shank\AppData\Local\Android\Sdk\tools\bin;C:\Users\shank\AppData\Local\Android\Sdk\platform-tools;C:\Program Files\nodejs\;C:\Program Files\MySQL\MySQL Shell 8.0\bin\;C:\Users\shank\AppData\Local\Microsoft\WindowsApps;C:\Users\shank\AppData\Local\Programs\Microsoft VS Code\bin;C:\Program Files\MySQL\MySQL Server 8.0\bin;C:\Program Files\nodejs\npm;C:\Windows\System32;C:\Users\shank\AppData\Roaming\npm
USERNAME=shank
OS=Windows_NT
PROCESSOR_IDENTIFIER=Intel64 Family 6 Model 186 Stepping 3, GenuineIntel
TMP=C:\Users\shank\AppData\Local\Temp
TEMP=C:\Users\shank\AppData\Local\Temp




Periodic native trim disabled

---------------  S Y S T E M  ---------------

OS:
 Windows 11 , 64 bit Build 22621 (10.0.22621.3374)
OS uptime: 0 days 1:37 hours
Hyper-V role detected

CPU: total 12 (initial active 12) (6 cores per cpu, 2 threads per core) family 6 model 186 stepping 3 microcode 0x410e, cx8, cmov, fxsr, ht, mmx, 3dnowpref, sse, sse2, sse3, ssse3, sse4.1, sse4.2, popcnt, lzcnt, tsc, tscinvbit, avx, avx2, aes, erms, clmul, bmi1, bmi2, adx, sha, fma, vzeroupper, clflush, clflushopt, clwb, hv, serialize, rdtscp, rdpid, fsrm, f16c, cet_ibt, cet_ss
Processor Information for processor 0
  Max Mhz: 1300, Current Mhz: 1300, Mhz Limit: 1300
Processor Information for processor 1
  Max Mhz: 1300, Current Mhz: 1300, Mhz Limit: 1300
Processor Information for processor 2
  Max Mhz: 1300, Current Mhz: 1300, Mhz Limit: 1300
Processor Information for processor 3
  Max Mhz: 1300, Current Mhz: 1300, Mhz Limit: 1300
Processor Information for processor 4
  Max Mhz: 1300, Current Mhz: 900, Mhz Limit: 897
Processor Information for processor 5
  Max Mhz: 1300, Current Mhz: 900, Mhz Limit: 897
Processor Information for processor 6
  Max Mhz: 1300, Current Mhz: 900, Mhz Limit: 897
Processor Information for processor 7
  Max Mhz: 1300, Current Mhz: 900, Mhz Limit: 897
Processor Information for processor 8
  Max Mhz: 1300, Current Mhz: 900, Mhz Limit: 897
Processor Information for processor 9
  Max Mhz: 1300, Current Mhz: 900, Mhz Limit: 897
Processor Information for processor 10
  Max Mhz: 1300, Current Mhz: 900, Mhz Limit: 897
Processor Information for processor 11
  Max Mhz: 1300, Current Mhz: 900, Mhz Limit: 897

Memory: 4k page, system-wide physical 16095M (3723M free)
TotalPageFile size 16095M (AvailPageFile size 4M)
current process WorkingSet (physical memory assigned to process): 91M, peak: 91M
current process commit charge ("private bytes"): 364M, peak: 364M

vm_info: Java HotSpot(TM) 64-Bit Server VM (21.0.2+13-LTS-58) for windows-amd64 JRE (21.0.2+13-LTS-58), built on 2024-01-05T18:32:24Z by "mach5one" with MS VC++ 17.1 (VS2022)

END.
