#
# There is insufficient memory for the Java Runtime Environment to continue.
# Native memory allocation (malloc) failed to allocate 117072 bytes for Chunk::new
# Possible reasons:
#   The system is out of physical RAM or swap space
#   The process is running with CompressedOops enabled, and the Java Heap may be blocking the growth of the native heap
# Possible solutions:
#   Reduce memory load on the system
#   Increase physical memory or swap space
#   Check if swap backing store is full
#   Decrease Java heap size (-Xmx/-Xms)
#   Decrease number of Java threads
#   Decrease Java thread stack sizes (-Xss)
#   Set larger code cache with -XX:ReservedCodeCacheSize=
#   JVM is running with Zero Based Compressed Oops mode in which the Java heap is
#     placed in the first 32GB address space. The Java Heap base address is the
#     maximum limit for the native heap growth. Please use -XX:HeapBaseMinAddress
#     to set the Java Heap base and to place the Java Heap above 32GB virtual address.
# This output file may be truncated or incomplete.
#
#  Out of Memory Error (arena.cpp:168), pid=15552, tid=15492
#
# JRE version: Java(TM) SE Runtime Environment (21.0.2+13) (build 21.0.2+13-LTS-58)
# Java VM: Java HotSpot(TM) 64-Bit Server VM (21.0.2+13-LTS-58, mixed mode, sharing, tiered, compressed oops, compressed class ptrs, g1 gc, windows-amd64)
# No core dump will be written. Minidumps are not enabled by default on client versions of Windows
#

---------------  S U M M A R Y ------------

Command Line: -ea -Dfile.encoding=UTF-8 -Dstdout.encoding=UTF-8 -Dstderr.encoding=UTF-8 -XX:+ShowCodeDetailsInExceptionMessages org.testng.remote.RemoteTestNG -serport 52090 -protocol json -d C:\Users\shank\eclipse-workspace\MobileApplicationTest\test-output C:\Users\shank\AppData\Local\Temp\testng-eclipse-325416962\testng-customsuite.xml

Host: 13th Gen Intel(R) Core(TM) i5-1335U, 12 cores, 15G,  Windows 11 , 64 bit Build 22621 (10.0.22621.3374)
Time: Tue May 14 11:36:33 2024 India Standard Time elapsed time: 0.773941 seconds (0d 0h 0m 0s)

---------------  T H R E A D  ---------------

Current thread (0x00000237e72c9f00):  JavaThread "C2 CompilerThread1" daemon [_thread_in_native, id=15492, stack(0x0000009c49f00000,0x0000009c4a000000) (1024K)]


Current CompileTask:
C2:    774 1671       4       java.util.regex.Pattern$CharProperty::match (71 bytes)

Stack: [0x0000009c49f00000,0x0000009c4a000000]
Native frames: (J=compiled Java code, j=interpreted, Vv=VM code, C=native code)
V  [jvm.dll+0x6cade9]
V  [jvm.dll+0x8569c1]
V  [jvm.dll+0x858d2e]
V  [jvm.dll+0x859413]
V  [jvm.dll+0x280e56]
V  [jvm.dll+0xc3f3d]
V  [jvm.dll+0xc4473]
V  [jvm.dll+0x13fa0f]
V  [jvm.dll+0x65b9f5]
V  [jvm.dll+0x659f0d]
V  [jvm.dll+0x249a55]
V  [jvm.dll+0x2491b1]
V  [jvm.dll+0x1c9634]
V  [jvm.dll+0x258859]
V  [jvm.dll+0x256e3a]
V  [jvm.dll+0x3ef6c6]
V  [jvm.dll+0x7ff568]
V  [jvm.dll+0x6c953d]
C  [ucrtbase.dll+0x29333]
C  [KERNEL32.DLL+0x1257d]
C  [ntdll.dll+0x5aa48]


---------------  P R O C E S S  ---------------

Threads class SMR info:
_java_thread_list=0x00000237ec603c90, length=14, elements={
0x00000237c5c03490, 0x00000237e728d8c0, 0x00000237e728e7e0, 0x00000237e7290940,
0x00000237e72916d0, 0x00000237e72988b0, 0x00000237e72a1f40, 0x00000237e72c6180,
0x00000237e72c8a90, 0x00000237e7584840, 0x00000237e7591200, 0x00000237e72c9f00,
0x00000237e72c83c0, 0x00000237ec539f30
}

Java Threads: ( => current thread )
  0x00000237c5c03490 JavaThread "main"                              [_thread_blocked, id=5828, stack(0x0000009c48d00000,0x0000009c48e00000) (1024K)]
  0x00000237e728d8c0 JavaThread "Reference Handler"          daemon [_thread_blocked, id=2492, stack(0x0000009c49500000,0x0000009c49600000) (1024K)]
  0x00000237e728e7e0 JavaThread "Finalizer"                  daemon [_thread_blocked, id=4152, stack(0x0000009c49600000,0x0000009c49700000) (1024K)]
  0x00000237e7290940 JavaThread "Signal Dispatcher"          daemon [_thread_blocked, id=15908, stack(0x0000009c49700000,0x0000009c49800000) (1024K)]
  0x00000237e72916d0 JavaThread "Attach Listener"            daemon [_thread_blocked, id=5484, stack(0x0000009c49800000,0x0000009c49900000) (1024K)]
  0x00000237e72988b0 JavaThread "Service Thread"             daemon [_thread_blocked, id=20868, stack(0x0000009c49900000,0x0000009c49a00000) (1024K)]
  0x00000237e72a1f40 JavaThread "Monitor Deflation Thread"   daemon [_thread_blocked, id=3044, stack(0x0000009c49a00000,0x0000009c49b00000) (1024K)]
  0x00000237e72c6180 JavaThread "C2 CompilerThread0"         daemon [_thread_blocked, id=5716, stack(0x0000009c49b00000,0x0000009c49c00000) (1024K)]
  0x00000237e72c8a90 JavaThread "C1 CompilerThread0"         daemon [_thread_blocked, id=4420, stack(0x0000009c49c00000,0x0000009c49d00000) (1024K)]
  0x00000237e7584840 JavaThread "Notification Thread"        daemon [_thread_blocked, id=20516, stack(0x0000009c49d00000,0x0000009c49e00000) (1024K)]
  0x00000237e7591200 JavaThread "Common-Cleaner"             daemon [_thread_blocked, id=10332, stack(0x0000009c49e00000,0x0000009c49f00000) (1024K)]
=>0x00000237e72c9f00 JavaThread "C2 CompilerThread1"         daemon [_thread_in_native, id=15492, stack(0x0000009c49f00000,0x0000009c4a000000) (1024K)]
  0x00000237e72c83c0 JavaThread "C2 CompilerThread2"         daemon [_thread_in_native, id=7848, stack(0x0000009c4a000000,0x0000009c4a100000) (1024K)]
  0x00000237ec539f30 JavaThread "ForkJoinPool.commonPool-worker-1" daemon [_thread_blocked, id=2596, stack(0x0000009c4a300000,0x0000009c4a400000) (1024K)]
Total: 14

Other Threads:
  0x00000237e726fbe0 VMThread "VM Thread"                           [id=8288, stack(0x0000009c49400000,0x0000009c49500000) (1024K)]
  0x00000237e7257820 WatcherThread "VM Periodic Task Thread"        [id=2196, stack(0x0000009c49300000,0x0000009c49400000) (1024K)]
  0x00000237c7e17070 WorkerThread "GC Thread#0"                     [id=20784, stack(0x0000009c48e00000,0x0000009c48f00000) (1024K)]
  0x00000237ec53a9a0 WorkerThread "GC Thread#1"                     [id=2312, stack(0x0000009c4a400000,0x0000009c4a500000) (1024K)]
  0x00000237ec53b150 WorkerThread "GC Thread#2"                     [id=18460, stack(0x0000009c4a500000,0x0000009c4a600000) (1024K)]
  0x00000237ec51ff80 WorkerThread "GC Thread#3"                     [id=3012, stack(0x0000009c4a600000,0x0000009c4a700000) (1024K)]
  0x00000237ec520730 WorkerThread "GC Thread#4"                     [id=8412, stack(0x0000009c4a700000,0x0000009c4a800000) (1024K)]
  0x00000237ec520ad0 WorkerThread "GC Thread#5"                     [id=17388, stack(0x0000009c4a800000,0x0000009c4a900000) (1024K)]
  0x00000237ec672870 WorkerThread "GC Thread#6"                     [id=2496, stack(0x0000009c4a900000,0x0000009c4aa00000) (1024K)]
  0x00000237ec672c10 WorkerThread "GC Thread#7"                     [id=12956, stack(0x0000009c4aa00000,0x0000009c4ab00000) (1024K)]
  0x00000237c7e282f0 ConcurrentGCThread "G1 Main Marker"            [id=19644, stack(0x0000009c48f00000,0x0000009c49000000) (1024K)]
  0x00000237c7e29650 WorkerThread "G1 Conc#0"                       [id=20392, stack(0x0000009c49000000,0x0000009c49100000) (1024K)]
  0x00000237c7e6eaa0 ConcurrentGCThread "G1 Refine#0"               [id=5296, stack(0x0000009c49100000,0x0000009c49200000) (1024K)]
  0x00000237e712bf00 ConcurrentGCThread "G1 Service"                [id=9824, stack(0x0000009c49200000,0x0000009c49300000) (1024K)]
Total: 14

Threads with active compile tasks:
C2 CompilerThread1      787 1671       4       java.util.regex.Pattern$CharProperty::match (71 bytes)
Total: 1

VM state: not at safepoint (normal execution)

VM Mutex/Monitor currently owned by a thread: None

Heap address: 0x0000000704800000, size: 4024 MB, Compressed Oops mode: Zero based, Oop shift amount: 3

CDS archive(s) mapped at: [0x0000023780000000-0x0000023780c90000-0x0000023780c90000), size 13172736, SharedBaseAddress: 0x0000023780000000, ArchiveRelocationMode: 1.
Compressed class space mapped at: 0x0000023781000000-0x00000237c1000000, reserved size: 1073741824
Narrow klass base: 0x0000023780000000, Narrow klass shift: 0, Narrow klass range: 0x100000000

GC Precious Log:
 CardTable entry size: 512
 Card Set container configuration: InlinePtr #cards 4 size 8 Array Of Cards #cards 16 size 48 Howl #buckets 8 coarsen threshold 3686 Howl Bitmap #cards 512 size 80 coarsen threshold 460 Card regions per heap region 1 cards per card region 4096
 CPUs: 12 total, 12 available
 Memory: 16095M
 Large Page Support: Disabled
 NUMA Support: Disabled
 Compressed Oops: Enabled (Zero based)
 Heap Region Size: 2M
 Heap Min Capacity: 8M
 Heap Initial Capacity: 252M
 Heap Max Capacity: 4024M
 Pre-touch: Disabled
 Parallel Workers: 10
 Concurrent Workers: 3
 Concurrent Refinement Workers: 10
 Periodic GC: Disabled

Heap:
 garbage-first heap   total 258048K, used 10363K [0x0000000704800000, 0x0000000800000000)
  region size 2048K, 6 young (12288K), 2 survivors (4096K)
 Metaspace       used 9805K, committed 10176K, reserved 1114112K
  class space    used 1164K, committed 1344K, reserved 1048576K

Heap Regions: E=young(eden), S=young(survivor), O=old, HS=humongous(starts), HC=humongous(continues), CS=collection set, F=free, TAMS=top-at-mark-start, PB=parsable bottom
|   0|0x0000000704800000, 0x000000070481efe0, 0x0000000704a00000|  6%| O|  |TAMS 0x0000000704800000| PB 0x0000000704800000| Untracked 
|   1|0x0000000704a00000, 0x0000000704a00000, 0x0000000704c00000|  0%| F|  |TAMS 0x0000000704a00000| PB 0x0000000704a00000| Untracked 
|   2|0x0000000704c00000, 0x0000000704c00000, 0x0000000704e00000|  0%| F|  |TAMS 0x0000000704c00000| PB 0x0000000704c00000| Untracked 
|   3|0x0000000704e00000, 0x0000000704e00000, 0x0000000705000000|  0%| F|  |TAMS 0x0000000704e00000| PB 0x0000000704e00000| Untracked 
|   4|0x0000000705000000, 0x0000000705000000, 0x0000000705200000|  0%| F|  |TAMS 0x0000000705000000| PB 0x0000000705000000| Untracked 
|   5|0x0000000705200000, 0x0000000705200000, 0x0000000705400000|  0%| F|  |TAMS 0x0000000705200000| PB 0x0000000705200000| Untracked 
|   6|0x0000000705400000, 0x0000000705400000, 0x0000000705600000|  0%| F|  |TAMS 0x0000000705400000| PB 0x0000000705400000| Untracked 
|   7|0x0000000705600000, 0x0000000705600000, 0x0000000705800000|  0%| F|  |TAMS 0x0000000705600000| PB 0x0000000705600000| Untracked 
|   8|0x0000000705800000, 0x0000000705800000, 0x0000000705a00000|  0%| F|  |TAMS 0x0000000705800000| PB 0x0000000705800000| Untracked 
|   9|0x0000000705a00000, 0x0000000705a00000, 0x0000000705c00000|  0%| F|  |TAMS 0x0000000705a00000| PB 0x0000000705a00000| Untracked 
|  10|0x0000000705c00000, 0x0000000705c00000, 0x0000000705e00000|  0%| F|  |TAMS 0x0000000705c00000| PB 0x0000000705c00000| Untracked 
|  11|0x0000000705e00000, 0x0000000705e00000, 0x0000000706000000|  0%| F|  |TAMS 0x0000000705e00000| PB 0x0000000705e00000| Untracked 
|  12|0x0000000706000000, 0x0000000706000000, 0x0000000706200000|  0%| F|  |TAMS 0x0000000706000000| PB 0x0000000706000000| Untracked 
|  13|0x0000000706200000, 0x0000000706200000, 0x0000000706400000|  0%| F|  |TAMS 0x0000000706200000| PB 0x0000000706200000| Untracked 
|  14|0x0000000706400000, 0x0000000706400000, 0x0000000706600000|  0%| F|  |TAMS 0x0000000706400000| PB 0x0000000706400000| Untracked 
|  15|0x0000000706600000, 0x0000000706600000, 0x0000000706800000|  0%| F|  |TAMS 0x0000000706600000| PB 0x0000000706600000| Untracked 
|  16|0x0000000706800000, 0x0000000706800000, 0x0000000706a00000|  0%| F|  |TAMS 0x0000000706800000| PB 0x0000000706800000| Untracked 
|  17|0x0000000706a00000, 0x0000000706a00000, 0x0000000706c00000|  0%| F|  |TAMS 0x0000000706a00000| PB 0x0000000706a00000| Untracked 
|  18|0x0000000706c00000, 0x0000000706c00000, 0x0000000706e00000|  0%| F|  |TAMS 0x0000000706c00000| PB 0x0000000706c00000| Untracked 
|  19|0x0000000706e00000, 0x0000000706e00000, 0x0000000707000000|  0%| F|  |TAMS 0x0000000706e00000| PB 0x0000000706e00000| Untracked 
|  20|0x0000000707000000, 0x0000000707000000, 0x0000000707200000|  0%| F|  |TAMS 0x0000000707000000| PB 0x0000000707000000| Untracked 
|  21|0x0000000707200000, 0x0000000707200000, 0x0000000707400000|  0%| F|  |TAMS 0x0000000707200000| PB 0x0000000707200000| Untracked 
|  22|0x0000000707400000, 0x0000000707400000, 0x0000000707600000|  0%| F|  |TAMS 0x0000000707400000| PB 0x0000000707400000| Untracked 
|  23|0x0000000707600000, 0x0000000707600000, 0x0000000707800000|  0%| F|  |TAMS 0x0000000707600000| PB 0x0000000707600000| Untracked 
|  24|0x0000000707800000, 0x0000000707800000, 0x0000000707a00000|  0%| F|  |TAMS 0x0000000707800000| PB 0x0000000707800000| Untracked 
|  25|0x0000000707a00000, 0x0000000707a00000, 0x0000000707c00000|  0%| F|  |TAMS 0x0000000707a00000| PB 0x0000000707a00000| Untracked 
|  26|0x0000000707c00000, 0x0000000707c00000, 0x0000000707e00000|  0%| F|  |TAMS 0x0000000707c00000| PB 0x0000000707c00000| Untracked 
|  27|0x0000000707e00000, 0x0000000707e00000, 0x0000000708000000|  0%| F|  |TAMS 0x0000000707e00000| PB 0x0000000707e00000| Untracked 
|  28|0x0000000708000000, 0x0000000708000000, 0x0000000708200000|  0%| F|  |TAMS 0x0000000708000000| PB 0x0000000708000000| Untracked 
|  29|0x0000000708200000, 0x0000000708200000, 0x0000000708400000|  0%| F|  |TAMS 0x0000000708200000| PB 0x0000000708200000| Untracked 
|  30|0x0000000708400000, 0x0000000708400000, 0x0000000708600000|  0%| F|  |TAMS 0x0000000708400000| PB 0x0000000708400000| Untracked 
|  31|0x0000000708600000, 0x0000000708600000, 0x0000000708800000|  0%| F|  |TAMS 0x0000000708600000| PB 0x0000000708600000| Untracked 
|  32|0x0000000708800000, 0x0000000708800000, 0x0000000708a00000|  0%| F|  |TAMS 0x0000000708800000| PB 0x0000000708800000| Untracked 
|  33|0x0000000708a00000, 0x0000000708a00000, 0x0000000708c00000|  0%| F|  |TAMS 0x0000000708a00000| PB 0x0000000708a00000| Untracked 
|  34|0x0000000708c00000, 0x0000000708c00000, 0x0000000708e00000|  0%| F|  |TAMS 0x0000000708c00000| PB 0x0000000708c00000| Untracked 
|  35|0x0000000708e00000, 0x0000000708e00000, 0x0000000709000000|  0%| F|  |TAMS 0x0000000708e00000| PB 0x0000000708e00000| Untracked 
|  36|0x0000000709000000, 0x0000000709000000, 0x0000000709200000|  0%| F|  |TAMS 0x0000000709000000| PB 0x0000000709000000| Untracked 
|  37|0x0000000709200000, 0x0000000709200000, 0x0000000709400000|  0%| F|  |TAMS 0x0000000709200000| PB 0x0000000709200000| Untracked 
|  38|0x0000000709400000, 0x0000000709400000, 0x0000000709600000|  0%| F|  |TAMS 0x0000000709400000| PB 0x0000000709400000| Untracked 
|  39|0x0000000709600000, 0x0000000709600000, 0x0000000709800000|  0%| F|  |TAMS 0x0000000709600000| PB 0x0000000709600000| Untracked 
|  40|0x0000000709800000, 0x0000000709800000, 0x0000000709a00000|  0%| F|  |TAMS 0x0000000709800000| PB 0x0000000709800000| Untracked 
|  41|0x0000000709a00000, 0x0000000709a00000, 0x0000000709c00000|  0%| F|  |TAMS 0x0000000709a00000| PB 0x0000000709a00000| Untracked 
|  42|0x0000000709c00000, 0x0000000709c00000, 0x0000000709e00000|  0%| F|  |TAMS 0x0000000709c00000| PB 0x0000000709c00000| Untracked 
|  43|0x0000000709e00000, 0x0000000709e00000, 0x000000070a000000|  0%| F|  |TAMS 0x0000000709e00000| PB 0x0000000709e00000| Untracked 
|  44|0x000000070a000000, 0x000000070a000000, 0x000000070a200000|  0%| F|  |TAMS 0x000000070a000000| PB 0x000000070a000000| Untracked 
|  45|0x000000070a200000, 0x000000070a200000, 0x000000070a400000|  0%| F|  |TAMS 0x000000070a200000| PB 0x000000070a200000| Untracked 
|  46|0x000000070a400000, 0x000000070a400000, 0x000000070a600000|  0%| F|  |TAMS 0x000000070a400000| PB 0x000000070a400000| Untracked 
|  47|0x000000070a600000, 0x000000070a600000, 0x000000070a800000|  0%| F|  |TAMS 0x000000070a600000| PB 0x000000070a600000| Untracked 
|  48|0x000000070a800000, 0x000000070a800000, 0x000000070aa00000|  0%| F|  |TAMS 0x000000070a800000| PB 0x000000070a800000| Untracked 
|  49|0x000000070aa00000, 0x000000070aa00000, 0x000000070ac00000|  0%| F|  |TAMS 0x000000070aa00000| PB 0x000000070aa00000| Untracked 
|  50|0x000000070ac00000, 0x000000070ac00000, 0x000000070ae00000|  0%| F|  |TAMS 0x000000070ac00000| PB 0x000000070ac00000| Untracked 
|  51|0x000000070ae00000, 0x000000070ae00000, 0x000000070b000000|  0%| F|  |TAMS 0x000000070ae00000| PB 0x000000070ae00000| Untracked 
|  52|0x000000070b000000, 0x000000070b000000, 0x000000070b200000|  0%| F|  |TAMS 0x000000070b000000| PB 0x000000070b000000| Untracked 
|  53|0x000000070b200000, 0x000000070b200000, 0x000000070b400000|  0%| F|  |TAMS 0x000000070b200000| PB 0x000000070b200000| Untracked 
|  54|0x000000070b400000, 0x000000070b400000, 0x000000070b600000|  0%| F|  |TAMS 0x000000070b400000| PB 0x000000070b400000| Untracked 
|  55|0x000000070b600000, 0x000000070b600000, 0x000000070b800000|  0%| F|  |TAMS 0x000000070b600000| PB 0x000000070b600000| Untracked 
|  56|0x000000070b800000, 0x000000070b800000, 0x000000070ba00000|  0%| F|  |TAMS 0x000000070b800000| PB 0x000000070b800000| Untracked 
|  57|0x000000070ba00000, 0x000000070ba00000, 0x000000070bc00000|  0%| F|  |TAMS 0x000000070ba00000| PB 0x000000070ba00000| Untracked 
|  58|0x000000070bc00000, 0x000000070bc00000, 0x000000070be00000|  0%| F|  |TAMS 0x000000070bc00000| PB 0x000000070bc00000| Untracked 
|  59|0x000000070be00000, 0x000000070be00000, 0x000000070c000000|  0%| F|  |TAMS 0x000000070be00000| PB 0x000000070be00000| Untracked 
|  60|0x000000070c000000, 0x000000070c000000, 0x000000070c200000|  0%| F|  |TAMS 0x000000070c000000| PB 0x000000070c000000| Untracked 
|  61|0x000000070c200000, 0x000000070c200000, 0x000000070c400000|  0%| F|  |TAMS 0x000000070c200000| PB 0x000000070c200000| Untracked 
|  62|0x000000070c400000, 0x000000070c400000, 0x000000070c600000|  0%| F|  |TAMS 0x000000070c400000| PB 0x000000070c400000| Untracked 
|  63|0x000000070c600000, 0x000000070c600000, 0x000000070c800000|  0%| F|  |TAMS 0x000000070c600000| PB 0x000000070c600000| Untracked 
|  64|0x000000070c800000, 0x000000070c800000, 0x000000070ca00000|  0%| F|  |TAMS 0x000000070c800000| PB 0x000000070c800000| Untracked 
|  65|0x000000070ca00000, 0x000000070ca00000, 0x000000070cc00000|  0%| F|  |TAMS 0x000000070ca00000| PB 0x000000070ca00000| Untracked 
|  66|0x000000070cc00000, 0x000000070cc00000, 0x000000070ce00000|  0%| F|  |TAMS 0x000000070cc00000| PB 0x000000070cc00000| Untracked 
|  67|0x000000070ce00000, 0x000000070ce00000, 0x000000070d000000|  0%| F|  |TAMS 0x000000070ce00000| PB 0x000000070ce00000| Untracked 
|  68|0x000000070d000000, 0x000000070d000000, 0x000000070d200000|  0%| F|  |TAMS 0x000000070d000000| PB 0x000000070d000000| Untracked 
|  69|0x000000070d200000, 0x000000070d200000, 0x000000070d400000|  0%| F|  |TAMS 0x000000070d200000| PB 0x000000070d200000| Untracked 
|  70|0x000000070d400000, 0x000000070d400000, 0x000000070d600000|  0%| F|  |TAMS 0x000000070d400000| PB 0x000000070d400000| Untracked 
|  71|0x000000070d600000, 0x000000070d600000, 0x000000070d800000|  0%| F|  |TAMS 0x000000070d600000| PB 0x000000070d600000| Untracked 
|  72|0x000000070d800000, 0x000000070d800000, 0x000000070da00000|  0%| F|  |TAMS 0x000000070d800000| PB 0x000000070d800000| Untracked 
|  73|0x000000070da00000, 0x000000070da00000, 0x000000070dc00000|  0%| F|  |TAMS 0x000000070da00000| PB 0x000000070da00000| Untracked 
|  74|0x000000070dc00000, 0x000000070dc00000, 0x000000070de00000|  0%| F|  |TAMS 0x000000070dc00000| PB 0x000000070dc00000| Untracked 
|  75|0x000000070de00000, 0x000000070de00000, 0x000000070e000000|  0%| F|  |TAMS 0x000000070de00000| PB 0x000000070de00000| Untracked 
|  76|0x000000070e000000, 0x000000070e000000, 0x000000070e200000|  0%| F|  |TAMS 0x000000070e000000| PB 0x000000070e000000| Untracked 
|  77|0x000000070e200000, 0x000000070e200000, 0x000000070e400000|  0%| F|  |TAMS 0x000000070e200000| PB 0x000000070e200000| Untracked 
|  78|0x000000070e400000, 0x000000070e400000, 0x000000070e600000|  0%| F|  |TAMS 0x000000070e400000| PB 0x000000070e400000| Untracked 
|  79|0x000000070e600000, 0x000000070e600000, 0x000000070e800000|  0%| F|  |TAMS 0x000000070e600000| PB 0x000000070e600000| Untracked 
|  80|0x000000070e800000, 0x000000070e800000, 0x000000070ea00000|  0%| F|  |TAMS 0x000000070e800000| PB 0x000000070e800000| Untracked 
|  81|0x000000070ea00000, 0x000000070ea00000, 0x000000070ec00000|  0%| F|  |TAMS 0x000000070ea00000| PB 0x000000070ea00000| Untracked 
|  82|0x000000070ec00000, 0x000000070ec00000, 0x000000070ee00000|  0%| F|  |TAMS 0x000000070ec00000| PB 0x000000070ec00000| Untracked 
|  83|0x000000070ee00000, 0x000000070ee00000, 0x000000070f000000|  0%| F|  |TAMS 0x000000070ee00000| PB 0x000000070ee00000| Untracked 
|  84|0x000000070f000000, 0x000000070f000000, 0x000000070f200000|  0%| F|  |TAMS 0x000000070f000000| PB 0x000000070f000000| Untracked 
|  85|0x000000070f200000, 0x000000070f200000, 0x000000070f400000|  0%| F|  |TAMS 0x000000070f200000| PB 0x000000070f200000| Untracked 
|  86|0x000000070f400000, 0x000000070f400000, 0x000000070f600000|  0%| F|  |TAMS 0x000000070f400000| PB 0x000000070f400000| Untracked 
|  87|0x000000070f600000, 0x000000070f600000, 0x000000070f800000|  0%| F|  |TAMS 0x000000070f600000| PB 0x000000070f600000| Untracked 
|  88|0x000000070f800000, 0x000000070f800000, 0x000000070fa00000|  0%| F|  |TAMS 0x000000070f800000| PB 0x000000070f800000| Untracked 
|  89|0x000000070fa00000, 0x000000070fa00000, 0x000000070fc00000|  0%| F|  |TAMS 0x000000070fa00000| PB 0x000000070fa00000| Untracked 
|  90|0x000000070fc00000, 0x000000070fc00000, 0x000000070fe00000|  0%| F|  |TAMS 0x000000070fc00000| PB 0x000000070fc00000| Untracked 
|  91|0x000000070fe00000, 0x000000070fe00000, 0x0000000710000000|  0%| F|  |TAMS 0x000000070fe00000| PB 0x000000070fe00000| Untracked 
|  92|0x0000000710000000, 0x0000000710000000, 0x0000000710200000|  0%| F|  |TAMS 0x0000000710000000| PB 0x0000000710000000| Untracked 
|  93|0x0000000710200000, 0x0000000710200000, 0x0000000710400000|  0%| F|  |TAMS 0x0000000710200000| PB 0x0000000710200000| Untracked 
|  94|0x0000000710400000, 0x0000000710400000, 0x0000000710600000|  0%| F|  |TAMS 0x0000000710400000| PB 0x0000000710400000| Untracked 
|  95|0x0000000710600000, 0x0000000710600000, 0x0000000710800000|  0%| F|  |TAMS 0x0000000710600000| PB 0x0000000710600000| Untracked 
|  96|0x0000000710800000, 0x0000000710800000, 0x0000000710a00000|  0%| F|  |TAMS 0x0000000710800000| PB 0x0000000710800000| Untracked 
|  97|0x0000000710a00000, 0x0000000710a00000, 0x0000000710c00000|  0%| F|  |TAMS 0x0000000710a00000| PB 0x0000000710a00000| Untracked 
|  98|0x0000000710c00000, 0x0000000710c00000, 0x0000000710e00000|  0%| F|  |TAMS 0x0000000710c00000| PB 0x0000000710c00000| Untracked 
|  99|0x0000000710e00000, 0x0000000710e00000, 0x0000000711000000|  0%| F|  |TAMS 0x0000000710e00000| PB 0x0000000710e00000| Untracked 
| 100|0x0000000711000000, 0x0000000711000000, 0x0000000711200000|  0%| F|  |TAMS 0x0000000711000000| PB 0x0000000711000000| Untracked 
| 101|0x0000000711200000, 0x0000000711200000, 0x0000000711400000|  0%| F|  |TAMS 0x0000000711200000| PB 0x0000000711200000| Untracked 
| 102|0x0000000711400000, 0x0000000711400000, 0x0000000711600000|  0%| F|  |TAMS 0x0000000711400000| PB 0x0000000711400000| Untracked 
| 103|0x0000000711600000, 0x0000000711600000, 0x0000000711800000|  0%| F|  |TAMS 0x0000000711600000| PB 0x0000000711600000| Untracked 
| 104|0x0000000711800000, 0x0000000711800000, 0x0000000711a00000|  0%| F|  |TAMS 0x0000000711800000| PB 0x0000000711800000| Untracked 
| 105|0x0000000711a00000, 0x0000000711a00000, 0x0000000711c00000|  0%| F|  |TAMS 0x0000000711a00000| PB 0x0000000711a00000| Untracked 
| 106|0x0000000711c00000, 0x0000000711c00000, 0x0000000711e00000|  0%| F|  |TAMS 0x0000000711c00000| PB 0x0000000711c00000| Untracked 
| 107|0x0000000711e00000, 0x0000000711e00000, 0x0000000712000000|  0%| F|  |TAMS 0x0000000711e00000| PB 0x0000000711e00000| Untracked 
| 108|0x0000000712000000, 0x0000000712000000, 0x0000000712200000|  0%| F|  |TAMS 0x0000000712000000| PB 0x0000000712000000| Untracked 
| 109|0x0000000712200000, 0x0000000712200000, 0x0000000712400000|  0%| F|  |TAMS 0x0000000712200000| PB 0x0000000712200000| Untracked 
| 110|0x0000000712400000, 0x0000000712400000, 0x0000000712600000|  0%| F|  |TAMS 0x0000000712400000| PB 0x0000000712400000| Untracked 
| 111|0x0000000712600000, 0x0000000712600000, 0x0000000712800000|  0%| F|  |TAMS 0x0000000712600000| PB 0x0000000712600000| Untracked 
| 112|0x0000000712800000, 0x0000000712800000, 0x0000000712a00000|  0%| F|  |TAMS 0x0000000712800000| PB 0x0000000712800000| Untracked 
| 113|0x0000000712a00000, 0x0000000712c00000, 0x0000000712c00000|100%| S|CS|TAMS 0x0000000712a00000| PB 0x0000000712a00000| Complete 
| 114|0x0000000712c00000, 0x0000000712e00000, 0x0000000712e00000|100%| S|CS|TAMS 0x0000000712c00000| PB 0x0000000712c00000| Complete 
| 115|0x0000000712e00000, 0x0000000712e00000, 0x0000000713000000|  0%| F|  |TAMS 0x0000000712e00000| PB 0x0000000712e00000| Untracked 
| 116|0x0000000713000000, 0x0000000713000000, 0x0000000713200000|  0%| F|  |TAMS 0x0000000713000000| PB 0x0000000713000000| Untracked 
| 117|0x0000000713200000, 0x0000000713200000, 0x0000000713400000|  0%| F|  |TAMS 0x0000000713200000| PB 0x0000000713200000| Untracked 
| 118|0x0000000713400000, 0x0000000713400000, 0x0000000713600000|  0%| F|  |TAMS 0x0000000713400000| PB 0x0000000713400000| Untracked 
| 119|0x0000000713600000, 0x0000000713600000, 0x0000000713800000|  0%| F|  |TAMS 0x0000000713600000| PB 0x0000000713600000| Untracked 
| 120|0x0000000713800000, 0x0000000713800000, 0x0000000713a00000|  0%| F|  |TAMS 0x0000000713800000| PB 0x0000000713800000| Untracked 
| 121|0x0000000713a00000, 0x0000000713a00000, 0x0000000713c00000|  0%| F|  |TAMS 0x0000000713a00000| PB 0x0000000713a00000| Untracked 
| 122|0x0000000713c00000, 0x0000000713d8e968, 0x0000000713e00000| 77%| E|  |TAMS 0x0000000713c00000| PB 0x0000000713c00000| Complete 
| 123|0x0000000713e00000, 0x0000000714000000, 0x0000000714000000|100%| E|CS|TAMS 0x0000000713e00000| PB 0x0000000713e00000| Complete 
| 124|0x0000000714000000, 0x0000000714200000, 0x0000000714200000|100%| E|CS|TAMS 0x0000000714000000| PB 0x0000000714000000| Complete 
| 125|0x0000000714200000, 0x0000000714400000, 0x0000000714400000|100%| E|CS|TAMS 0x0000000714200000| PB 0x0000000714200000| Complete 

Card table byte_map: [0x00000237dff40000,0x00000237e0720000] _byte_map_base: 0x00000237dc71c000

Marking Bits: (CMBitMap*) 0x00000237c7e17e90
 Bits: [0x00000237e0720000, 0x00000237e4600000)

Polling page: 0x00000237c5d40000

Metaspace:

Usage:
  Non-class:      8.44 MB used.
      Class:      1.14 MB used.
       Both:      9.58 MB used.

Virtual space:
  Non-class space:       64.00 MB reserved,       8.62 MB ( 13%) committed,  1 nodes.
      Class space:        1.00 GB reserved,       1.31 MB ( <1%) committed,  1 nodes.
             Both:        1.06 GB reserved,       9.94 MB ( <1%) committed. 

Chunk freelists:
   Non-Class:  6.77 MB
       Class:  14.64 MB
        Both:  21.41 MB

MaxMetaspaceSize: unlimited
CompressedClassSpaceSize: 1.00 GB
Initial GC threshold: 21.00 MB
Current GC threshold: 21.00 MB
CDS: on
 - commit_granule_bytes: 65536.
 - commit_granule_words: 8192.
 - virtual_space_node_default_size: 8388608.
 - enlarge_chunks_in_place: 1.
 - use_allocation_guard: 0.


Internal statistics:

num_allocs_failed_limit: 0.
num_arena_births: 370.
num_arena_deaths: 0.
num_vsnodes_births: 2.
num_vsnodes_deaths: 0.
num_space_committed: 159.
num_space_uncommitted: 0.
num_chunks_returned_to_freelist: 0.
num_chunks_taken_from_freelist: 671.
num_chunk_merges: 0.
num_chunk_splits: 399.
num_chunks_enlarged: 215.
num_inconsistent_stats: 0.

CodeHeap 'non-profiled nmethods': size=120000Kb used=613Kb max_used=613Kb free=119386Kb
 bounds [0x00000237d7ce0000, 0x00000237d7f50000, 0x00000237df210000]
CodeHeap 'profiled nmethods': size=120000Kb used=3016Kb max_used=3016Kb free=116983Kb
 bounds [0x00000237d0210000, 0x00000237d0510000, 0x00000237d7740000]
CodeHeap 'non-nmethods': size=5760Kb used=1435Kb max_used=1462Kb free=4324Kb
 bounds [0x00000237d7740000, 0x00000237d79b0000, 0x00000237d7ce0000]
 total_blobs=2218 nmethods=1693 adapters=430
 compilation: enabled
              stopped_count=0, restarted_count=0
 full_count=0

Compilation events (20 events):
Event: 0.763 Thread 0x00000237e72c8a90 nmethod 1665 0x00000237d04f5d90 code [0x00000237d04f5fc0, 0x00000237d04f66b0]
Event: 0.763 Thread 0x00000237e72c8a90 1667       3       java.lang.invoke.MethodHandles$Lookup$ClassDefiner::<init> (64 bytes)
Event: 0.763 Thread 0x00000237e72c8a90 nmethod 1667 0x00000237d04f6990 code [0x00000237d04f6b40, 0x00000237d04f6e60]
Event: 0.763 Thread 0x00000237e72c8a90 1668   !   3       java.lang.invoke.MethodHandles$Lookup$ClassDefiner::defineClass (213 bytes)
Event: 0.764 Thread 0x00000237e72c8a90 nmethod 1668 0x00000237d04f6f90 code [0x00000237d04f7200, 0x00000237d04f7c00]
Event: 0.764 Thread 0x00000237e72c8a90 1669       3       java.lang.System$2::defineClass (21 bytes)
Event: 0.764 Thread 0x00000237e72c8a90 nmethod 1669 0x00000237d04f8090 code [0x00000237d04f8240, 0x00000237d04f83b8]
Event: 0.766 Thread 0x00000237e72c9f00 1671       4       java.util.regex.Pattern$CharProperty::match (71 bytes)
Event: 0.766 Thread 0x00000237e72c6180 1672       4       java.lang.CharacterDataLatin1::getType (11 bytes)
Event: 0.767 Thread 0x00000237e72c83c0 nmethod 1649% 0x00000237d7d73090 code [0x00000237d7d732a0, 0x00000237d7d74848]
Event: 0.767 Thread 0x00000237e72c6180 nmethod 1672 0x00000237d7d75090 code [0x00000237d7d75220, 0x00000237d7d752e0]
Event: 0.769 Thread 0x00000237e72c8a90 1673       3       java.lang.invoke.MemberName::<init> (139 bytes)
Event: 0.770 Thread 0x00000237e72c8a90 nmethod 1673 0x00000237d04f8490 code [0x00000237d04f87c0, 0x00000237d04f9958]
Event: 0.770 Thread 0x00000237e72c8a90 1674       3       java.io.PrintWriter::print (9 bytes)
Event: 0.771 Thread 0x00000237e72c8a90 nmethod 1674 0x00000237d04f9e90 code [0x00000237d04fa080, 0x00000237d04fa478]
Event: 0.771 Thread 0x00000237e72c8a90 1675       3       java.lang.System::lineSeparator (4 bytes)
Event: 0.771 Thread 0x00000237e72c8a90 nmethod 1675 0x00000237d04fa690 code [0x00000237d04fa820, 0x00000237d04fa920]
Event: 0.771 Thread 0x00000237e72c8a90 1676   !   3       java.io.PrintWriter::implWrite (36 bytes)
Event: 0.771 Thread 0x00000237e72c8a90 nmethod 1676 0x00000237d04fa990 code [0x00000237d04faba0, 0x00000237d04fb0c8]
Event: 0.771 Thread 0x00000237e72c8a90 1677   !   3       java.io.PrintWriter::write (82 bytes)

GC Heap History (2 events):
Event: 0.586 GC heap before
{Heap before GC invocations=0 (full 0):
 garbage-first heap   total 258048K, used 22528K [0x0000000704800000, 0x0000000800000000)
  region size 2048K, 11 young (22528K), 0 survivors (0K)
 Metaspace       used 8326K, committed 8640K, reserved 1114112K
  class space    used 983K, committed 1088K, reserved 1048576K
}
Event: 0.590 GC heap after
{Heap after GC invocations=1 (full 0):
 garbage-first heap   total 258048K, used 4219K [0x0000000704800000, 0x0000000800000000)
  region size 2048K, 2 young (4096K), 2 survivors (4096K)
 Metaspace       used 8326K, committed 8640K, reserved 1114112K
  class space    used 983K, committed 1088K, reserved 1048576K
}

Dll operation events (8 events):
Event: 0.005 Loaded shared library C:\Program Files\Java\jdk-21\bin\java.dll
Event: 0.025 Loaded shared library C:\Program Files\Java\jdk-21\bin\jsvml.dll
Event: 0.046 Loaded shared library C:\Program Files\Java\jdk-21\bin\net.dll
Event: 0.047 Loaded shared library C:\Program Files\Java\jdk-21\bin\nio.dll
Event: 0.049 Loaded shared library C:\Program Files\Java\jdk-21\bin\zip.dll
Event: 0.118 Loaded shared library C:\Program Files\Java\jdk-21\bin\jimage.dll
Event: 0.170 Loaded shared library C:\Program Files\Java\jdk-21\bin\verify.dll
Event: 0.224 Loaded shared library C:\Program Files\Java\jdk-21\bin\extnet.dll

Deoptimization events (20 events):
Event: 0.766 Thread 0x00000237c5c03490 Uncommon trap: trap_request=0xffffffc6 fr.pc=0x00000237d7d6fcc4 relative=0x00000000000017e4
Event: 0.766 Thread 0x00000237c5c03490 Uncommon trap: reason=bimorphic_or_optimized_type_check action=maybe_recompile pc=0x00000237d7d6fcc4 method=java.util.regex.Pattern.lambda$negate$7(Ljava/util/regex/Pattern$CharPredicate;I)Z @ 2 c2
Event: 0.766 Thread 0x00000237c5c03490 DEOPT PACKING pc=0x00000237d7d6fcc4 sp=0x0000009c48dfe900
Event: 0.766 Thread 0x00000237c5c03490 DEOPT UNPACKING pc=0x00000237d77946a2 sp=0x0000009c48dfe708 mode 2
Event: 0.766 Thread 0x00000237c5c03490 Uncommon trap: trap_request=0xffffffc6 fr.pc=0x00000237d7d6fcc4 relative=0x00000000000017e4
Event: 0.766 Thread 0x00000237c5c03490 Uncommon trap: reason=bimorphic_or_optimized_type_check action=maybe_recompile pc=0x00000237d7d6fcc4 method=java.util.regex.Pattern.lambda$negate$7(Ljava/util/regex/Pattern$CharPredicate;I)Z @ 2 c2
Event: 0.766 Thread 0x00000237c5c03490 DEOPT PACKING pc=0x00000237d7d6fcc4 sp=0x0000009c48dfe900
Event: 0.766 Thread 0x00000237c5c03490 DEOPT UNPACKING pc=0x00000237d77946a2 sp=0x0000009c48dfe708 mode 2
Event: 0.766 Thread 0x00000237c5c03490 Uncommon trap: trap_request=0xffffffc6 fr.pc=0x00000237d7d6fcc4 relative=0x00000000000017e4
Event: 0.766 Thread 0x00000237c5c03490 Uncommon trap: reason=bimorphic_or_optimized_type_check action=maybe_recompile pc=0x00000237d7d6fcc4 method=java.util.regex.Pattern.lambda$negate$7(Ljava/util/regex/Pattern$CharPredicate;I)Z @ 2 c2
Event: 0.766 Thread 0x00000237c5c03490 DEOPT PACKING pc=0x00000237d7d6fcc4 sp=0x0000009c48dfe900
Event: 0.766 Thread 0x00000237c5c03490 DEOPT UNPACKING pc=0x00000237d77946a2 sp=0x0000009c48dfe708 mode 2
Event: 0.766 Thread 0x00000237c5c03490 Uncommon trap: trap_request=0xffffffc6 fr.pc=0x00000237d7d6fcc4 relative=0x00000000000017e4
Event: 0.766 Thread 0x00000237c5c03490 Uncommon trap: reason=bimorphic_or_optimized_type_check action=maybe_recompile pc=0x00000237d7d6fcc4 method=java.util.regex.Pattern.lambda$negate$7(Ljava/util/regex/Pattern$CharPredicate;I)Z @ 2 c2
Event: 0.766 Thread 0x00000237c5c03490 DEOPT PACKING pc=0x00000237d7d6fcc4 sp=0x0000009c48dfe900
Event: 0.766 Thread 0x00000237c5c03490 DEOPT UNPACKING pc=0x00000237d77946a2 sp=0x0000009c48dfe708 mode 2
Event: 0.766 Thread 0x00000237c5c03490 Uncommon trap: trap_request=0xffffffc6 fr.pc=0x00000237d7d6cebc relative=0x00000000000006fc
Event: 0.766 Thread 0x00000237c5c03490 Uncommon trap: reason=bimorphic_or_optimized_type_check action=maybe_recompile pc=0x00000237d7d6cebc method=java.util.regex.Pattern.lambda$negate$7(Ljava/util/regex/Pattern$CharPredicate;I)Z @ 2 c2
Event: 0.766 Thread 0x00000237c5c03490 DEOPT PACKING pc=0x00000237d7d6cebc sp=0x0000009c48dfe830
Event: 0.766 Thread 0x00000237c5c03490 DEOPT UNPACKING pc=0x00000237d77946a2 sp=0x0000009c48dfe770 mode 2

Classes loaded (20 events):
Event: 0.733 Loading class sun/nio/ch/SelChImpl done
Event: 0.733 Loading class java/nio/channels/SocketChannel
Event: 0.733 Loading class java/nio/channels/NetworkChannel
Event: 0.734 Loading class java/nio/channels/NetworkChannel done
Event: 0.734 Loading class java/nio/channels/spi/AbstractSelectableChannel
Event: 0.734 Loading class java/nio/channels/SelectableChannel
Event: 0.734 Loading class java/nio/channels/SelectableChannel done
Event: 0.734 Loading class java/nio/channels/spi/AbstractSelectableChannel done
Event: 0.734 Loading class java/nio/channels/SocketChannel done
Event: 0.734 Loading class sun/nio/ch/SocketChannelImpl done
Event: 0.734 Loading class sun/nio/ch/ChannelOutputStream
Event: 0.734 Loading class sun/nio/ch/ChannelOutputStream done
Event: 0.749 Loading class java/io/BufferedReader$1
Event: 0.749 Loading class java/io/BufferedReader$1 done
Event: 0.756 Loading class java/util/HashMap$EntrySpliterator
Event: 0.756 Loading class java/util/HashMap$EntrySpliterator done
Event: 0.762 Loading class java/util/stream/SortedOps$RefSortingSink
Event: 0.763 Loading class java/util/stream/SortedOps$AbstractRefSortingSink
Event: 0.763 Loading class java/util/stream/SortedOps$AbstractRefSortingSink done
Event: 0.763 Loading class java/util/stream/SortedOps$RefSortingSink done

Classes unloaded (0 events):
No events

Classes redefined (0 events):
No events

Internal exceptions (20 events):
Event: 0.452 Thread 0x00000237c5c03490 Exception <a 'java/lang/NoSuchMethodError'{0x00000007135e3a68}: 'void java.lang.invoke.DirectMethodHandle$Holder.invokeStatic(java.lang.Object, java.lang.Object, java.lang.Object, java.lang.Object)'> (0x00000007135e3a68) 
thrown [s\open\src\hotspot\share\interpreter\linkResolver.cpp, line 773]
Event: 0.464 Thread 0x00000237c5c03490 Exception <a 'java/lang/NoSuchMethodError'{0x0000000713226be8}: 'java.lang.Object java.lang.invoke.DirectMethodHandle$Holder.newInvokeSpecial(java.lang.Object, java.lang.Object, java.lang.Object, java.lang.Object, java.lang.Object)'> (0x0000000713226be8) 
thrown [s\open\src\hotspot\share\interpreter\linkResolver.cpp, line 773]
Event: 0.480 Thread 0x00000237c5c03490 Exception <a 'java/lang/IncompatibleClassChangeError'{0x0000000713299bb8}: Found class java.lang.Object, but interface was expected> (0x0000000713299bb8) 
thrown [s\open\src\hotspot\share\interpreter\linkResolver.cpp, line 840]
Event: 0.487 Thread 0x00000237c5c03490 Exception <a 'java/lang/NoSuchMethodError'{0x000000071330a840}: 'java.lang.Object java.lang.invoke.Invokers$Holder.linkToTargetMethod(java.lang.Object, long, java.lang.Object)'> (0x000000071330a840) 
thrown [s\open\src\hotspot\share\interpreter\linkResolver.cpp, line 773]
Event: 0.489 Thread 0x00000237c5c03490 Exception <a 'java/lang/NoSuchMethodError'{0x0000000713314ed0}: 'java.lang.Object java.lang.invoke.DirectMethodHandle$Holder.newInvokeSpecial(java.lang.Object, java.lang.Object, int, java.lang.Object, java.lang.Object)'> (0x0000000713314ed0) 
thrown [s\open\src\hotspot\share\interpreter\linkResolver.cpp, line 773]
Event: 0.493 Thread 0x00000237c5c03490 Exception <a 'java/lang/NoSuchMethodError'{0x0000000713345ae0}: 'java.lang.Object java.lang.invoke.DirectMethodHandle$Holder.invokeStatic(java.lang.Object, java.lang.Object, java.lang.Object, int, java.lang.Object, java.lang.Object)'> (0x0000000713345ae0) 
thrown [s\open\src\hotspot\share\interpreter\linkResolver.cpp, line 773]
Event: 0.494 Thread 0x00000237c5c03490 Exception <a 'java/lang/NoSuchMethodError'{0x000000071334ce80}: 'java.lang.Object java.lang.invoke.DirectMethodHandle$Holder.newInvokeSpecial(java.lang.Object, java.lang.Object, java.lang.Object, int, java.lang.Object)'> (0x000000071334ce80) 
thrown [s\open\src\hotspot\share\interpreter\linkResolver.cpp, line 773]
Event: 0.495 Thread 0x00000237c5c03490 Exception <a 'java/lang/NoSuchMethodError'{0x0000000713354580}: 'java.lang.Object java.lang.invoke.Invokers$Holder.linkToTargetMethod(java.lang.Object, java.lang.Object, int, java.lang.Object, java.lang.Object)'> (0x0000000713354580) 
thrown [s\open\src\hotspot\share\interpreter\linkResolver.cpp, line 773]
Event: 0.506 Thread 0x00000237c5c03490 Exception <a 'java/lang/NoSuchMethodError'{0x00000007133d3918}: 'void java.lang.invoke.DirectMethodHandle$Holder.invokeStatic(java.lang.Object, java.lang.Object, java.lang.Object)'> (0x00000007133d3918) 
thrown [s\open\src\hotspot\share\interpreter\linkResolver.cpp, line 773]
Event: 0.534 Thread 0x00000237c5c03490 Exception <a 'java/lang/NoSuchMethodError'{0x0000000713109b00}: 'void java.lang.invoke.DirectMethodHandle$Holder.invokeInterface(java.lang.Object, java.lang.Object)'> (0x0000000713109b00) 
thrown [s\open\src\hotspot\share\interpreter\linkResolver.cpp, line 773]
Event: 0.551 Thread 0x00000237c5c03490 Exception <a 'java/lang/NoSuchMethodError'{0x00000007131e7648}: 'long java.lang.invoke.DelegatingMethodHandle$Holder.reinvoke_L(java.lang.Object, java.lang.Object)'> (0x00000007131e7648) 
thrown [s\open\src\hotspot\share\interpreter\linkResolver.cpp, line 773]
Event: 0.552 Thread 0x00000237c5c03490 Exception <a 'java/lang/NoSuchMethodError'{0x00000007131f1310}: 'void java.lang.invoke.DelegatingMethodHandle$Holder.reinvoke_L(java.lang.Object, java.lang.Object, long)'> (0x00000007131f1310) 
thrown [s\open\src\hotspot\share\interpreter\linkResolver.cpp, line 773]
Event: 0.552 Thread 0x00000237c5c03490 Exception <a 'java/lang/NoSuchMethodError'{0x00000007131f7be0}: 'long java.lang.invoke.Invokers$Holder.invokeExact_MT(java.lang.Object, java.lang.Object, java.lang.Object)'> (0x00000007131f7be0) 
thrown [s\open\src\hotspot\share\interpreter\linkResolver.cpp, line 773]
Event: 0.555 Thread 0x00000237c5c03490 Exception <a 'java/lang/NoSuchMethodError'{0x0000000712e193d8}: 'void java.lang.invoke.DirectMethodHandle$Holder.invokeVirtual(java.lang.Object, java.lang.Object)'> (0x0000000712e193d8) 
thrown [s\open\src\hotspot\share\interpreter\linkResolver.cpp, line 773]
Event: 0.581 Thread 0x00000237c5c03490 Exception <a 'java/lang/NoSuchMethodError'{0x0000000712f994c8}: 'java.lang.Object java.lang.invoke.DirectMethodHandle$Holder.invokeInterface(java.lang.Object, java.lang.Object, java.lang.Object)'> (0x0000000712f994c8) 
thrown [s\open\src\hotspot\share\interpreter\linkResolver.cpp, line 773]
Event: 0.600 Thread 0x00000237c5c03490 Exception <a 'java/lang/NoSuchMethodError'{0x0000000714338bb0}: 'void java.lang.invoke.DirectMethodHandle$Holder.invokeStaticInit(java.lang.Object, java.lang.Object)'> (0x0000000714338bb0) 
thrown [s\open\src\hotspot\share\interpreter\linkResolver.cpp, line 773]
Event: 0.604 Thread 0x00000237c5c03490 Exception <a 'java/lang/NoSuchMethodError'{0x000000071437aa38}: 'void org.openqa.selenium.remote.http.ClientConfig.<init>(java.net.URI, java.time.Duration, java.time.Duration, org.openqa.selenium.remote.http.Filter, java.net.Proxy, org.openqa.selenium.Credentials)'> (0x000000071437aa38) 
thrown [s\open\src\hotspot\share\interpreter\linkResolver.cpp, line 773]
Event: 0.714 Thread 0x00000237c5c03490 Exception <a 'java/lang/NoSuchMethodError'{0x0000000713f535a0}: 'long java.lang.invoke.DirectMethodHandle$Holder.invokeSpecial(java.lang.Object, java.lang.Object, int, java.lang.Object, java.lang.Object)'> (0x0000000713f535a0) 
thrown [s\open\src\hotspot\share\interpreter\linkResolver.cpp, line 773]
Event: 0.714 Thread 0x00000237c5c03490 Exception <a 'java/lang/NoSuchMethodError'{0x0000000713f5f538}: 'java.lang.Object java.lang.invoke.DirectMethodHandle$Holder.invokeSpecial(java.lang.Object, java.lang.Object, int, java.lang.Object, java.lang.Object)'> (0x0000000713f5f538) 
thrown [s\open\src\hotspot\share\interpreter\linkResolver.cpp, line 773]
Event: 0.763 Thread 0x00000237c5c03490 Exception <a 'java/lang/NoSuchMethodError'{0x0000000713c9dba0}: 'void java.lang.invoke.DirectMethodHandle$Holder.invokeInterface(java.lang.Object, java.lang.Object, java.lang.Object)'> (0x0000000713c9dba0) 
thrown [s\open\src\hotspot\share\interpreter\linkResolver.cpp, line 773]

ZGC Phase Switch (0 events):
No events

VM Operations (18 events):
Event: 0.049 Executing VM operation: HandshakeAllThreads (Deoptimize)
Event: 0.049 Executing VM operation: HandshakeAllThreads (Deoptimize) done
Event: 0.115 Executing VM operation: HandshakeAllThreads (Deoptimize)
Event: 0.115 Executing VM operation: HandshakeAllThreads (Deoptimize) done
Event: 0.156 Executing VM operation: HandshakeAllThreads (Deoptimize)
Event: 0.156 Executing VM operation: HandshakeAllThreads (Deoptimize) done
Event: 0.203 Executing VM operation: HandshakeAllThreads (Deoptimize)
Event: 0.203 Executing VM operation: HandshakeAllThreads (Deoptimize) done
Event: 0.276 Executing VM operation: HandshakeAllThreads (Deoptimize)
Event: 0.276 Executing VM operation: HandshakeAllThreads (Deoptimize) done
Event: 0.325 Executing VM operation: HandshakeAllThreads (Deoptimize)
Event: 0.325 Executing VM operation: HandshakeAllThreads (Deoptimize) done
Event: 0.570 Executing VM operation: ICBufferFull
Event: 0.570 Executing VM operation: ICBufferFull done
Event: 0.586 Executing VM operation: G1CollectForAllocation (G1 Evacuation Pause)
Event: 0.590 Executing VM operation: G1CollectForAllocation (G1 Evacuation Pause) done
Event: 0.627 Executing VM operation: HandshakeAllThreads (Deoptimize)
Event: 0.627 Executing VM operation: HandshakeAllThreads (Deoptimize) done

Events (16 events):
Event: 0.016 Thread 0x00000237c5c03490 Thread added: 0x00000237c5c03490
Event: 0.024 Thread 0x00000237e728d8c0 Thread added: 0x00000237e728d8c0
Event: 0.024 Thread 0x00000237e728e7e0 Thread added: 0x00000237e728e7e0
Event: 0.024 Thread 0x00000237e7290940 Thread added: 0x00000237e7290940
Event: 0.024 Thread 0x00000237e72916d0 Thread added: 0x00000237e72916d0
Event: 0.024 Thread 0x00000237e72988b0 Thread added: 0x00000237e72988b0
Event: 0.024 Thread 0x00000237e72a1f40 Thread added: 0x00000237e72a1f40
Event: 0.024 Thread 0x00000237e72c6180 Thread added: 0x00000237e72c6180
Event: 0.024 Thread 0x00000237e72c8a90 Thread added: 0x00000237e72c8a90
Event: 0.042 Thread 0x00000237e7584840 Thread added: 0x00000237e7584840
Event: 0.044 Thread 0x00000237e7591200 Thread added: 0x00000237e7591200
Event: 0.138 Thread 0x00000237e72c9f00 Thread added: 0x00000237e72c9f00
Event: 0.138 Thread 0x00000237e72c83c0 Thread added: 0x00000237e72c83c0
Event: 0.231 Thread 0x00000237e79cf8f0 Thread added: 0x00000237e79cf8f0
Event: 0.586 Thread 0x00000237ec539f30 Thread added: 0x00000237ec539f30
Event: 0.694 Thread 0x00000237e79cf8f0 Thread exited: 0x00000237e79cf8f0


Dynamic libraries:
0x00007ff751740000 - 0x00007ff751750000 	C:\Program Files\Java\jdk-21\bin\javaw.exe
0x00007ffce8350000 - 0x00007ffce8566000 	C:\windows\SYSTEM32\ntdll.dll
0x00007ffce7950000 - 0x00007ffce7a14000 	C:\windows\System32\KERNEL32.DLL
0x00007ffce5670000 - 0x00007ffce5a17000 	C:\windows\System32\KERNELBASE.dll
0x00007ffce5f60000 - 0x00007ffce6071000 	C:\windows\System32\ucrtbase.dll
0x00007ffcc28d0000 - 0x00007ffcc28eb000 	C:\Program Files\Java\jdk-21\bin\VCRUNTIME140.dll
0x00007ffcdbae0000 - 0x00007ffcdbaf9000 	C:\Program Files\Java\jdk-21\bin\jli.dll
0x00007ffce7fc0000 - 0x00007ffce8072000 	C:\windows\System32\ADVAPI32.dll
0x00007ffce76f0000 - 0x00007ffce7797000 	C:\windows\System32\msvcrt.dll
0x00007ffce7350000 - 0x00007ffce73f8000 	C:\windows\System32\sechost.dll
0x00007ffce5d50000 - 0x00007ffce5d78000 	C:\windows\System32\bcrypt.dll
0x00007ffce7550000 - 0x00007ffce7665000 	C:\windows\System32\RPCRT4.dll
0x00007ffce8110000 - 0x00007ffce82be000 	C:\windows\System32\USER32.dll
0x00007ffce5bb0000 - 0x00007ffce5bd6000 	C:\windows\System32\win32u.dll
0x00007ffce6100000 - 0x00007ffce6129000 	C:\windows\System32\GDI32.dll
0x00007ffce5d80000 - 0x00007ffce5e99000 	C:\windows\System32\gdi32full.dll
0x00007ffce5b10000 - 0x00007ffce5baa000 	C:\windows\System32\msvcp_win.dll
0x00007ffcb7e70000 - 0x00007ffcb8103000 	C:\windows\WinSxS\amd64_microsoft.windows.common-controls_6595b64144ccf1df_6.0.22621.3235_none_270f74e173860f98\COMCTL32.dll
0x00007ffcd2f10000 - 0x00007ffcd2f1a000 	C:\windows\SYSTEM32\VERSION.dll
0x00007ffce7510000 - 0x00007ffce7541000 	C:\windows\System32\IMM32.DLL
0x00007ffcc2cf0000 - 0x00007ffcc2cfc000 	C:\Program Files\Java\jdk-21\bin\vcruntime140_1.dll
0x00007ffcc2840000 - 0x00007ffcc28ce000 	C:\Program Files\Java\jdk-21\bin\msvcp140.dll
0x00007ffc389a0000 - 0x00007ffc396b7000 	C:\Program Files\Java\jdk-21\bin\server\jvm.dll
0x00007ffce7eb0000 - 0x00007ffce7f21000 	C:\windows\System32\WS2_32.dll
0x00007ffce5490000 - 0x00007ffce54dd000 	C:\windows\SYSTEM32\POWRPROF.dll
0x00007ffcdb880000 - 0x00007ffcdb8b4000 	C:\windows\SYSTEM32\WINMM.dll
0x00007ffce5470000 - 0x00007ffce5483000 	C:\windows\SYSTEM32\UMPDC.dll
0x00007ffce4670000 - 0x00007ffce4688000 	C:\windows\SYSTEM32\kernel.appcore.dll
0x00007ffcc2830000 - 0x00007ffcc283a000 	C:\Program Files\Java\jdk-21\bin\jimage.dll
0x00007ffce3030000 - 0x00007ffce3263000 	C:\windows\SYSTEM32\DBGHELP.DLL
0x00007ffce7a20000 - 0x00007ffce7da8000 	C:\windows\System32\combase.dll
0x00007ffce6130000 - 0x00007ffce6207000 	C:\windows\System32\OLEAUT32.dll
0x00007ffcbb780000 - 0x00007ffcbb7b2000 	C:\windows\SYSTEM32\dbgcore.DLL
0x00007ffce5a20000 - 0x00007ffce5a99000 	C:\windows\System32\bcryptPrimitives.dll
0x00007ffcc2810000 - 0x00007ffcc282f000 	C:\Program Files\Java\jdk-21\bin\java.dll
0x00007ffce6880000 - 0x00007ffce70dc000 	C:\windows\System32\SHELL32.dll
0x00007ffce3580000 - 0x00007ffce3e79000 	C:\windows\SYSTEM32\windows.storage.dll
0x00007ffce3440000 - 0x00007ffce357e000 	C:\windows\SYSTEM32\wintypes.dll
0x00007ffce7db0000 - 0x00007ffce7ea3000 	C:\windows\System32\SHCORE.dll
0x00007ffce7f60000 - 0x00007ffce7fbe000 	C:\windows\System32\shlwapi.dll
0x00007ffce55a0000 - 0x00007ffce55c1000 	C:\windows\SYSTEM32\profapi.dll
0x00007ffcc2730000 - 0x00007ffcc2807000 	C:\Program Files\Java\jdk-21\bin\jsvml.dll
0x00007ffcc2720000 - 0x00007ffcc2730000 	C:\Program Files\Java\jdk-21\bin\net.dll
0x00007ffcded40000 - 0x00007ffcdee76000 	C:\windows\SYSTEM32\WINHTTP.dll
0x00007ffce4ad0000 - 0x00007ffce4b39000 	C:\windows\system32\mswsock.dll
0x00007ffcc2700000 - 0x00007ffcc2716000 	C:\Program Files\Java\jdk-21\bin\nio.dll
0x00007ffcc26e0000 - 0x00007ffcc26f8000 	C:\Program Files\Java\jdk-21\bin\zip.dll
0x00007ffcc26d0000 - 0x00007ffcc26e0000 	C:\Program Files\Java\jdk-21\bin\verify.dll
0x00007ffce4110000 - 0x00007ffce4209000 	C:\windows\SYSTEM32\DNSAPI.dll
0x00007ffce40e0000 - 0x00007ffce410d000 	C:\windows\SYSTEM32\IPHLPAPI.DLL
0x00007ffce7400000 - 0x00007ffce7409000 	C:\windows\System32\NSI.dll
0x0000000066d40000 - 0x0000000066d75000 	C:\Program Files\Bonjour\mdnsNSP.dll
0x00007ffcdd910000 - 0x00007ffcdd91a000 	C:\Windows\System32\rasadhlp.dll
0x00007ffcdc560000 - 0x00007ffcdc5e3000 	C:\windows\System32\fwpuclnt.dll
0x00007ffcc2540000 - 0x00007ffcc2549000 	C:\Program Files\Java\jdk-21\bin\extnet.dll
0x00007ffce4dc0000 - 0x00007ffce4ddb000 	C:\windows\SYSTEM32\CRYPTSP.dll
0x00007ffce45d0000 - 0x00007ffce4605000 	C:\windows\system32\rsaenh.dll
0x00007ffce4b70000 - 0x00007ffce4b98000 	C:\windows\SYSTEM32\USERENV.dll
0x00007ffce4cd0000 - 0x00007ffce4cdc000 	C:\windows\SYSTEM32\CRYPTBASE.dll
0x00007ffcb0bc0000 - 0x00007ffcb0bd7000 	C:\windows\system32\napinsp.dll
0x00007ffcb0a80000 - 0x00007ffcb0a9b000 	C:\windows\system32\pnrpnsp.dll
0x00007ffcb0a60000 - 0x00007ffcb0a71000 	C:\windows\System32\winrnr.dll
0x00007ffcdb860000 - 0x00007ffcdb875000 	C:\windows\system32\wshbth.dll
0x00007ffcb0a30000 - 0x00007ffcb0a51000 	C:\windows\system32\nlansp_c.dll

dbghelp: loaded successfully - version: 4.0.5 - missing functions: none
symbol engine: initialized successfully - sym options: 0x614 - pdb path: .;C:\Program Files\Java\jdk-21\bin;C:\windows\SYSTEM32;C:\windows\WinSxS\amd64_microsoft.windows.common-controls_6595b64144ccf1df_6.0.22621.3235_none_270f74e173860f98;C:\Program Files\Java\jdk-21\bin\server;C:\Program Files\Bonjour

VM Arguments:
jvm_args: -ea -Dfile.encoding=UTF-8 -Dstdout.encoding=UTF-8 -Dstderr.encoding=UTF-8 -XX:+ShowCodeDetailsInExceptionMessages 
java_command: org.testng.remote.RemoteTestNG -serport 52090 -protocol json -d C:\Users\shank\eclipse-workspace\MobileApplicationTest\test-output C:\Users\shank\AppData\Local\Temp\testng-eclipse-325416962\testng-customsuite.xml
java_class_path (initial): C:\Users\shank\eclipse\java-2023-122\eclipse\configuration\org.eclipse.osgi\576\0\.cp\lib\testng-remote.jar;C:\Users\shank\eclipse-workspace\MobileApplicationTest\target\test-classes;C:\Users\shank\eclipse-workspace\MobileApplicationTest\target\classes;C:\Users\shank\.m2\repository\org\testng\testng\7.7.1\testng-7.7.1.jar;C:\Users\shank\.m2\repository\org\slf4j\slf4j-api\1.7.36\slf4j-api-1.7.36.jar;C:\Users\shank\.m2\repository\com\beust\jcommander\1.82\jcommander-1.82.jar;C:\Users\shank\.m2\repository\org\webjars\jquery\3.6.1\jquery-3.6.1.jar;C:\Users\shank\.m2\repository\io\appium\java-client\8.5.1\java-client-8.5.1.jar;C:\Users\shank\.m2\repository\org\seleniumhq\selenium\selenium-api\4.20.0\selenium-api-4.20.0.jar;C:\Users\shank\.m2\repository\org\seleniumhq\selenium\selenium-remote-driver\4.20.0\selenium-remote-driver-4.20.0.jar;C:\Users\shank\.m2\repository\com\google\auto\service\auto-service-annotations\1.1.1\auto-service-annotations-1.1.1.jar;C:\Users\shank\.m2\repository\com\google\guava\guava\33.1.0-jre\guava-33.1.0-jre.jar;C:\Users\shank\.m2\repository\com\google\guava\failureaccess\1.0.2\failureaccess-1.0.2.jar;C:\Users\shank\.m2\repository\com\google\guava\listenablefuture\9999.0-empty-to-avoid-conflict-with-guava\listenablefuture-9999.0-empty-to-avoid-conflict-with-guava.jar;C:\Users\shank\.m2\repository\com\google\code\findbugs\jsr305\3.0.2\jsr305-3.0.2.jar;C:\Users\shank\.m2\repository\org\checkerframework\checker-qual\3.42.0\checker-qual-3.42.0.jar;C:\Users\shank\.m2\repository\com\google\errorprone\error_prone_annotations\2.26.1\error_prone_annotations-2.26.1.jar;C:\Users\shank\.m2\repository\com\google\j2objc\j2objc-annotations\3.0.0\j2objc-annotations-3.0.0.jar;C:\Users\shank\.m2\repository\io\opentelemetry\semconv\opentelemetry-semconv\1.25.0-alpha\opentelemetry-semconv-1.25.0-alpha.jar;C:\Users\shank\.m2\repository\io\opentelemetry\opentelemetry-api\1.37.0\opentelemetry-api-1.37.0.jar;C:\Users\shank\.m2\repository\io\opentelemetry\opentelemetry-context\1.37.0\opentelemetry-context-1.37.0.jar;C:\Users\shank\.m2\repository\io\opentelemetry\opentelemetry-exporter-logging\1.37.0\opentelemetry-exporter-logging-1.37.0.jar;C:\Users\shank\.m2\repository\io\opentelemetry\opentelemetry-sdk-common\1.37.0\opentelemetry-sdk-common-1.37.0.jar;C:\Users\shank\.m2\repository\io\opentelemetry\opentelemetry-sdk-extension-autoconfigure-spi\1.37.0\opentelemetry-sdk-extension-autoconfigure-spi-1.37.0.jar;C:\Users\shank\.m2\repository\io\opentelemetry\opentelemetry-sdk-extension-autoconfigure\1.37.0\opentelemetry-sdk-extension-autoconfigure-1.37.0.jar;C:\Users\shank\.m2\repository\io\opentelemetry\opentelemetry-api-incubator\1.37.0-alpha\opentelemetry-api-incubator-1.37.0-alpha.jar;C:\Users\shank\.m2\repository\io\opentelemetry\opentelemetry-sdk-trace\1.37.0\opentelemetry-sdk-trace-1.37.0.jar;C:\Users\shank\.m2\repository\io\opentelemetry\opentelemetry-sdk\1.37.0\opentelemetry-sdk-1.37.0.jar;C:\Users\shank\.m2\repository\io\opentelemetry\opentelemetry-sdk-metrics\1.37.0\opentelemetry-sdk-metrics-1.37.0.jar;C:\Users\shank\.m2\repository\io\opentelemetry\opentelemetry-sdk-logs\1.37.0\opentelemetry-sdk-logs-1.37.0.jar;C:\Users\shank\.m2\repository\net\bytebuddy\byte-buddy\1.14.14\byte-buddy-1.14.14.jar;C:\Users\shank\.m2\repository\org\seleniumhq\selenium\selenium-http\4.20.0\selenium-http-4.20.0.jar;C:\Users\shank\.m2\repository\dev\failsafe\failsafe\3.3.2\failsafe-3.3.2.jar;C:\Users\shank\.m2\repository\org\seleniumhq\selenium\selenium-json\4.20.0\selenium-json-4.20.0.jar;C:\Users\shank\.m2\repository\org\seleniumhq\selenium\selenium-manager\4.20.0\selenium-manager-4.20.0.jar;C:\Users\shank\.m2\repository\org\seleniumhq\selenium\selenium-os\4.20.0\selenium-os-4.20.0.jar;C:\Users\shank\.m2\repository\org\apache\commons\commons-exec\1.4.0\commons-exec-1.4.0.jar;C:\Users\shank\.m2\repository\org\seleniumhq\selenium\selenium-support\4.20.0\selenium-support-4.20.0.jar;C:\Users\shank\.m2\repository\com\google\code\gson\gson\2.10.1\gson-2.10.1.jar;C:\Users\shank\.m2\repository\commons-validator\commons-validator\1.7\commons-validator-1.7.jar;C:\Users\shank\.m2\repository\commons-beanutils\commons-beanutils\1.9.4\commons-beanutils-1.9.4.jar;C:\Users\shank\.m2\repository\commons-digester\commons-digester\2.1\commons-digester-2.1.jar;C:\Users\shank\.m2\repository\commons-logging\commons-logging\1.2\commons-logging-1.2.jar;C:\Users\shank\.m2\repository\commons-collections\commons-collections\3.2.2\commons-collections-3.2.2.jar;C:\Users\shank\.m2\repository\org\apache\commons\commons-lang3\3.12.0\commons-lang3-3.12.0.jar;C:\Users\shank\.m2\repository\commons-io\commons-io\2.12.0\commons-io-2.12.0.jar
Launcher Type: SUN_STANDARD

[Global flags]
     intx CICompilerCount                          = 4                                         {product} {ergonomic}
     uint ConcGCThreads                            = 3                                         {product} {ergonomic}
     uint G1ConcRefinementThreads                  = 10                                        {product} {ergonomic}
   size_t G1HeapRegionSize                         = 2097152                                   {product} {ergonomic}
    uintx GCDrainStackTargetSize                   = 64                                        {product} {ergonomic}
   size_t InitialHeapSize                          = 264241152                                 {product} {ergonomic}
   size_t MarkStackSize                            = 4194304                                   {product} {ergonomic}
   size_t MaxHeapSize                              = 4219469824                                {product} {ergonomic}
   size_t MaxNewSize                               = 2531262464                                {product} {ergonomic}
   size_t MinHeapDeltaBytes                        = 2097152                                   {product} {ergonomic}
   size_t MinHeapSize                              = 8388608                                   {product} {ergonomic}
    uintx NonNMethodCodeHeapSize                   = 5839372                                {pd product} {ergonomic}
    uintx NonProfiledCodeHeapSize                  = 122909434                              {pd product} {ergonomic}
    uintx ProfiledCodeHeapSize                     = 122909434                              {pd product} {ergonomic}
    uintx ReservedCodeCacheSize                    = 251658240                              {pd product} {ergonomic}
     bool SegmentedCodeCache                       = true                                      {product} {ergonomic}
     bool ShowCodeDetailsInExceptionMessages       = true                                   {manageable} {command line}
   size_t SoftMaxHeapSize                          = 4219469824                             {manageable} {ergonomic}
     bool UseCompressedOops                        = true                           {product lp64_product} {ergonomic}
     bool UseG1GC                                  = true                                      {product} {ergonomic}
     bool UseLargePagesIndividualAllocation        = false                                  {pd product} {ergonomic}

Logging:
Log output configuration:
 #0: stdout all=warning uptime,level,tags foldmultilines=false
 #1: stderr all=off uptime,level,tags foldmultilines=false

Environment Variables:
JAVA_HOME=C:\Program Files\Java\jdk-21
PATH=C:\Program Files\Common Files\Oracle\Java\javapath;C:\windows\system32;C:\windows;C:\windows\System32\Wbem;C:\windows\System32\WindowsPowerShell\v1.0\;C:\windows\System32\OpenSSH\;C:\Program Files\MySQL\MySQL Server 8.0\bin;C:\Program Files\MySQL\MySQL Server 8.0\bin;C:\Program Files\HP\HP One Agent;C:\SOFTWARE TESTING\apache-maven-3.9.6-bin\apache-maven-3.9.6\bin;C:\Program Files\Java\jdk-21;C:\SOFTWARE TESTING\apache-maven-3.9.6-bin\apache-maven-3.9.6\bin;C:\Program Files\Git\cmd;%ANDROID_HOME%\platform-tools;%ANDROID_HOME%\tools;%ANDROID_HOME%\tools\bin;C:\Users\shank\AppData\Local\Android\Sdk\platform-tools;C:\Windows\System32;C:\Program Files\nodejs\;C:\Users\shank\AppData\Roaming\npm;C:\windows;C:\windows\System32\Wbem;C:\windows\System32\WindowsPowerShell\v1.0\;C:\windows\System32\OpenSSH\;C:\Program Files\MySQL\MySQL Server 8.0\bin;C:\Program Files\MySQL\MySQL Server 8.0\bin;C:\Program Files\HP\HP One Agent;C:\SOFTWARE TESTING\apache-maven-3.9.6-bin\apache-maven-3.9.6\bin;C:\Program Files\Java\jdk-21;C:\SOFTWARE TESTING\apache-maven-3.9.6-bin\apache-maven-3.9.6\bin;C:\Program Files\Git\cmd;C:\Users\shank\AppData\Local\Android\Sdk\platform-tools;C:\Users\shank\AppData\Local\Android\Sdk\tools;C:\Users\shank\AppData\Local\Android\Sdk\tools\bin;C:\Users\shank\AppData\Local\Android\Sdk\platform-tools;C:\Program Files\nodejs\;C:\Program Files\MySQL\MySQL Shell 8.0\bin\;C:\Users\shank\AppData\Local\Microsoft\WindowsApps;C:\Users\shank\AppData\Local\Programs\Microsoft VS Code\bin;C:\Program Files\MySQL\MySQL Server 8.0\bin;C:\Program Files\nodejs\npm;C:\Windows\System32;C:\Users\shank\AppData\Roaming\npm
USERNAME=shank
OS=Windows_NT
PROCESSOR_IDENTIFIER=Intel64 Family 6 Model 186 Stepping 3, GenuineIntel
TMP=C:\Users\shank\AppData\Local\Temp
TEMP=C:\Users\shank\AppData\Local\Temp




Periodic native trim disabled

---------------  S Y S T E M  ---------------

OS:
 Windows 11 , 64 bit Build 22621 (10.0.22621.3374)
OS uptime: 0 days 1:17 hours
Hyper-V role detected

CPU: total 12 (initial active 12) (6 cores per cpu, 2 threads per core) family 6 model 186 stepping 3 microcode 0x410e, cx8, cmov, fxsr, ht, mmx, 3dnowpref, sse, sse2, sse3, ssse3, sse4.1, sse4.2, popcnt, lzcnt, tsc, tscinvbit, avx, avx2, aes, erms, clmul, bmi1, bmi2, adx, sha, fma, vzeroupper, clflush, clflushopt, clwb, hv, serialize, rdtscp, rdpid, fsrm, f16c, cet_ibt, cet_ss
Processor Information for processor 0
  Max Mhz: 1300, Current Mhz: 1300, Mhz Limit: 1300
Processor Information for processor 1
  Max Mhz: 1300, Current Mhz: 1300, Mhz Limit: 1300
Processor Information for processor 2
  Max Mhz: 1300, Current Mhz: 1300, Mhz Limit: 1300
Processor Information for processor 3
  Max Mhz: 1300, Current Mhz: 1300, Mhz Limit: 1300
Processor Information for processor 4
  Max Mhz: 1300, Current Mhz: 900, Mhz Limit: 897
Processor Information for processor 5
  Max Mhz: 1300, Current Mhz: 900, Mhz Limit: 897
Processor Information for processor 6
  Max Mhz: 1300, Current Mhz: 900, Mhz Limit: 897
Processor Information for processor 7
  Max Mhz: 1300, Current Mhz: 900, Mhz Limit: 897
Processor Information for processor 8
  Max Mhz: 1300, Current Mhz: 900, Mhz Limit: 897
Processor Information for processor 9
  Max Mhz: 1300, Current Mhz: 900, Mhz Limit: 897
Processor Information for processor 10
  Max Mhz: 1300, Current Mhz: 900, Mhz Limit: 897
Processor Information for processor 11
  Max Mhz: 1300, Current Mhz: 900, Mhz Limit: 897

Memory: 4k page, system-wide physical 16095M (2421M free)
TotalPageFile size 16095M (AvailPageFile size 1M)
current process WorkingSet (physical memory assigned to process): 90M, peak: 90M
current process commit charge ("private bytes"): 364M, peak: 364M

vm_info: Java HotSpot(TM) 64-Bit Server VM (21.0.2+13-LTS-58) for windows-amd64 JRE (21.0.2+13-LTS-58), built on 2024-01-05T18:32:24Z by "mach5one" with MS VC++ 17.1 (VS2022)

END.
