#
# There is insufficient memory for the Java Runtime Environment to continue.
# Native memory allocation (mmap) failed to map 65536 bytes for Failed to commit metaspace.
# Possible reasons:
#   The system is out of physical RAM or swap space
#   The process is running with CompressedOops enabled, and the Java Heap may be blocking the growth of the native heap
# Possible solutions:
#   Reduce memory load on the system
#   Increase physical memory or swap space
#   Check if swap backing store is full
#   Decrease Java heap size (-Xmx/-Xms)
#   Decrease number of Java threads
#   Decrease Java thread stack sizes (-Xss)
#   Set larger code cache with -XX:ReservedCodeCacheSize=
#   JVM is running with Zero Based Compressed Oops mode in which the Java heap is
#     placed in the first 32GB address space. The Java Heap base address is the
#     maximum limit for the native heap growth. Please use -XX:HeapBaseMinAddress
#     to set the Java Heap base and to place the Java Heap above 32GB virtual address.
# This output file may be truncated or incomplete.
#
#  Out of Memory Error (virtualSpaceNode.cpp:112), pid=23084, tid=13420
#
# JRE version: Java(TM) SE Runtime Environment (21.0.2+13) (build 21.0.2+13-LTS-58)
# Java VM: Java HotSpot(TM) 64-Bit Server VM (21.0.2+13-LTS-58, mixed mode, tiered, compressed oops, compressed class ptrs, g1 gc, windows-amd64)
# No core dump will be written. Minidumps are not enabled by default on client versions of Windows
#

---------------  S U M M A R Y ------------

Command Line: -ea -Dfile.encoding=UTF-8 -Dstdout.encoding=UTF-8 -Dstderr.encoding=UTF-8 -XX:+ShowCodeDetailsInExceptionMessages org.testng.remote.RemoteTestNG -serport 53171 -protocol json -d C:\Users\shank\eclipse-workspace\MobileApplicationTest\test-output C:\Users\shank\AppData\Local\Temp\testng-eclipse-1839008147\testng-customsuite.xml

Host: 13th Gen Intel(R) Core(TM) i5-1335U, 12 cores, 15G,  Windows 11 , 64 bit Build 22621 (10.0.22621.3374)
Time: Tue May 14 12:51:04 2024 India Standard Time elapsed time: 0.231221 seconds (0d 0h 0m 0s)

---------------  T H R E A D  ---------------

Current thread (0x000001a84bcc21b0):  JavaThread "main"             [_thread_in_vm, id=13420, stack(0x0000005ae4800000,0x0000005ae4900000) (1024K)]

Stack: [0x0000005ae4800000,0x0000005ae4900000]
Native frames: (J=compiled Java code, j=interpreted, Vv=VM code, C=native code)
V  [jvm.dll+0x6cade9]
V  [jvm.dll+0x8569c1]
V  [jvm.dll+0x858d2e]
V  [jvm.dll+0x859413]
V  [jvm.dll+0x280e56]
V  [jvm.dll+0x8526ee]
V  [jvm.dll+0x66e705]
V  [jvm.dll+0x66e76a]
V  [jvm.dll+0x670f96]
V  [jvm.dll+0x670e62]
V  [jvm.dll+0x66f0de]
V  [jvm.dll+0x26b47f]
V  [jvm.dll+0x679305]
V  [jvm.dll+0x217b73]
V  [jvm.dll+0x2180b5]
V  [jvm.dll+0x218ad1]
V  [jvm.dll+0x20dd9e]
V  [jvm.dll+0x5ad3dc]
V  [jvm.dll+0x21f76a]
V  [jvm.dll+0x7cec21]
V  [jvm.dll+0x7cfc85]
V  [jvm.dll+0x7d0440]
V  [jvm.dll+0x218ecc]
V  [jvm.dll+0x20ddb7]
V  [jvm.dll+0x5ad3dc]
V  [jvm.dll+0x21f76a]
V  [jvm.dll+0x7cec21]
V  [jvm.dll+0x7cfc85]
V  [jvm.dll+0x7d022f]
V  [jvm.dll+0x7cfed8]
V  [jvm.dll+0x26ed7b]
V  [jvm.dll+0x3d3c0e]
C  0x000001a85d89a83f

The last pc belongs to new (printed below).
Java frames: (J=compiled Java code, j=interpreted, Vv=VM code)
j  jdk.internal.org.objectweb.asm.ClassWriter.visitMethod(ILjava/lang/String;Ljava/lang/String;Ljava/lang/String;[Ljava/lang/String;)Ljdk/internal/org/objectweb/asm/MethodVisitor;+0 java.base@21.0.2
j  java.lang.invoke.InnerClassLambdaMetafactory.generateConstructor()V+17 java.base@21.0.2
j  java.lang.invoke.InnerClassLambdaMetafactory.generateInnerClass()Ljava/lang/Class;+257 java.base@21.0.2
j  java.lang.invoke.InnerClassLambdaMetafactory.spinInnerClass()Ljava/lang/Class;+114 java.base@21.0.2
j  java.lang.invoke.InnerClassLambdaMetafactory.buildCallSite()Ljava/lang/invoke/CallSite;+1 java.base@21.0.2
j  java.lang.invoke.LambdaMetafactory.metafactory(Ljava/lang/invoke/MethodHandles$Lookup;Ljava/lang/String;Ljava/lang/invoke/MethodType;Ljava/lang/invoke/MethodType;Ljava/lang/invoke/MethodHandle;Ljava/lang/invoke/MethodType;)Ljava/lang/invoke/CallSite;+67 java.base@21.0.2
j  java.lang.invoke.DirectMethodHandle$Holder.invokeStatic(Ljava/lang/Object;Ljava/lang/Object;Ljava/lang/Object;Ljava/lang/Object;Ljava/lang/Object;Ljava/lang/Object;Ljava/lang/Object;)Ljava/lang/Object;+20 java.base@21.0.2
j  java.lang.invoke.Invokers$Holder.invokeExact_MT(Ljava/lang/Object;Ljava/lang/Object;Ljava/lang/Object;Ljava/lang/Object;Ljava/lang/Object;Ljava/lang/Object;Ljava/lang/Object;Ljava/lang/Object;)Ljava/lang/Object;+28 java.base@21.0.2
j  java.lang.invoke.BootstrapMethodInvoker.invoke(Ljava/lang/Class;Ljava/lang/invoke/MethodHandle;Ljava/lang/String;Ljava/lang/Object;Ljava/lang/Object;Ljava/lang/Class;)Ljava/lang/Object;+319 java.base@21.0.2
j  java.lang.invoke.CallSite.makeSite(Ljava/lang/invoke/MethodHandle;Ljava/lang/String;Ljava/lang/invoke/MethodType;Ljava/lang/Object;Ljava/lang/Class;)Ljava/lang/invoke/CallSite;+8 java.base@21.0.2
j  java.lang.invoke.MethodHandleNatives.linkCallSiteImpl(Ljava/lang/Class;Ljava/lang/invoke/MethodHandle;Ljava/lang/String;Ljava/lang/invoke/MethodType;Ljava/lang/Object;[Ljava/lang/Object;)Ljava/lang/invoke/MemberName;+6 java.base@21.0.2
j  java.lang.invoke.MethodHandleNatives.linkCallSite(Ljava/lang/Object;Ljava/lang/Object;Ljava/lang/Object;Ljava/lang/Object;Ljava/lang/Object;[Ljava/lang/Object;)Ljava/lang/invoke/MemberName;+45 java.base@21.0.2
v  ~StubRoutines::call_stub 0x000001a85d88100d
j  sun.reflect.annotation.AnnotationParser.parseClassArray(ILjava/nio/ByteBuffer;Ljdk/internal/reflect/ConstantPool;Ljava/lang/Class;)Ljava/lang/Object;+10 java.base@21.0.2
j  sun.reflect.annotation.AnnotationParser.parseArray(Ljava/lang/Class;Ljava/nio/ByteBuffer;Ljdk/internal/reflect/ConstantPool;Ljava/lang/Class;)Ljava/lang/Object;+185 java.base@21.0.2
j  sun.reflect.annotation.AnnotationParser.parseMemberValue(Ljava/lang/Class;Ljava/nio/ByteBuffer;Ljdk/internal/reflect/ConstantPool;Ljava/lang/Class;)Ljava/lang/Object;+87 java.base@21.0.2
j  java.lang.reflect.Method.getDefaultValue()Ljava/lang/Object;+41 java.base@21.0.2
j  sun.reflect.annotation.AnnotationType.<init>(Ljava/lang/Class;)V+216 java.base@21.0.2
j  sun.reflect.annotation.AnnotationType.getInstance(Ljava/lang/Class;)Lsun/reflect/annotation/AnnotationType;+21 java.base@21.0.2
j  sun.reflect.annotation.AnnotationParser.parseAnnotation2(Ljava/nio/ByteBuffer;Ljdk/internal/reflect/ConstantPool;Ljava/lang/Class;Z[Ljava/lang/Class;)Ljava/lang/annotation/Annotation;+103 java.base@21.0.2
j  sun.reflect.annotation.AnnotationParser.parseAnnotations2([BLjdk/internal/reflect/ConstantPool;Ljava/lang/Class;[Ljava/lang/Class;)Ljava/util/Map;+41 java.base@21.0.2
j  sun.reflect.annotation.AnnotationParser.parseAnnotations([BLjdk/internal/reflect/ConstantPool;Ljava/lang/Class;)Ljava/util/Map;+12 java.base@21.0.2
j  java.lang.reflect.Field.declaredAnnotations()Ljava/util/Map;+59 java.base@21.0.2
j  java.lang.reflect.Field.declaredAnnotations()Ljava/util/Map;+32 java.base@21.0.2
j  java.lang.reflect.Field.getAnnotation(Ljava/lang/Class;)Ljava/lang/annotation/Annotation;+7 java.base@21.0.2
j  com.beust.jcommander.Parameterized.parseArg(Ljava/lang/Object;)Ljava/util/List;+77
j  com.beust.jcommander.parser.DefaultParameterizedParser.parseArg(Ljava/lang/Object;)Ljava/util/List;+1
j  com.beust.jcommander.JCommander.addDescription(Ljava/lang/Object;)V+10
j  com.beust.jcommander.JCommander.createDescriptions()V+35
j  com.beust.jcommander.JCommander.<init>(Ljava/lang/Object;Ljava/util/ResourceBundle;[Ljava/lang/String;)V+19
j  com.beust.jcommander.JCommander.<init>(Ljava/lang/Object;Ljava/util/ResourceBundle;)V+7
j  com.beust.jcommander.JCommander.<init>(Ljava/lang/Object;)V+6
j  com.beust.jcommander.JCommander.<init>(Ljava/lang/Object;[Ljava/lang/String;)V+2
j  org.testng.remote.RemoteTestNG.main([Ljava/lang/String;)V+45
v  ~StubRoutines::call_stub 0x000001a85d88100d
new  187 new  [0x000001a85d89a6c0, 0x000001a85d89a8c8]  520 bytes
[MachCode]
  0x000001a85d89a6c0: 4883 ec08 | c5fa 1104 | 24eb 1f48 | 83ec 10c5 | fb11 0424 | eb14 4883 | ec10 4889 | 0424 48c7 
  0x000001a85d89a6e0: 4424 0800 | 0000 00eb | 0150 410f | b755 010f | cac1 ea10 | 488b 4de8 | 488b 4908 | 488b 4908 
  0x000001a85d89a700: 488b 4108 | 807c 1004 | 070f 85d3 | 0000 0066 | 8b54 d148 | 488b 4928 | 488b 4cd1 | 0851 80b9 
  0x000001a85d89a720: 2001 0000 | 050f 85b6 | 0000 008b | 5108 f6c2 | 010f 85aa | 0000 0049 | 8b87 b801 | 0000 488d 
  0x000001a85d89a740: 1c10 493b | 9fc8 0100 | 000f 8792 | 0000 0049 | 899f b801 | 0000 4883 | ea10 0f84 | 0f00 0000 
  0x000001a85d89a760: 33c9 c1ea | 0348 894c | d008 48ff | ca75 f648 | c700 0100 | 0000 5933 | f689 700c | 49ba 0000 
  0x000001a85d89a780: 0000 0800 | 0000 492b | ca89 4808 | 49ba fa45 | 5c39 fc7f | 0000 4180 | 3a00 0f84 | 3c00 0000 
  0x000001a85d89a7a0: 5048 8bc8 | 4883 ec20 | 40f6 c40f | 0f84 1900 | 0000 4883 | ec08 48b8 | 8009 0d39 | fc7f 0000 
  0x000001a85d89a7c0: ffd0 4883 | c408 e90c | 0000 0048 | b880 090d | 39fc 7f00 | 00ff d048 | 83c4 2058 | e9cb 0000 
  0x000001a85d89a7e0: 0059 488b | 55e8 488b | 5208 488b | 5208 450f | b745 0141 | 0fc8 41c1 | e810 e805 | 0000 00e9 
  0x000001a85d89a800: a800 0000 | 488d 4424 | 084c 896d | c049 8bcf | c5f8 7749 | 89af a803 | 0000 4989 | 8798 0300 
  0x000001a85d89a820: 0048 83ec | 2040 f6c4 | 0f0f 8419 | 0000 0048 | 83ec 0848 | b8c0 3bd7 | 38fc 7f00 | 00ff d048 
  0x000001a85d89a840: 83c4 08e9 | 0c00 0000 | 48b8 c03b | d738 fc7f | 0000 ffd0 | 4883 c420 | 49c7 8798 | 0300 0000 
  0x000001a85d89a860: 0000 0049 | c787 a803 | 0000 0000 | 0000 49c7 | 87a0 0300 | 0000 0000 | 00c5 f877 | 4983 7f08 
  0x000001a85d89a880: 000f 8405 | 0000 00e9 | 7466 feff | 498b 87f0 | 0300 0049 | c787 f003 | 0000 0000 | 0000 4c8b 
  0x000001a85d89a8a0: 6dc0 4c8b | 75c8 4e8d | 74f5 00c3 | 410f b65d | 0349 83c5 | 0349 ba00 | 075f 39fc | 7f00 0041 
  0x000001a85d89a8c0: ff24 da0f | 1f44 0000 
[/MachCode]

---------------  P R O C E S S  ---------------

Threads class SMR info:
_java_thread_list=0x000001a804254f50, length=11, elements={
0x000001a84bcc21b0, 0x000001a80408d000, 0x000001a80408dfc0, 0x000001a804077c70,
0x000001a8040786d0, 0x000001a804079a80, 0x000001a80407c580, 0x000001a8040739c0,
0x000001a8040998a0, 0x000001a804243e00, 0x000001a8042556c0
}

Java Threads: ( => current thread )
=>0x000001a84bcc21b0 JavaThread "main"                              [_thread_in_vm, id=13420, stack(0x0000005ae4800000,0x0000005ae4900000) (1024K)]
  0x000001a80408d000 JavaThread "Reference Handler"          daemon [_thread_blocked, id=1888, stack(0x0000005ae5100000,0x0000005ae5200000) (1024K)]
  0x000001a80408dfc0 JavaThread "Finalizer"                  daemon [_thread_blocked, id=19060, stack(0x0000005ae5200000,0x0000005ae5300000) (1024K)]
  0x000001a804077c70 JavaThread "Signal Dispatcher"          daemon [_thread_blocked, id=21688, stack(0x0000005ae5300000,0x0000005ae5400000) (1024K)]
  0x000001a8040786d0 JavaThread "Attach Listener"            daemon [_thread_blocked, id=21928, stack(0x0000005ae5400000,0x0000005ae5500000) (1024K)]
  0x000001a804079a80 JavaThread "Service Thread"             daemon [_thread_blocked, id=23108, stack(0x0000005ae5500000,0x0000005ae5600000) (1024K)]
  0x000001a80407c580 JavaThread "Monitor Deflation Thread"   daemon [_thread_blocked, id=22588, stack(0x0000005ae5600000,0x0000005ae5700000) (1024K)]
  0x000001a8040739c0 JavaThread "C2 CompilerThread0"         daemon [_thread_blocked, id=19160, stack(0x0000005ae5700000,0x0000005ae5800000) (1024K)]
  0x000001a8040998a0 JavaThread "C1 CompilerThread0"         daemon [_thread_blocked, id=21304, stack(0x0000005ae5800000,0x0000005ae5900000) (1024K)]
  0x000001a804243e00 JavaThread "Notification Thread"        daemon [_thread_blocked, id=4136, stack(0x0000005ae5900000,0x0000005ae5a00000) (1024K)]
  0x000001a8042556c0 JavaThread "Common-Cleaner"             daemon [_thread_blocked, id=20552, stack(0x0000005ae5a00000,0x0000005ae5b00000) (1024K)]
Total: 11

Other Threads:
  0x000001a804029c30 VMThread "VM Thread"                           [id=8100, stack(0x0000005ae4f00000,0x0000005ae5000000) (1024K)]
  0x000001a86d366390 WatcherThread "VM Periodic Task Thread"        [id=21056, stack(0x0000005ae4e00000,0x0000005ae4f00000) (1024K)]
  0x000001a84df58d80 WorkerThread "GC Thread#0"                     [id=23508, stack(0x0000005ae4900000,0x0000005ae4a00000) (1024K)]
  0x000001a84df6b000 ConcurrentGCThread "G1 Main Marker"            [id=18968, stack(0x0000005ae4a00000,0x0000005ae4b00000) (1024K)]
  0x000001a84df6c350 WorkerThread "G1 Conc#0"                       [id=23192, stack(0x0000005ae4b00000,0x0000005ae4c00000) (1024K)]
  0x000001a86d239580 ConcurrentGCThread "G1 Refine#0"               [id=8392, stack(0x0000005ae4c00000,0x0000005ae4d00000) (1024K)]
  0x000001a86d239f00 ConcurrentGCThread "G1 Service"                [id=22984, stack(0x0000005ae4d00000,0x0000005ae4e00000) (1024K)]
Total: 7

Threads with active compile tasks:
Total: 0

VM state: not at safepoint (normal execution)

VM Mutex/Monitor currently owned by a thread:  ([mutex/lock_event])
[0x00007ffc395dace8] Metaspace_lock - owner thread: 0x000001a84bcc21b0

Heap address: 0x0000000704800000, size: 4024 MB, Compressed Oops mode: Zero based, Oop shift amount: 3

CDS archive(s) not mapped
Compressed class space mapped at: 0x0000000800000000-0x0000000840000000, reserved size: 1073741824
Narrow klass base: 0x0000000800000000, Narrow klass shift: 0, Narrow klass range: 0x40000000

GC Precious Log:
 CardTable entry size: 512
 Card Set container configuration: InlinePtr #cards 4 size 8 Array Of Cards #cards 16 size 48 Howl #buckets 8 coarsen threshold 3686 Howl Bitmap #cards 512 size 80 coarsen threshold 460 Card regions per heap region 1 cards per card region 4096
 CPUs: 12 total, 12 available
 Memory: 16095M
 Large Page Support: Disabled
 NUMA Support: Disabled
 Compressed Oops: Enabled (Zero based)
 Heap Region Size: 2M
 Heap Min Capacity: 8M
 Heap Initial Capacity: 252M
 Heap Max Capacity: 4024M
 Pre-touch: Disabled
 Parallel Workers: 10
 Concurrent Workers: 3
 Concurrent Refinement Workers: 10
 Periodic GC: Disabled

Heap:
 garbage-first heap   total 258048K, used 2048K [0x0000000704800000, 0x0000000800000000)
  region size 2048K, 2 young (4096K), 0 survivors (0K)
 Metaspace       used 6505K, committed 6592K, reserved 1114112K
  class space    used 526K, committed 576K, reserved 1048576K

Heap Regions: E=young(eden), S=young(survivor), O=old, HS=humongous(starts), HC=humongous(continues), CS=collection set, F=free, TAMS=top-at-mark-start, PB=parsable bottom
|   0|0x0000000704800000, 0x0000000704800000, 0x0000000704a00000|  0%| F|  |TAMS 0x0000000704800000| PB 0x0000000704800000| Untracked 
|   1|0x0000000704a00000, 0x0000000704a00000, 0x0000000704c00000|  0%| F|  |TAMS 0x0000000704a00000| PB 0x0000000704a00000| Untracked 
|   2|0x0000000704c00000, 0x0000000704c00000, 0x0000000704e00000|  0%| F|  |TAMS 0x0000000704c00000| PB 0x0000000704c00000| Untracked 
|   3|0x0000000704e00000, 0x0000000704e00000, 0x0000000705000000|  0%| F|  |TAMS 0x0000000704e00000| PB 0x0000000704e00000| Untracked 
|   4|0x0000000705000000, 0x0000000705000000, 0x0000000705200000|  0%| F|  |TAMS 0x0000000705000000| PB 0x0000000705000000| Untracked 
|   5|0x0000000705200000, 0x0000000705200000, 0x0000000705400000|  0%| F|  |TAMS 0x0000000705200000| PB 0x0000000705200000| Untracked 
|   6|0x0000000705400000, 0x0000000705400000, 0x0000000705600000|  0%| F|  |TAMS 0x0000000705400000| PB 0x0000000705400000| Untracked 
|   7|0x0000000705600000, 0x0000000705600000, 0x0000000705800000|  0%| F|  |TAMS 0x0000000705600000| PB 0x0000000705600000| Untracked 
|   8|0x0000000705800000, 0x0000000705800000, 0x0000000705a00000|  0%| F|  |TAMS 0x0000000705800000| PB 0x0000000705800000| Untracked 
|   9|0x0000000705a00000, 0x0000000705a00000, 0x0000000705c00000|  0%| F|  |TAMS 0x0000000705a00000| PB 0x0000000705a00000| Untracked 
|  10|0x0000000705c00000, 0x0000000705c00000, 0x0000000705e00000|  0%| F|  |TAMS 0x0000000705c00000| PB 0x0000000705c00000| Untracked 
|  11|0x0000000705e00000, 0x0000000705e00000, 0x0000000706000000|  0%| F|  |TAMS 0x0000000705e00000| PB 0x0000000705e00000| Untracked 
|  12|0x0000000706000000, 0x0000000706000000, 0x0000000706200000|  0%| F|  |TAMS 0x0000000706000000| PB 0x0000000706000000| Untracked 
|  13|0x0000000706200000, 0x0000000706200000, 0x0000000706400000|  0%| F|  |TAMS 0x0000000706200000| PB 0x0000000706200000| Untracked 
|  14|0x0000000706400000, 0x0000000706400000, 0x0000000706600000|  0%| F|  |TAMS 0x0000000706400000| PB 0x0000000706400000| Untracked 
|  15|0x0000000706600000, 0x0000000706600000, 0x0000000706800000|  0%| F|  |TAMS 0x0000000706600000| PB 0x0000000706600000| Untracked 
|  16|0x0000000706800000, 0x0000000706800000, 0x0000000706a00000|  0%| F|  |TAMS 0x0000000706800000| PB 0x0000000706800000| Untracked 
|  17|0x0000000706a00000, 0x0000000706a00000, 0x0000000706c00000|  0%| F|  |TAMS 0x0000000706a00000| PB 0x0000000706a00000| Untracked 
|  18|0x0000000706c00000, 0x0000000706c00000, 0x0000000706e00000|  0%| F|  |TAMS 0x0000000706c00000| PB 0x0000000706c00000| Untracked 
|  19|0x0000000706e00000, 0x0000000706e00000, 0x0000000707000000|  0%| F|  |TAMS 0x0000000706e00000| PB 0x0000000706e00000| Untracked 
|  20|0x0000000707000000, 0x0000000707000000, 0x0000000707200000|  0%| F|  |TAMS 0x0000000707000000| PB 0x0000000707000000| Untracked 
|  21|0x0000000707200000, 0x0000000707200000, 0x0000000707400000|  0%| F|  |TAMS 0x0000000707200000| PB 0x0000000707200000| Untracked 
|  22|0x0000000707400000, 0x0000000707400000, 0x0000000707600000|  0%| F|  |TAMS 0x0000000707400000| PB 0x0000000707400000| Untracked 
|  23|0x0000000707600000, 0x0000000707600000, 0x0000000707800000|  0%| F|  |TAMS 0x0000000707600000| PB 0x0000000707600000| Untracked 
|  24|0x0000000707800000, 0x0000000707800000, 0x0000000707a00000|  0%| F|  |TAMS 0x0000000707800000| PB 0x0000000707800000| Untracked 
|  25|0x0000000707a00000, 0x0000000707a00000, 0x0000000707c00000|  0%| F|  |TAMS 0x0000000707a00000| PB 0x0000000707a00000| Untracked 
|  26|0x0000000707c00000, 0x0000000707c00000, 0x0000000707e00000|  0%| F|  |TAMS 0x0000000707c00000| PB 0x0000000707c00000| Untracked 
|  27|0x0000000707e00000, 0x0000000707e00000, 0x0000000708000000|  0%| F|  |TAMS 0x0000000707e00000| PB 0x0000000707e00000| Untracked 
|  28|0x0000000708000000, 0x0000000708000000, 0x0000000708200000|  0%| F|  |TAMS 0x0000000708000000| PB 0x0000000708000000| Untracked 
|  29|0x0000000708200000, 0x0000000708200000, 0x0000000708400000|  0%| F|  |TAMS 0x0000000708200000| PB 0x0000000708200000| Untracked 
|  30|0x0000000708400000, 0x0000000708400000, 0x0000000708600000|  0%| F|  |TAMS 0x0000000708400000| PB 0x0000000708400000| Untracked 
|  31|0x0000000708600000, 0x0000000708600000, 0x0000000708800000|  0%| F|  |TAMS 0x0000000708600000| PB 0x0000000708600000| Untracked 
|  32|0x0000000708800000, 0x0000000708800000, 0x0000000708a00000|  0%| F|  |TAMS 0x0000000708800000| PB 0x0000000708800000| Untracked 
|  33|0x0000000708a00000, 0x0000000708a00000, 0x0000000708c00000|  0%| F|  |TAMS 0x0000000708a00000| PB 0x0000000708a00000| Untracked 
|  34|0x0000000708c00000, 0x0000000708c00000, 0x0000000708e00000|  0%| F|  |TAMS 0x0000000708c00000| PB 0x0000000708c00000| Untracked 
|  35|0x0000000708e00000, 0x0000000708e00000, 0x0000000709000000|  0%| F|  |TAMS 0x0000000708e00000| PB 0x0000000708e00000| Untracked 
|  36|0x0000000709000000, 0x0000000709000000, 0x0000000709200000|  0%| F|  |TAMS 0x0000000709000000| PB 0x0000000709000000| Untracked 
|  37|0x0000000709200000, 0x0000000709200000, 0x0000000709400000|  0%| F|  |TAMS 0x0000000709200000| PB 0x0000000709200000| Untracked 
|  38|0x0000000709400000, 0x0000000709400000, 0x0000000709600000|  0%| F|  |TAMS 0x0000000709400000| PB 0x0000000709400000| Untracked 
|  39|0x0000000709600000, 0x0000000709600000, 0x0000000709800000|  0%| F|  |TAMS 0x0000000709600000| PB 0x0000000709600000| Untracked 
|  40|0x0000000709800000, 0x0000000709800000, 0x0000000709a00000|  0%| F|  |TAMS 0x0000000709800000| PB 0x0000000709800000| Untracked 
|  41|0x0000000709a00000, 0x0000000709a00000, 0x0000000709c00000|  0%| F|  |TAMS 0x0000000709a00000| PB 0x0000000709a00000| Untracked 
|  42|0x0000000709c00000, 0x0000000709c00000, 0x0000000709e00000|  0%| F|  |TAMS 0x0000000709c00000| PB 0x0000000709c00000| Untracked 
|  43|0x0000000709e00000, 0x0000000709e00000, 0x000000070a000000|  0%| F|  |TAMS 0x0000000709e00000| PB 0x0000000709e00000| Untracked 
|  44|0x000000070a000000, 0x000000070a000000, 0x000000070a200000|  0%| F|  |TAMS 0x000000070a000000| PB 0x000000070a000000| Untracked 
|  45|0x000000070a200000, 0x000000070a200000, 0x000000070a400000|  0%| F|  |TAMS 0x000000070a200000| PB 0x000000070a200000| Untracked 
|  46|0x000000070a400000, 0x000000070a400000, 0x000000070a600000|  0%| F|  |TAMS 0x000000070a400000| PB 0x000000070a400000| Untracked 
|  47|0x000000070a600000, 0x000000070a600000, 0x000000070a800000|  0%| F|  |TAMS 0x000000070a600000| PB 0x000000070a600000| Untracked 
|  48|0x000000070a800000, 0x000000070a800000, 0x000000070aa00000|  0%| F|  |TAMS 0x000000070a800000| PB 0x000000070a800000| Untracked 
|  49|0x000000070aa00000, 0x000000070aa00000, 0x000000070ac00000|  0%| F|  |TAMS 0x000000070aa00000| PB 0x000000070aa00000| Untracked 
|  50|0x000000070ac00000, 0x000000070ac00000, 0x000000070ae00000|  0%| F|  |TAMS 0x000000070ac00000| PB 0x000000070ac00000| Untracked 
|  51|0x000000070ae00000, 0x000000070ae00000, 0x000000070b000000|  0%| F|  |TAMS 0x000000070ae00000| PB 0x000000070ae00000| Untracked 
|  52|0x000000070b000000, 0x000000070b000000, 0x000000070b200000|  0%| F|  |TAMS 0x000000070b000000| PB 0x000000070b000000| Untracked 
|  53|0x000000070b200000, 0x000000070b200000, 0x000000070b400000|  0%| F|  |TAMS 0x000000070b200000| PB 0x000000070b200000| Untracked 
|  54|0x000000070b400000, 0x000000070b400000, 0x000000070b600000|  0%| F|  |TAMS 0x000000070b400000| PB 0x000000070b400000| Untracked 
|  55|0x000000070b600000, 0x000000070b600000, 0x000000070b800000|  0%| F|  |TAMS 0x000000070b600000| PB 0x000000070b600000| Untracked 
|  56|0x000000070b800000, 0x000000070b800000, 0x000000070ba00000|  0%| F|  |TAMS 0x000000070b800000| PB 0x000000070b800000| Untracked 
|  57|0x000000070ba00000, 0x000000070ba00000, 0x000000070bc00000|  0%| F|  |TAMS 0x000000070ba00000| PB 0x000000070ba00000| Untracked 
|  58|0x000000070bc00000, 0x000000070bc00000, 0x000000070be00000|  0%| F|  |TAMS 0x000000070bc00000| PB 0x000000070bc00000| Untracked 
|  59|0x000000070be00000, 0x000000070be00000, 0x000000070c000000|  0%| F|  |TAMS 0x000000070be00000| PB 0x000000070be00000| Untracked 
|  60|0x000000070c000000, 0x000000070c000000, 0x000000070c200000|  0%| F|  |TAMS 0x000000070c000000| PB 0x000000070c000000| Untracked 
|  61|0x000000070c200000, 0x000000070c200000, 0x000000070c400000|  0%| F|  |TAMS 0x000000070c200000| PB 0x000000070c200000| Untracked 
|  62|0x000000070c400000, 0x000000070c400000, 0x000000070c600000|  0%| F|  |TAMS 0x000000070c400000| PB 0x000000070c400000| Untracked 
|  63|0x000000070c600000, 0x000000070c600000, 0x000000070c800000|  0%| F|  |TAMS 0x000000070c600000| PB 0x000000070c600000| Untracked 
|  64|0x000000070c800000, 0x000000070c800000, 0x000000070ca00000|  0%| F|  |TAMS 0x000000070c800000| PB 0x000000070c800000| Untracked 
|  65|0x000000070ca00000, 0x000000070ca00000, 0x000000070cc00000|  0%| F|  |TAMS 0x000000070ca00000| PB 0x000000070ca00000| Untracked 
|  66|0x000000070cc00000, 0x000000070cc00000, 0x000000070ce00000|  0%| F|  |TAMS 0x000000070cc00000| PB 0x000000070cc00000| Untracked 
|  67|0x000000070ce00000, 0x000000070ce00000, 0x000000070d000000|  0%| F|  |TAMS 0x000000070ce00000| PB 0x000000070ce00000| Untracked 
|  68|0x000000070d000000, 0x000000070d000000, 0x000000070d200000|  0%| F|  |TAMS 0x000000070d000000| PB 0x000000070d000000| Untracked 
|  69|0x000000070d200000, 0x000000070d200000, 0x000000070d400000|  0%| F|  |TAMS 0x000000070d200000| PB 0x000000070d200000| Untracked 
|  70|0x000000070d400000, 0x000000070d400000, 0x000000070d600000|  0%| F|  |TAMS 0x000000070d400000| PB 0x000000070d400000| Untracked 
|  71|0x000000070d600000, 0x000000070d600000, 0x000000070d800000|  0%| F|  |TAMS 0x000000070d600000| PB 0x000000070d600000| Untracked 
|  72|0x000000070d800000, 0x000000070d800000, 0x000000070da00000|  0%| F|  |TAMS 0x000000070d800000| PB 0x000000070d800000| Untracked 
|  73|0x000000070da00000, 0x000000070da00000, 0x000000070dc00000|  0%| F|  |TAMS 0x000000070da00000| PB 0x000000070da00000| Untracked 
|  74|0x000000070dc00000, 0x000000070dc00000, 0x000000070de00000|  0%| F|  |TAMS 0x000000070dc00000| PB 0x000000070dc00000| Untracked 
|  75|0x000000070de00000, 0x000000070de00000, 0x000000070e000000|  0%| F|  |TAMS 0x000000070de00000| PB 0x000000070de00000| Untracked 
|  76|0x000000070e000000, 0x000000070e000000, 0x000000070e200000|  0%| F|  |TAMS 0x000000070e000000| PB 0x000000070e000000| Untracked 
|  77|0x000000070e200000, 0x000000070e200000, 0x000000070e400000|  0%| F|  |TAMS 0x000000070e200000| PB 0x000000070e200000| Untracked 
|  78|0x000000070e400000, 0x000000070e400000, 0x000000070e600000|  0%| F|  |TAMS 0x000000070e400000| PB 0x000000070e400000| Untracked 
|  79|0x000000070e600000, 0x000000070e600000, 0x000000070e800000|  0%| F|  |TAMS 0x000000070e600000| PB 0x000000070e600000| Untracked 
|  80|0x000000070e800000, 0x000000070e800000, 0x000000070ea00000|  0%| F|  |TAMS 0x000000070e800000| PB 0x000000070e800000| Untracked 
|  81|0x000000070ea00000, 0x000000070ea00000, 0x000000070ec00000|  0%| F|  |TAMS 0x000000070ea00000| PB 0x000000070ea00000| Untracked 
|  82|0x000000070ec00000, 0x000000070ec00000, 0x000000070ee00000|  0%| F|  |TAMS 0x000000070ec00000| PB 0x000000070ec00000| Untracked 
|  83|0x000000070ee00000, 0x000000070ee00000, 0x000000070f000000|  0%| F|  |TAMS 0x000000070ee00000| PB 0x000000070ee00000| Untracked 
|  84|0x000000070f000000, 0x000000070f000000, 0x000000070f200000|  0%| F|  |TAMS 0x000000070f000000| PB 0x000000070f000000| Untracked 
|  85|0x000000070f200000, 0x000000070f200000, 0x000000070f400000|  0%| F|  |TAMS 0x000000070f200000| PB 0x000000070f200000| Untracked 
|  86|0x000000070f400000, 0x000000070f400000, 0x000000070f600000|  0%| F|  |TAMS 0x000000070f400000| PB 0x000000070f400000| Untracked 
|  87|0x000000070f600000, 0x000000070f600000, 0x000000070f800000|  0%| F|  |TAMS 0x000000070f600000| PB 0x000000070f600000| Untracked 
|  88|0x000000070f800000, 0x000000070f800000, 0x000000070fa00000|  0%| F|  |TAMS 0x000000070f800000| PB 0x000000070f800000| Untracked 
|  89|0x000000070fa00000, 0x000000070fa00000, 0x000000070fc00000|  0%| F|  |TAMS 0x000000070fa00000| PB 0x000000070fa00000| Untracked 
|  90|0x000000070fc00000, 0x000000070fc00000, 0x000000070fe00000|  0%| F|  |TAMS 0x000000070fc00000| PB 0x000000070fc00000| Untracked 
|  91|0x000000070fe00000, 0x000000070fe00000, 0x0000000710000000|  0%| F|  |TAMS 0x000000070fe00000| PB 0x000000070fe00000| Untracked 
|  92|0x0000000710000000, 0x0000000710000000, 0x0000000710200000|  0%| F|  |TAMS 0x0000000710000000| PB 0x0000000710000000| Untracked 
|  93|0x0000000710200000, 0x0000000710200000, 0x0000000710400000|  0%| F|  |TAMS 0x0000000710200000| PB 0x0000000710200000| Untracked 
|  94|0x0000000710400000, 0x0000000710400000, 0x0000000710600000|  0%| F|  |TAMS 0x0000000710400000| PB 0x0000000710400000| Untracked 
|  95|0x0000000710600000, 0x0000000710600000, 0x0000000710800000|  0%| F|  |TAMS 0x0000000710600000| PB 0x0000000710600000| Untracked 
|  96|0x0000000710800000, 0x0000000710800000, 0x0000000710a00000|  0%| F|  |TAMS 0x0000000710800000| PB 0x0000000710800000| Untracked 
|  97|0x0000000710a00000, 0x0000000710a00000, 0x0000000710c00000|  0%| F|  |TAMS 0x0000000710a00000| PB 0x0000000710a00000| Untracked 
|  98|0x0000000710c00000, 0x0000000710c00000, 0x0000000710e00000|  0%| F|  |TAMS 0x0000000710c00000| PB 0x0000000710c00000| Untracked 
|  99|0x0000000710e00000, 0x0000000710e00000, 0x0000000711000000|  0%| F|  |TAMS 0x0000000710e00000| PB 0x0000000710e00000| Untracked 
| 100|0x0000000711000000, 0x0000000711000000, 0x0000000711200000|  0%| F|  |TAMS 0x0000000711000000| PB 0x0000000711000000| Untracked 
| 101|0x0000000711200000, 0x0000000711200000, 0x0000000711400000|  0%| F|  |TAMS 0x0000000711200000| PB 0x0000000711200000| Untracked 
| 102|0x0000000711400000, 0x0000000711400000, 0x0000000711600000|  0%| F|  |TAMS 0x0000000711400000| PB 0x0000000711400000| Untracked 
| 103|0x0000000711600000, 0x0000000711600000, 0x0000000711800000|  0%| F|  |TAMS 0x0000000711600000| PB 0x0000000711600000| Untracked 
| 104|0x0000000711800000, 0x0000000711800000, 0x0000000711a00000|  0%| F|  |TAMS 0x0000000711800000| PB 0x0000000711800000| Untracked 
| 105|0x0000000711a00000, 0x0000000711a00000, 0x0000000711c00000|  0%| F|  |TAMS 0x0000000711a00000| PB 0x0000000711a00000| Untracked 
| 106|0x0000000711c00000, 0x0000000711c00000, 0x0000000711e00000|  0%| F|  |TAMS 0x0000000711c00000| PB 0x0000000711c00000| Untracked 
| 107|0x0000000711e00000, 0x0000000711e00000, 0x0000000712000000|  0%| F|  |TAMS 0x0000000711e00000| PB 0x0000000711e00000| Untracked 
| 108|0x0000000712000000, 0x0000000712000000, 0x0000000712200000|  0%| F|  |TAMS 0x0000000712000000| PB 0x0000000712000000| Untracked 
| 109|0x0000000712200000, 0x0000000712200000, 0x0000000712400000|  0%| F|  |TAMS 0x0000000712200000| PB 0x0000000712200000| Untracked 
| 110|0x0000000712400000, 0x0000000712400000, 0x0000000712600000|  0%| F|  |TAMS 0x0000000712400000| PB 0x0000000712400000| Untracked 
| 111|0x0000000712600000, 0x0000000712600000, 0x0000000712800000|  0%| F|  |TAMS 0x0000000712600000| PB 0x0000000712600000| Untracked 
| 112|0x0000000712800000, 0x0000000712800000, 0x0000000712a00000|  0%| F|  |TAMS 0x0000000712800000| PB 0x0000000712800000| Untracked 
| 113|0x0000000712a00000, 0x0000000712a00000, 0x0000000712c00000|  0%| F|  |TAMS 0x0000000712a00000| PB 0x0000000712a00000| Untracked 
| 114|0x0000000712c00000, 0x0000000712c00000, 0x0000000712e00000|  0%| F|  |TAMS 0x0000000712c00000| PB 0x0000000712c00000| Untracked 
| 115|0x0000000712e00000, 0x0000000712e00000, 0x0000000713000000|  0%| F|  |TAMS 0x0000000712e00000| PB 0x0000000712e00000| Untracked 
| 116|0x0000000713000000, 0x0000000713000000, 0x0000000713200000|  0%| F|  |TAMS 0x0000000713000000| PB 0x0000000713000000| Untracked 
| 117|0x0000000713200000, 0x0000000713200000, 0x0000000713400000|  0%| F|  |TAMS 0x0000000713200000| PB 0x0000000713200000| Untracked 
| 118|0x0000000713400000, 0x0000000713400000, 0x0000000713600000|  0%| F|  |TAMS 0x0000000713400000| PB 0x0000000713400000| Untracked 
| 119|0x0000000713600000, 0x0000000713600000, 0x0000000713800000|  0%| F|  |TAMS 0x0000000713600000| PB 0x0000000713600000| Untracked 
| 120|0x0000000713800000, 0x0000000713800000, 0x0000000713a00000|  0%| F|  |TAMS 0x0000000713800000| PB 0x0000000713800000| Untracked 
| 121|0x0000000713a00000, 0x0000000713a00000, 0x0000000713c00000|  0%| F|  |TAMS 0x0000000713a00000| PB 0x0000000713a00000| Untracked 
| 122|0x0000000713c00000, 0x0000000713c00000, 0x0000000713e00000|  0%| F|  |TAMS 0x0000000713c00000| PB 0x0000000713c00000| Untracked 
| 123|0x0000000713e00000, 0x0000000713e00000, 0x0000000714000000|  0%| F|  |TAMS 0x0000000713e00000| PB 0x0000000713e00000| Untracked 
| 124|0x0000000714000000, 0x000000071415d9c0, 0x0000000714200000| 68%| E|  |TAMS 0x0000000714000000| PB 0x0000000714000000| Complete 
| 125|0x0000000714200000, 0x0000000714400000, 0x0000000714400000|100%| E|CS|TAMS 0x0000000714200000| PB 0x0000000714200000| Complete 

Card table byte_map: [0x000001a866080000,0x000001a866860000] _byte_map_base: 0x000001a86285c000

Marking Bits: (CMBitMap*) 0x000001a84df59380
 Bits: [0x000001a866860000, 0x000001a86a740000)

Polling page: 0x000001a84bef0000

Metaspace:

Usage:
  Non-class:      5.84 MB used.
      Class:    526.21 KB used.
       Both:      6.35 MB used.

Virtual space:
  Non-class space:       64.00 MB reserved,       5.88 MB (  9%) committed,  1 nodes.
      Class space:        1.00 GB reserved,     576.00 KB ( <1%) committed,  1 nodes.
             Both:        1.06 GB reserved,       6.44 MB ( <1%) committed. 

Chunk freelists:
   Non-Class:  10.09 MB
       Class:  15.25 MB
        Both:  25.34 MB

MaxMetaspaceSize: unlimited
CompressedClassSpaceSize: 1.00 GB
Initial GC threshold: 21.00 MB
Current GC threshold: 21.00 MB
CDS: off
 - commit_granule_bytes: 65536.
 - commit_granule_words: 8192.
 - virtual_space_node_default_size: 8388608.
 - enlarge_chunks_in_place: 1.
 - use_allocation_guard: 0.


Internal statistics:

num_allocs_failed_limit: 0.
num_arena_births: 4.
num_arena_deaths: 0.
num_vsnodes_births: 2.
num_vsnodes_deaths: 0.
num_space_committed: 103.
num_space_uncommitted: 0.
num_chunks_returned_to_freelist: 0.
num_chunks_taken_from_freelist: 22.
num_chunk_merges: 0.
num_chunk_splits: 11.
num_chunks_enlarged: 8.
num_inconsistent_stats: 0.

CodeHeap 'non-profiled nmethods': size=120000Kb used=43Kb max_used=43Kb free=119956Kb
 bounds [0x000001a85de20000, 0x000001a85e090000, 0x000001a865350000]
CodeHeap 'profiled nmethods': size=120000Kb used=246Kb max_used=246Kb free=119753Kb
 bounds [0x000001a856350000, 0x000001a8565c0000, 0x000001a85d880000]
CodeHeap 'non-nmethods': size=5760Kb used=1265Kb max_used=1265Kb free=4494Kb
 bounds [0x000001a85d880000, 0x000001a85daf0000, 0x000001a85de20000]
 total_blobs=572 nmethods=188 adapters=289
 compilation: enabled
              stopped_count=0, restarted_count=0
 full_count=0

Compilation events (20 events):
Event: 0.210 Thread 0x000001a8040998a0  175       1       java.net.URL::getQuery (5 bytes)
Event: 0.210 Thread 0x000001a8040998a0 nmethod 175 0x000001a85de29310 code [0x000001a85de294a0, 0x000001a85de29570]
Event: 0.210 Thread 0x000001a8040998a0  176       1       java.net.URL::getRef (5 bytes)
Event: 0.210 Thread 0x000001a8040998a0 nmethod 176 0x000001a85de29610 code [0x000001a85de297a0, 0x000001a85de29870]
Event: 0.211 Thread 0x000001a8040998a0  177       3       java.lang.String::replace (42 bytes)
Event: 0.211 Thread 0x000001a8040998a0 nmethod 177 0x000001a85638b490 code [0x000001a85638b660, 0x000001a85638b990]
Event: 0.212 Thread 0x000001a8040998a0  178       1       jdk.internal.loader.URLClassPath$Loader::getBaseURL (5 bytes)
Event: 0.212 Thread 0x000001a8040998a0 nmethod 178 0x000001a85de29910 code [0x000001a85de29aa0, 0x000001a85de29b70]
Event: 0.212 Thread 0x000001a8040998a0  179       3       java.lang.StringLatin1::indexOf (37 bytes)
Event: 0.212 Thread 0x000001a8040998a0 nmethod 179 0x000001a85638ba90 code [0x000001a85638bc80, 0x000001a85638c070]
Event: 0.212 Thread 0x000001a8040998a0  180       3       sun.net.www.ParseUtil::firstEncodeIndex (86 bytes)
Event: 0.212 Thread 0x000001a8040998a0 nmethod 180 0x000001a85638c210 code [0x000001a85638c460, 0x000001a85638ce28]
Event: 0.212 Thread 0x000001a8040998a0  181       1       java.security.CodeSource::getLocationNoFragString (5 bytes)
Event: 0.212 Thread 0x000001a8040998a0 nmethod 181 0x000001a85de29c10 code [0x000001a85de29da0, 0x000001a85de29e70]
Event: 0.212 Thread 0x000001a8040998a0  182       3       java.util.HashMap::put (13 bytes)
Event: 0.213 Thread 0x000001a8040998a0 nmethod 182 0x000001a85638d190 code [0x000001a85638d360, 0x000001a85638d668]
Event: 0.221 Thread 0x000001a8040998a0  184       1       java.lang.Enum::ordinal (5 bytes)
Event: 0.221 Thread 0x000001a8040998a0 nmethod 184 0x000001a85de2a210 code [0x000001a85de2a3a0, 0x000001a85de2a468]
Event: 0.228 Thread 0x000001a8040998a0  188       3       java.lang.Class::getName (18 bytes)
Event: 0.228 Thread 0x000001a8040998a0 nmethod 188 0x000001a85638d790 code [0x000001a85638d940, 0x000001a85638dad8]

GC Heap History (0 events):
No events

Dll operation events (5 events):
Event: 0.022 Loaded shared library C:\Program Files\Java\jdk-21\bin\java.dll
Event: 0.073 Loaded shared library C:\Program Files\Java\jdk-21\bin\jsvml.dll
Event: 0.132 Loaded shared library C:\Program Files\Java\jdk-21\bin\net.dll
Event: 0.134 Loaded shared library C:\Program Files\Java\jdk-21\bin\nio.dll
Event: 0.146 Loaded shared library C:\Program Files\Java\jdk-21\bin\zip.dll

Deoptimization events (6 events):
Event: 0.122 Thread 0x000001a84bcc21b0 Uncommon trap: trap_request=0xffffff45 fr.pc=0x000001a85de23b64 relative=0x00000000000000c4
Event: 0.122 Thread 0x000001a84bcc21b0 Uncommon trap: reason=unstable_if action=reinterpret pc=0x000001a85de23b64 method=java.lang.String.isLatin1()Z @ 10 c2
Event: 0.122 Thread 0x000001a84bcc21b0 DEOPT PACKING pc=0x000001a85de23b64 sp=0x0000005ae48fefc0
Event: 0.122 Thread 0x000001a84bcc21b0 DEOPT UNPACKING pc=0x000001a85d8d46a2 sp=0x0000005ae48fef00 mode 2
Event: 0.212 Thread 0x000001a84bcc21b0 DEOPT PACKING pc=0x000001a856369d78 sp=0x0000005ae48fbc40
Event: 0.212 Thread 0x000001a84bcc21b0 DEOPT UNPACKING pc=0x000001a85d8d4e42 sp=0x0000005ae48fb060 mode 0

Classes loaded (20 events):
Event: 0.226 Loading class jdk/internal/org/objectweb/asm/ClassWriter
Event: 0.226 Loading class jdk/internal/org/objectweb/asm/ClassVisitor
Event: 0.226 Loading class jdk/internal/org/objectweb/asm/ClassVisitor done
Event: 0.227 Loading class jdk/internal/org/objectweb/asm/ClassWriter done
Event: 0.227 Loading class jdk/internal/org/objectweb/asm/SymbolTable
Event: 0.227 Loading class jdk/internal/org/objectweb/asm/SymbolTable done
Event: 0.227 Loading class jdk/internal/org/objectweb/asm/SymbolTable$Entry
Event: 0.227 Loading class jdk/internal/org/objectweb/asm/Symbol
Event: 0.227 Loading class jdk/internal/org/objectweb/asm/Symbol done
Event: 0.227 Loading class jdk/internal/org/objectweb/asm/SymbolTable$Entry done
Event: 0.227 Loading class jdk/internal/org/objectweb/asm/ByteVector
Event: 0.227 Loading class jdk/internal/org/objectweb/asm/ByteVector done
Event: 0.227 Loading class java/lang/invoke/LambdaProxyClassArchive
Event: 0.227 Loading class java/lang/invoke/LambdaProxyClassArchive done
Event: 0.228 Loading class jdk/internal/org/objectweb/asm/FieldWriter
Event: 0.228 Loading class jdk/internal/org/objectweb/asm/FieldVisitor
Event: 0.228 Loading class jdk/internal/org/objectweb/asm/FieldVisitor done
Event: 0.228 Loading class jdk/internal/org/objectweb/asm/FieldWriter done
Event: 0.228 Loading class jdk/internal/org/objectweb/asm/MethodWriter
Event: 0.229 Loading class jdk/internal/org/objectweb/asm/MethodVisitor

Classes unloaded (0 events):
No events

Classes redefined (0 events):
No events

Internal exceptions (0 events):
No events

ZGC Phase Switch (0 events):
No events

VM Operations (2 events):
Event: 0.148 Executing VM operation: HandshakeAllThreads (Deoptimize)
Event: 0.148 Executing VM operation: HandshakeAllThreads (Deoptimize) done

Events (11 events):
Event: 0.030 Thread 0x000001a84bcc21b0 Thread added: 0x000001a84bcc21b0
Event: 0.070 Thread 0x000001a80408d000 Thread added: 0x000001a80408d000
Event: 0.070 Thread 0x000001a80408dfc0 Thread added: 0x000001a80408dfc0
Event: 0.071 Thread 0x000001a804077c70 Thread added: 0x000001a804077c70
Event: 0.071 Thread 0x000001a8040786d0 Thread added: 0x000001a8040786d0
Event: 0.071 Thread 0x000001a804079a80 Thread added: 0x000001a804079a80
Event: 0.071 Thread 0x000001a80407c580 Thread added: 0x000001a80407c580
Event: 0.071 Thread 0x000001a8040739c0 Thread added: 0x000001a8040739c0
Event: 0.071 Thread 0x000001a8040998a0 Thread added: 0x000001a8040998a0
Event: 0.120 Thread 0x000001a804243e00 Thread added: 0x000001a804243e00
Event: 0.125 Thread 0x000001a8042556c0 Thread added: 0x000001a8042556c0


Dynamic libraries:
0x00007ff751740000 - 0x00007ff751750000 	C:\Program Files\Java\jdk-21\bin\javaw.exe
0x00007ffce8350000 - 0x00007ffce8566000 	C:\windows\SYSTEM32\ntdll.dll
0x00007ffce7950000 - 0x00007ffce7a14000 	C:\windows\System32\KERNEL32.DLL
0x00007ffce5670000 - 0x00007ffce5a17000 	C:\windows\System32\KERNELBASE.dll
0x00007ffce5f60000 - 0x00007ffce6071000 	C:\windows\System32\ucrtbase.dll
0x00007ffcdbae0000 - 0x00007ffcdbaf9000 	C:\Program Files\Java\jdk-21\bin\jli.dll
0x00007ffce7fc0000 - 0x00007ffce8072000 	C:\windows\System32\ADVAPI32.dll
0x00007ffce76f0000 - 0x00007ffce7797000 	C:\windows\System32\msvcrt.dll
0x00007ffce7350000 - 0x00007ffce73f8000 	C:\windows\System32\sechost.dll
0x00007ffce5d50000 - 0x00007ffce5d78000 	C:\windows\System32\bcrypt.dll
0x00007ffce7550000 - 0x00007ffce7665000 	C:\windows\System32\RPCRT4.dll
0x00007ffce8110000 - 0x00007ffce82be000 	C:\windows\System32\USER32.dll
0x00007ffce5bb0000 - 0x00007ffce5bd6000 	C:\windows\System32\win32u.dll
0x00007ffce6100000 - 0x00007ffce6129000 	C:\windows\System32\GDI32.dll
0x00007ffce5d80000 - 0x00007ffce5e99000 	C:\windows\System32\gdi32full.dll
0x00007ffce5b10000 - 0x00007ffce5baa000 	C:\windows\System32\msvcp_win.dll
0x00007ffcc28d0000 - 0x00007ffcc28eb000 	C:\Program Files\Java\jdk-21\bin\VCRUNTIME140.dll
0x00007ffcb7e70000 - 0x00007ffcb8103000 	C:\windows\WinSxS\amd64_microsoft.windows.common-controls_6595b64144ccf1df_6.0.22621.3235_none_270f74e173860f98\COMCTL32.dll
0x00007ffcd2f10000 - 0x00007ffcd2f1a000 	C:\windows\SYSTEM32\VERSION.dll
0x00007ffce7510000 - 0x00007ffce7541000 	C:\windows\System32\IMM32.DLL
0x00007ffcc2cf0000 - 0x00007ffcc2cfc000 	C:\Program Files\Java\jdk-21\bin\vcruntime140_1.dll
0x00007ffcc2840000 - 0x00007ffcc28ce000 	C:\Program Files\Java\jdk-21\bin\msvcp140.dll
0x00007ffc389a0000 - 0x00007ffc396b7000 	C:\Program Files\Java\jdk-21\bin\server\jvm.dll
0x00007ffce7eb0000 - 0x00007ffce7f21000 	C:\windows\System32\WS2_32.dll
0x00007ffce5490000 - 0x00007ffce54dd000 	C:\windows\SYSTEM32\POWRPROF.dll
0x00007ffcdb880000 - 0x00007ffcdb8b4000 	C:\windows\SYSTEM32\WINMM.dll
0x00007ffce5470000 - 0x00007ffce5483000 	C:\windows\SYSTEM32\UMPDC.dll
0x00007ffce4670000 - 0x00007ffce4688000 	C:\windows\SYSTEM32\kernel.appcore.dll
0x00007ffcc2830000 - 0x00007ffcc283a000 	C:\Program Files\Java\jdk-21\bin\jimage.dll
0x00007ffce3030000 - 0x00007ffce3263000 	C:\windows\SYSTEM32\DBGHELP.DLL
0x00007ffce7a20000 - 0x00007ffce7da8000 	C:\windows\System32\combase.dll
0x00007ffce6130000 - 0x00007ffce6207000 	C:\windows\System32\OLEAUT32.dll
0x00007ffcbb780000 - 0x00007ffcbb7b2000 	C:\windows\SYSTEM32\dbgcore.DLL
0x00007ffce5a20000 - 0x00007ffce5a99000 	C:\windows\System32\bcryptPrimitives.dll
0x00007ffcc2810000 - 0x00007ffcc282f000 	C:\Program Files\Java\jdk-21\bin\java.dll
0x00007ffce6880000 - 0x00007ffce70dc000 	C:\windows\System32\SHELL32.dll
0x00007ffce3580000 - 0x00007ffce3e79000 	C:\windows\SYSTEM32\windows.storage.dll
0x00007ffce3440000 - 0x00007ffce357e000 	C:\windows\SYSTEM32\wintypes.dll
0x00007ffce7db0000 - 0x00007ffce7ea3000 	C:\windows\System32\SHCORE.dll
0x00007ffce7f60000 - 0x00007ffce7fbe000 	C:\windows\System32\shlwapi.dll
0x00007ffce55a0000 - 0x00007ffce55c1000 	C:\windows\SYSTEM32\profapi.dll
0x00007ffcc2730000 - 0x00007ffcc2807000 	C:\Program Files\Java\jdk-21\bin\jsvml.dll
0x00007ffcc2720000 - 0x00007ffcc2730000 	C:\Program Files\Java\jdk-21\bin\net.dll
0x00007ffcded40000 - 0x00007ffcdee76000 	C:\windows\SYSTEM32\WINHTTP.dll
0x00007ffce4ad0000 - 0x00007ffce4b39000 	C:\windows\system32\mswsock.dll
0x00007ffcc2700000 - 0x00007ffcc2716000 	C:\Program Files\Java\jdk-21\bin\nio.dll
0x00007ffcc26e0000 - 0x00007ffcc26f8000 	C:\Program Files\Java\jdk-21\bin\zip.dll

dbghelp: loaded successfully - version: 4.0.5 - missing functions: none
symbol engine: initialized successfully - sym options: 0x614 - pdb path: .;C:\Program Files\Java\jdk-21\bin;C:\windows\SYSTEM32;C:\windows\WinSxS\amd64_microsoft.windows.common-controls_6595b64144ccf1df_6.0.22621.3235_none_270f74e173860f98;C:\Program Files\Java\jdk-21\bin\server

VM Arguments:
jvm_args: -ea -Dfile.encoding=UTF-8 -Dstdout.encoding=UTF-8 -Dstderr.encoding=UTF-8 -XX:+ShowCodeDetailsInExceptionMessages 
java_command: org.testng.remote.RemoteTestNG -serport 53171 -protocol json -d C:\Users\shank\eclipse-workspace\MobileApplicationTest\test-output C:\Users\shank\AppData\Local\Temp\testng-eclipse-1839008147\testng-customsuite.xml
java_class_path (initial): C:\Users\shank\eclipse\java-2023-122\eclipse\configuration\org.eclipse.osgi\576\0\.cp\lib\testng-remote.jar;C:\Users\shank\eclipse-workspace\MobileApplicationTest\target\test-classes;C:\Users\shank\eclipse-workspace\MobileApplicationTest\target\classes;C:\Users\shank\.m2\repository\org\testng\testng\7.7.1\testng-7.7.1.jar;C:\Users\shank\.m2\repository\org\slf4j\slf4j-api\1.7.36\slf4j-api-1.7.36.jar;C:\Users\shank\.m2\repository\com\beust\jcommander\1.82\jcommander-1.82.jar;C:\Users\shank\.m2\repository\org\webjars\jquery\3.6.1\jquery-3.6.1.jar;C:\Users\shank\.m2\repository\io\appium\java-client\8.5.1\java-client-8.5.1.jar;C:\Users\shank\.m2\repository\org\seleniumhq\selenium\selenium-api\4.20.0\selenium-api-4.20.0.jar;C:\Users\shank\.m2\repository\org\seleniumhq\selenium\selenium-remote-driver\4.20.0\selenium-remote-driver-4.20.0.jar;C:\Users\shank\.m2\repository\com\google\auto\service\auto-service-annotations\1.1.1\auto-service-annotations-1.1.1.jar;C:\Users\shank\.m2\repository\com\google\guava\guava\33.1.0-jre\guava-33.1.0-jre.jar;C:\Users\shank\.m2\repository\com\google\guava\failureaccess\1.0.2\failureaccess-1.0.2.jar;C:\Users\shank\.m2\repository\com\google\guava\listenablefuture\9999.0-empty-to-avoid-conflict-with-guava\listenablefuture-9999.0-empty-to-avoid-conflict-with-guava.jar;C:\Users\shank\.m2\repository\com\google\code\findbugs\jsr305\3.0.2\jsr305-3.0.2.jar;C:\Users\shank\.m2\repository\org\checkerframework\checker-qual\3.42.0\checker-qual-3.42.0.jar;C:\Users\shank\.m2\repository\com\google\errorprone\error_prone_annotations\2.26.1\error_prone_annotations-2.26.1.jar;C:\Users\shank\.m2\repository\com\google\j2objc\j2objc-annotations\3.0.0\j2objc-annotations-3.0.0.jar;C:\Users\shank\.m2\repository\io\opentelemetry\semconv\opentelemetry-semconv\1.25.0-alpha\opentelemetry-semconv-1.25.0-alpha.jar;C:\Users\shank\.m2\repository\io\opentelemetry\opentelemetry-api\1.37.0\opentelemetry-api-1.37.0.jar;C:\Users\shank\.m2\repository\io\opentelemetry\opentelemetry-context\1.37.0\opentelemetry-context-1.37.0.jar;C:\Users\shank\.m2\repository\io\opentelemetry\opentelemetry-exporter-logging\1.37.0\opentelemetry-exporter-logging-1.37.0.jar;C:\Users\shank\.m2\repository\io\opentelemetry\opentelemetry-sdk-common\1.37.0\opentelemetry-sdk-common-1.37.0.jar;C:\Users\shank\.m2\repository\io\opentelemetry\opentelemetry-sdk-extension-autoconfigure-spi\1.37.0\opentelemetry-sdk-extension-autoconfigure-spi-1.37.0.jar;C:\Users\shank\.m2\repository\io\opentelemetry\opentelemetry-sdk-extension-autoconfigure\1.37.0\opentelemetry-sdk-extension-autoconfigure-1.37.0.jar;C:\Users\shank\.m2\repository\io\opentelemetry\opentelemetry-api-incubator\1.37.0-alpha\opentelemetry-api-incubator-1.37.0-alpha.jar;C:\Users\shank\.m2\repository\io\opentelemetry\opentelemetry-sdk-trace\1.37.0\opentelemetry-sdk-trace-1.37.0.jar;C:\Users\shank\.m2\repository\io\opentelemetry\opentelemetry-sdk\1.37.0\opentelemetry-sdk-1.37.0.jar;C:\Users\shank\.m2\repository\io\opentelemetry\opentelemetry-sdk-metrics\1.37.0\opentelemetry-sdk-metrics-1.37.0.jar;C:\Users\shank\.m2\repository\io\opentelemetry\opentelemetry-sdk-logs\1.37.0\opentelemetry-sdk-logs-1.37.0.jar;C:\Users\shank\.m2\repository\net\bytebuddy\byte-buddy\1.14.14\byte-buddy-1.14.14.jar;C:\Users\shank\.m2\repository\org\seleniumhq\selenium\selenium-http\4.20.0\selenium-http-4.20.0.jar;C:\Users\shank\.m2\repository\dev\failsafe\failsafe\3.3.2\failsafe-3.3.2.jar;C:\Users\shank\.m2\repository\org\seleniumhq\selenium\selenium-json\4.20.0\selenium-json-4.20.0.jar;C:\Users\shank\.m2\repository\org\seleniumhq\selenium\selenium-manager\4.20.0\selenium-manager-4.20.0.jar;C:\Users\shank\.m2\repository\org\seleniumhq\selenium\selenium-os\4.20.0\selenium-os-4.20.0.jar;C:\Users\shank\.m2\repository\org\apache\commons\commons-exec\1.4.0\commons-exec-1.4.0.jar;C:\Users\shank\.m2\repository\org\seleniumhq\selenium\selenium-support\4.20.0\selenium-support-4.20.0.jar;C:\Users\shank\.m2\repository\com\google\code\gson\gson\2.10.1\gson-2.10.1.jar;C:\Users\shank\.m2\repository\commons-validator\commons-validator\1.7\commons-validator-1.7.jar;C:\Users\shank\.m2\repository\commons-beanutils\commons-beanutils\1.9.4\commons-beanutils-1.9.4.jar;C:\Users\shank\.m2\repository\commons-digester\commons-digester\2.1\commons-digester-2.1.jar;C:\Users\shank\.m2\repository\commons-logging\commons-logging\1.2\commons-logging-1.2.jar;C:\Users\shank\.m2\repository\commons-collections\commons-collections\3.2.2\commons-collections-3.2.2.jar;C:\Users\shank\.m2\repository\org\apache\commons\commons-lang3\3.12.0\commons-lang3-3.12.0.jar;C:\Users\shank\.m2\repository\commons-io\commons-io\2.12.0\commons-io-2.12.0.jar
Launcher Type: SUN_STANDARD

[Global flags]
     intx CICompilerCount                          = 4                                         {product} {ergonomic}
     uint ConcGCThreads                            = 3                                         {product} {ergonomic}
     uint G1ConcRefinementThreads                  = 10                                        {product} {ergonomic}
   size_t G1HeapRegionSize                         = 2097152                                   {product} {ergonomic}
    uintx GCDrainStackTargetSize                   = 64                                        {product} {ergonomic}
   size_t InitialHeapSize                          = 264241152                                 {product} {ergonomic}
   size_t MarkStackSize                            = 4194304                                   {product} {ergonomic}
   size_t MaxHeapSize                              = 4219469824                                {product} {ergonomic}
   size_t MaxNewSize                               = 2531262464                                {product} {ergonomic}
   size_t MinHeapDeltaBytes                        = 2097152                                   {product} {ergonomic}
   size_t MinHeapSize                              = 8388608                                   {product} {ergonomic}
    uintx NonNMethodCodeHeapSize                   = 5839372                                {pd product} {ergonomic}
    uintx NonProfiledCodeHeapSize                  = 122909434                              {pd product} {ergonomic}
    uintx ProfiledCodeHeapSize                     = 122909434                              {pd product} {ergonomic}
    uintx ReservedCodeCacheSize                    = 251658240                              {pd product} {ergonomic}
     bool SegmentedCodeCache                       = true                                      {product} {ergonomic}
     bool ShowCodeDetailsInExceptionMessages       = true                                   {manageable} {command line}
   size_t SoftMaxHeapSize                          = 4219469824                             {manageable} {ergonomic}
     bool UseCompressedOops                        = true                           {product lp64_product} {ergonomic}
     bool UseG1GC                                  = true                                      {product} {ergonomic}
     bool UseLargePagesIndividualAllocation        = false                                  {pd product} {ergonomic}

Logging:
Log output configuration:
 #0: stdout all=warning uptime,level,tags foldmultilines=false
 #1: stderr all=off uptime,level,tags foldmultilines=false

Environment Variables:
JAVA_HOME=C:\Program Files\Java\jdk-21
PATH=C:\Program Files\Common Files\Oracle\Java\javapath;C:\windows\system32;C:\windows;C:\windows\System32\Wbem;C:\windows\System32\WindowsPowerShell\v1.0\;C:\windows\System32\OpenSSH\;C:\Program Files\MySQL\MySQL Server 8.0\bin;C:\Program Files\MySQL\MySQL Server 8.0\bin;C:\Program Files\HP\HP One Agent;C:\SOFTWARE TESTING\apache-maven-3.9.6-bin\apache-maven-3.9.6\bin;C:\Program Files\Java\jdk-21;C:\SOFTWARE TESTING\apache-maven-3.9.6-bin\apache-maven-3.9.6\bin;C:\Program Files\Git\cmd;%ANDROID_HOME%\platform-tools;%ANDROID_HOME%\tools;%ANDROID_HOME%\tools\bin;C:\Users\shank\AppData\Local\Android\Sdk\platform-tools;C:\Windows\System32;C:\Program Files\nodejs\;C:\Users\shank\AppData\Roaming\npm;C:\windows;C:\windows\System32\Wbem;C:\windows\System32\WindowsPowerShell\v1.0\;C:\windows\System32\OpenSSH\;C:\Program Files\MySQL\MySQL Server 8.0\bin;C:\Program Files\MySQL\MySQL Server 8.0\bin;C:\Program Files\HP\HP One Agent;C:\SOFTWARE TESTING\apache-maven-3.9.6-bin\apache-maven-3.9.6\bin;C:\Program Files\Java\jdk-21;C:\SOFTWARE TESTING\apache-maven-3.9.6-bin\apache-maven-3.9.6\bin;C:\Program Files\Git\cmd;C:\Users\shank\AppData\Local\Android\Sdk\platform-tools;C:\Users\shank\AppData\Local\Android\Sdk\tools;C:\Users\shank\AppData\Local\Android\Sdk\tools\bin;C:\Users\shank\AppData\Local\Android\Sdk\platform-tools;C:\Program Files\nodejs\;C:\Program Files\MySQL\MySQL Shell 8.0\bin\;C:\Users\shank\AppData\Local\Microsoft\WindowsApps;C:\Users\shank\AppData\Local\Programs\Microsoft VS Code\bin;C:\Program Files\MySQL\MySQL Server 8.0\bin;C:\Program Files\nodejs\npm;C:\Windows\System32;C:\Users\shank\AppData\Roaming\npm
USERNAME=shank
OS=Windows_NT
PROCESSOR_IDENTIFIER=Intel64 Family 6 Model 186 Stepping 3, GenuineIntel
TMP=C:\Users\shank\AppData\Local\Temp
TEMP=C:\Users\shank\AppData\Local\Temp




Periodic native trim disabled

---------------  S Y S T E M  ---------------

OS:
 Windows 11 , 64 bit Build 22621 (10.0.22621.3374)
OS uptime: 0 days 2:31 hours
Hyper-V role detected

CPU: total 12 (initial active 12) (6 cores per cpu, 2 threads per core) family 6 model 186 stepping 3 microcode 0x410e, cx8, cmov, fxsr, ht, mmx, 3dnowpref, sse, sse2, sse3, ssse3, sse4.1, sse4.2, popcnt, lzcnt, tsc, tscinvbit, avx, avx2, aes, erms, clmul, bmi1, bmi2, adx, sha, fma, vzeroupper, clflush, clflushopt, clwb, hv, serialize, rdtscp, rdpid, fsrm, f16c, cet_ibt, cet_ss
Processor Information for processor 0
  Max Mhz: 1300, Current Mhz: 1300, Mhz Limit: 1300
Processor Information for processor 1
  Max Mhz: 1300, Current Mhz: 1300, Mhz Limit: 1300
Processor Information for processor 2
  Max Mhz: 1300, Current Mhz: 1300, Mhz Limit: 1300
Processor Information for processor 3
  Max Mhz: 1300, Current Mhz: 1300, Mhz Limit: 1300
Processor Information for processor 4
  Max Mhz: 1300, Current Mhz: 900, Mhz Limit: 897
Processor Information for processor 5
  Max Mhz: 1300, Current Mhz: 900, Mhz Limit: 897
Processor Information for processor 6
  Max Mhz: 1300, Current Mhz: 900, Mhz Limit: 897
Processor Information for processor 7
  Max Mhz: 1300, Current Mhz: 900, Mhz Limit: 897
Processor Information for processor 8
  Max Mhz: 1300, Current Mhz: 900, Mhz Limit: 897
Processor Information for processor 9
  Max Mhz: 1300, Current Mhz: 900, Mhz Limit: 897
Processor Information for processor 10
  Max Mhz: 1300, Current Mhz: 900, Mhz Limit: 897
Processor Information for processor 11
  Max Mhz: 1300, Current Mhz: 900, Mhz Limit: 897

Memory: 4k page, system-wide physical 16095M (2693M free)
TotalPageFile size 16095M (AvailPageFile size 3M)
current process WorkingSet (physical memory assigned to process): 33M, peak: 33M
current process commit charge ("private bytes"): 334M, peak: 335M

vm_info: Java HotSpot(TM) 64-Bit Server VM (21.0.2+13-LTS-58) for windows-amd64 JRE (21.0.2+13-LTS-58), built on 2024-01-05T18:32:24Z by "mach5one" with MS VC++ 17.1 (VS2022)

END.
